#
# A fatal error has been detected by the Java Runtime Environment:
#
#  EXCEPTION_ACCESS_VIOLATION (0xc0000005) at pc=0x000000006c4c2c16, pid=2144, tid=21684
#
# JRE version: Java(TM) SE Runtime Environment (8.0_20-b26) (build 1.8.0_20-b26)
# Java VM: Java HotSpot(TM) 64-Bit Server VM (25.20-b23 mixed mode windows-amd64 compressed oops)
# Problematic frame:
# V  [jvm.dll+0x4c2c16]
#
# Failed to write core dump. Minidumps are not enabled by default on client versions of Windows
#
# If you would like to submit a bug report, please visit:
#   http://bugreport.sun.com/bugreport/crash.jsp
#

---------------  T H R E A D  ---------------

Current thread (0x000000001b138000):  JavaThread "C2 CompilerThread1" daemon [_thread_in_native, id=21684, stack(0x000000001c550000,0x000000001c650000)]

siginfo: ExceptionCode=0xc0000005, reading address 0x0000000000000010

Registers:
RAX=0x0000000000000000, RBX=0x00000000217d65f0, RCX=0x00000000217d65f0, RDX=0x0000000022408ce0
RSP=0x000000001c64d150, RBP=0x00000000217d65f0, RSI=0x000000001c64e5b0, RDI=0x000000006c636888
R8 =0x00000000217d65f0, R9 =0x0000000000000002, R10=0x000000001b1629f0, R11=0x0000000000000000
R12=0x000000001c64db60, R13=0x0000000022408ce0, R14=0x00000000203d9ca0, R15=0x0000000000000000
RIP=0x000000006c4c2c16, EFLAGS=0x0000000000010246

Top of Stack: (sp=0x000000001c64d150)
0x000000001c64d150:   00000000222359c0 00000000217d65f0
0x000000001c64d160:   000000001de45fd8 000000001c64d410
0x000000001c64d170:   0000000000000018 00000000203d9960
0x000000001c64d180:   000000001c64d410 000000006c45ac1a
0x000000001c64d190:   00000000217d65f0 0000000000000003
0x000000001c64d1a0:   0000000000000003 000000006c636888
0x000000001c64d1b0:   000000001b1655a0 0000000000000001
0x000000001c64d1c0:   0000000088ca6c00 000000006c43a0b4
0x000000001c64d1d0:   00000000203d6ce0 000000006c4e39db
0x000000001c64d1e0:   0000000000000000 00000000203d9960
0x000000001c64d1f0:   0000000000000029 000000006c46fe69
0x000000001c64d200:   00000000203d6ce0 0000000000000003
0x000000001c64d210:   0000000000000000 000000002090f000
0x000000001c64d220:   0000000200000001 000000002090ee00
0x000000001c64d230:   0000000000000029 000000006c43a0b4
0x000000001c64d240:   0000000000000003 000000006c000000 

Instructions: (pc=0x000000006c4c2c16)
0x000000006c4c2bf6:   8b e1 49 8b c8 49 8b e8 4c 8b ea ff 50 28 44 8b
0x000000006c4c2c06:   48 10 41 83 f9 0e 7c 06 41 83 f9 14 7e 02 33 c0
0x000000006c4c2c16:   8b 48 10 48 89 5c 24 40 83 f9 10 0f 8c 03 01 00
0x000000006c4c2c26:   00 83 f9 12 0f 8f fa 00 00 00 80 78 32 00 0f 84 


Register to memory mapping:

RAX=0x0000000000000000 is an unknown value
RBX=0x00000000217d65f0 is an unknown value
RCX=0x00000000217d65f0 is an unknown value
RDX=0x0000000022408ce0 is an unknown value
RSP=0x000000001c64d150 is pointing into the stack for thread: 0x000000001b138000
RBP=0x00000000217d65f0 is an unknown value
RSI=0x000000001c64e5b0 is pointing into the stack for thread: 0x000000001b138000
RDI=0x000000006c636888 is an unknown value
R8 =0x00000000217d65f0 is an unknown value
R9 =0x0000000000000002 is an unknown value
R10=0x000000001b1629f0 is an unknown value
R11=0x0000000000000000 is an unknown value
R12=0x000000001c64db60 is pointing into the stack for thread: 0x000000001b138000
R13=0x0000000022408ce0 is an unknown value
R14=0x00000000203d9ca0 is an unknown value
R15=0x0000000000000000 is an unknown value


Stack: [0x000000001c550000,0x000000001c650000],  sp=0x000000001c64d150,  free space=1012k
Native frames: (J=compiled Java code, j=interpreted, Vv=VM code, C=native code)
V  [jvm.dll+0x4c2c16]
V  [jvm.dll+0x45ac1a]
V  [jvm.dll+0x4d8fd1]
V  [jvm.dll+0x4d9aef]
V  [jvm.dll+0x4d9e69]
V  [jvm.dll+0x4da3d6]
V  [jvm.dll+0x436ec1]
V  [jvm.dll+0x45b2c4]
V  [jvm.dll+0x4e0fd8]
V  [jvm.dll+0x4d9ae7]
V  [jvm.dll+0x4d9e69]
V  [jvm.dll+0x4da3d6]
V  [jvm.dll+0x436ec1]
V  [jvm.dll+0x45243b]
V  [jvm.dll+0x435fc2]
V  [jvm.dll+0x97b62]
V  [jvm.dll+0x98353]
V  [jvm.dll+0x22aac4]
V  [jvm.dll+0x283f5a]
C  [msvcr100.dll+0x21d9f]
C  [msvcr100.dll+0x21e3b]
C  [KERNEL32.DLL+0x13034]
C  [ntdll.dll+0x71431]


Current CompileTask:
C2:7693137 10791   !   4       sun.misc.URLClassPath$JarLoader::getResource (95 bytes)


---------------  P R O C E S S  ---------------

Java Threads: ( => current thread )
  0x0000000021f20800 JavaThread "Intermediate Collector" daemon [_thread_in_native, id=18040, stack(0x0000000026610000,0x0000000026710000)]
  0x0000000021f16800 JavaThread "rebel-IDENotificationsImpl-PostCycle" daemon [_thread_blocked, id=22684, stack(0x0000000026210000,0x0000000026310000)]
  0x0000000021f19000 JavaThread "DestroyJavaVM" [_thread_blocked, id=5876, stack(0x0000000002b40000,0x0000000002c40000)]
  0x0000000021f17800 JavaThread "http-nio-8085-AsyncTimeout" daemon [_thread_blocked, id=16988, stack(0x0000000025e10000,0x0000000025f10000)]
  0x0000000021f16000 JavaThread "http-nio-8085-Acceptor-0" daemon [_thread_in_native, id=20608, stack(0x0000000025d10000,0x0000000025e10000)]
  0x0000000021f18000 JavaThread "http-nio-8085-ClientPoller-1" daemon [_thread_in_native, id=22892, stack(0x0000000025c10000,0x0000000025d10000)]
  0x0000000021f1c800 JavaThread "http-nio-8085-ClientPoller-0" daemon [_thread_in_native, id=21740, stack(0x0000000025b10000,0x0000000025c10000)]
  0x000000001d6cd800 JavaThread "http-nio-8085-exec-10" daemon [_thread_blocked, id=12152, stack(0x0000000025a10000,0x0000000025b10000)]
  0x000000001b12b000 JavaThread "http-nio-8085-exec-9" daemon [_thread_blocked, id=25276, stack(0x0000000025910000,0x0000000025a10000)]
  0x00000000230ea800 JavaThread "http-nio-8085-exec-8" daemon [_thread_blocked, id=18712, stack(0x0000000025810000,0x0000000025910000)]
  0x00000000230ea000 JavaThread "http-nio-8085-exec-7" daemon [_thread_blocked, id=23400, stack(0x0000000025710000,0x0000000025810000)]
  0x00000000230e9000 JavaThread "http-nio-8085-exec-6" daemon [_thread_blocked, id=24844, stack(0x0000000025610000,0x0000000025710000)]
  0x00000000230e5800 JavaThread "http-nio-8085-exec-5" daemon [_thread_blocked, id=19492, stack(0x0000000025510000,0x0000000025610000)]
  0x00000000230e8800 JavaThread "http-nio-8085-exec-4" daemon [_thread_blocked, id=20928, stack(0x0000000025410000,0x0000000025510000)]
  0x00000000230e4800 JavaThread "http-nio-8085-exec-3" daemon [_thread_blocked, id=2476, stack(0x0000000025310000,0x0000000025410000)]
  0x00000000230e6000 JavaThread "http-nio-8085-exec-2" daemon [_thread_blocked, id=19856, stack(0x0000000025210000,0x0000000025310000)]
  0x00000000230e7800 JavaThread "http-nio-8085-exec-1" daemon [_thread_blocked, id=13572, stack(0x0000000025110000,0x0000000025210000)]
  0x00000000230e4000 JavaThread "NioBlockingSelector.BlockPoller-1" daemon [_thread_in_native, id=20316, stack(0x0000000024e40000,0x0000000024f40000)]
  0x000000001d6c5000 JavaThread "container-0" [_thread_blocked, id=23408, stack(0x0000000024030000,0x0000000024130000)]
  0x000000001d6cc000 JavaThread "ContainerBackgroundProcessor[StandardEngine[Tomcat]]" daemon [_thread_blocked, id=20892, stack(0x0000000022ea0000,0x0000000022fa0000)]
  0x000000001b121800 JavaThread "RMI TCP Accept-0" daemon [_thread_in_native, id=18340, stack(0x000000001ebf0000,0x000000001ecf0000)]
  0x000000001b120000 JavaThread "RMI TCP Accept-14779" daemon [_thread_in_native, id=21188, stack(0x000000001eaf0000,0x000000001ebf0000)]
  0x000000001b122000 JavaThread "RMI TCP Accept-0" daemon [_thread_in_native, id=19940, stack(0x000000001da20000,0x000000001db20000)]
  0x000000001b11d000 JavaThread "Service Thread" daemon [_thread_blocked, id=13256, stack(0x000000001c750000,0x000000001c850000)]
  0x000000001b138800 JavaThread "C1 CompilerThread2" daemon [_thread_in_native, id=23016, stack(0x000000001c650000,0x000000001c750000)]
=>0x000000001b138000 JavaThread "C2 CompilerThread1" daemon [_thread_in_native, id=21684, stack(0x000000001c550000,0x000000001c650000)]
  0x000000001b12c000 JavaThread "C2 CompilerThread0" daemon [_thread_in_native, id=21248, stack(0x000000001c450000,0x000000001c550000)]
  0x000000001b11f000 JavaThread "rebel-change-detector-thread" daemon [_thread_in_vm, id=7460, stack(0x000000001c250000,0x000000001c350000)]
  0x000000001b11e800 JavaThread "rebel-debugger-thread" daemon [_thread_blocked, id=14908, stack(0x000000001c150000,0x000000001c250000)]
  0x000000001ab64000 JavaThread "rebel-debugger-attach-notifier" daemon [_thread_blocked, id=17564, stack(0x000000001c050000,0x000000001c150000)]
  0x000000001ab63000 JavaThread "rebel-heartbeat-thread" daemon [_thread_blocked, id=19904, stack(0x000000001bf50000,0x000000001c050000)]
  0x000000001ab62800 JavaThread "rebel-redeploy-thread" daemon [_thread_blocked, id=6560, stack(0x000000001be50000,0x000000001bf50000)]
  0x000000001a9fd800 JavaThread "rebel-weak-reaper" daemon [_thread_blocked, id=18660, stack(0x000000001bb50000,0x000000001bc50000)]
  0x000000001aad2800 JavaThread "rebel-messaging-executor-24" daemon [_thread_blocked, id=13068, stack(0x000000001ba50000,0x000000001bb50000)]
  0x00000000193b9000 JavaThread "rebel-cache-writer" daemon [_thread_blocked, id=15516, stack(0x000000001b950000,0x000000001ba50000)]
  0x00000000193f8800 JavaThread "rebel-fsnotify-OutputReader" daemon [_thread_blocked, id=25432, stack(0x000000001b850000,0x000000001b950000)]
  0x000000001943d000 JavaThread "rebel-fsnotify-OutputReader" daemon [_thread_blocked, id=20024, stack(0x000000001b750000,0x000000001b850000)]
  0x00000000193f6000 JavaThread "rebel-fsnotify-ShutdownOnTermination" daemon [_thread_in_native, id=19348, stack(0x000000001b650000,0x000000001b750000)]
  0x000000001941c000 JavaThread "rebel-CacheKeepAlive" daemon [_thread_blocked, id=19784, stack(0x0000000019f80000,0x000000001a080000)]
  0x000000001932e000 JavaThread "rebel-logger" daemon [_thread_blocked, id=8316, stack(0x0000000019a80000,0x0000000019b80000)]
  0x0000000017987800 JavaThread "Attach Listener" daemon [_thread_blocked, id=9196, stack(0x0000000019180000,0x0000000019280000)]
  0x0000000017986800 JavaThread "Signal Dispatcher" daemon [_thread_blocked, id=21020, stack(0x0000000019080000,0x0000000019180000)]
  0x0000000017932000 JavaThread "Finalizer" daemon [_thread_blocked, id=24872, stack(0x0000000018b80000,0x0000000018c80000)]
  0x000000001792c800 JavaThread "Reference Handler" daemon [_thread_blocked, id=17728, stack(0x0000000018a80000,0x0000000018b80000)]

Other Threads:
  0x0000000017928000 VMThread [stack: 0x0000000018980000,0x0000000018a80000] [id=15396]
  0x000000001d2ee800 WatcherThread [stack: 0x000000001ecf0000,0x000000001edf0000] [id=23796]

VM state:not at safepoint (normal execution)

VM Mutex/Monitor currently owned by a thread: None

Heap:
 PSYoungGen      total 199168K, used 10992K [0x00000000d6000000, 0x00000000e3800000, 0x0000000100000000)
  eden space 189952K, 0% used [0x00000000d6000000,0x00000000d61c3810,0x00000000e1980000)
  from space 9216K, 99% used [0x00000000e2f00000,0x00000000e37f8a10,0x00000000e3800000)
  to   space 15360K, 0% used [0x00000000e1a00000,0x00000000e1a00000,0x00000000e2900000)
 ParOldGen       total 126976K, used 33319K [0x0000000082000000, 0x0000000089c00000, 0x00000000d6000000)
  object space 126976K, 26% used [0x0000000082000000,0x0000000084089e38,0x0000000089c00000)
 Metaspace       used 64724K, capacity 66154K, committed 66500K, reserved 1107968K
  class space    used 7520K, capacity 7924K, committed 7936K, reserved 1048576K

Card table byte_map: [0x0000000012200000,0x0000000012600000] byte_map_base: 0x0000000011df0000

Marking Bits: (ParMarkBitMap*) 0x000000006c7db460
 Begin Bits: [0x0000000012ca0000, 0x0000000014c20000)
 End Bits:   [0x0000000014c20000, 0x0000000016ba0000)

Polling page: 0x0000000000da0000

CodeCache: size=245760Kb used=16383Kb max_used=24691Kb free=229376Kb
 bounds [0x0000000002e40000, 0x0000000004680000, 0x0000000011e40000]
 total_blobs=7496 nmethods=6984 adapters=425
 compilation: enabled

Compilation events (10 events):
Event: 7690.440 Thread 0x000000001b12c000 nmethod 10668 0x000000000393e610 code [0x000000000393e780, 0x000000000393e9b8]
Event: 7690.471 Thread 0x000000001b138000 nmethod 10751 0x00000000038ad5d0 code [0x00000000038add80, 0x00000000038b2a10]
Event: 7690.475 Thread 0x000000001b12c000 10790       4       com.zeroturnaround.jrebelbase.facade.i::getCurrentVersionInternal (78 bytes)
Event: 7690.476 Thread 0x000000001b138000 10791   !   4       sun.misc.URLClassPath$JarLoader::getResource (95 bytes)
Event: 7690.481 Thread 0x000000001b138800 10794   !   3       org.springframework.core.type.classreading.AnnotationMetadataReadingVisitor::_jr$ldc3844 (6 bytes)
Event: 7690.488 Thread 0x000000001b138800 nmethod 10794 0x00000000044e43d0 code [0x00000000044e4520, 0x00000000044e4650]
Event: 7690.489 Thread 0x000000001b12c000 nmethod 10790 0x0000000003e4e2d0 code [0x0000000003e4e460, 0x0000000003e4e620]
Event: 7690.489 Thread 0x000000001b12c000 10796       4       java.util.zip.ZipCoder::getBytes (220 bytes)
Event: 7690.489 Thread 0x000000001b138800 10795       3       org.springframework.context.annotation.ConfigurationClass::isImported (18 bytes)
Event: 7690.489 Thread 0x000000001b138800 nmethod 10795 0x00000000042bdc50 code [0x00000000042bddc0, 0x00000000042be028]

GC Heap History (10 events):
Event: 8.623 GC heap before
{Heap before GC invocations=14 (full 2):
 PSYoungGen      total 94720K, used 93656K [0x00000000d6000000, 0x00000000de600000, 0x0000000100000000)
  eden space 83456K, 100% used [0x00000000d6000000,0x00000000db180000,0x00000000db180000)
  from space 11264K, 90% used [0x00000000db180000,0x00000000dbb76058,0x00000000dbc80000)
  to   space 11776K, 0% used [0x00000000dda80000,0x00000000dda80000,0x00000000de600000)
 ParOldGen       total 94720K, used 18783K [0x0000000082000000, 0x0000000087c80000, 0x00000000d6000000)
  object space 94720K, 19% used [0x0000000082000000,0x0000000083257e70,0x0000000087c80000)
 Metaspace       used 50569K, capacity 51804K, committed 51968K, reserved 1095680K
  class space    used 6016K, capacity 6395K, committed 6400K, reserved 1048576K
Event: 8.639 GC heap after
Heap after GC invocations=14 (full 2):
 PSYoungGen      total 123904K, used 11755K [0x00000000d6000000, 0x00000000de780000, 0x0000000100000000)
  eden space 112128K, 0% used [0x00000000d6000000,0x00000000d6000000,0x00000000dcd80000)
  from space 11776K, 99% used [0x00000000dda80000,0x00000000de5fadf0,0x00000000de600000)
  to   space 13312K, 0% used [0x00000000dcd80000,0x00000000dcd80000,0x00000000dda80000)
 ParOldGen       total 94720K, used 18949K [0x0000000082000000, 0x0000000087c80000, 0x00000000d6000000)
  object space 94720K, 20% used [0x0000000082000000,0x0000000083281668,0x0000000087c80000)
 Metaspace       used 50569K, capacity 51804K, committed 51968K, reserved 1095680K
  class space    used 6016K, capacity 6395K, committed 6400K, reserved 1048576K
}
Event: 10.415 GC heap before
{Heap before GC invocations=15 (full 2):
 PSYoungGen      total 123904K, used 123883K [0x00000000d6000000, 0x00000000de780000, 0x0000000100000000)
  eden space 112128K, 100% used [0x00000000d6000000,0x00000000dcd80000,0x00000000dcd80000)
  from space 11776K, 99% used [0x00000000dda80000,0x00000000de5fadf0,0x00000000de600000)
  to   space 13312K, 0% used [0x00000000dcd80000,0x00000000dcd80000,0x00000000dda80000)
 ParOldGen       total 94720K, used 18949K [0x0000000082000000, 0x0000000087c80000, 0x00000000d6000000)
  object space 94720K, 20% used [0x0000000082000000,0x0000000083281668,0x0000000087c80000)
 Metaspace       used 56171K, capacity 57388K, committed 57728K, reserved 1099776K
  class space    used 6586K, capacity 6947K, committed 7040K, reserved 1048576K
Event: 10.437 GC heap after
Heap after GC invocations=15 (full 2):
 PSYoungGen      total 125440K, used 13299K [0x00000000d6000000, 0x00000000e1180000, 0x0000000100000000)
  eden space 112128K, 0% used [0x00000000d6000000,0x00000000d6000000,0x00000000dcd80000)
  from space 13312K, 99% used [0x00000000dcd80000,0x00000000dda7cf90,0x00000000dda80000)
  to   space 16896K, 0% used [0x00000000e0100000,0x00000000e0100000,0x00000000e1180000)
 ParOldGen       total 94720K, used 24246K [0x0000000082000000, 0x0000000087c80000, 0x00000000d6000000)
  object space 94720K, 25% used [0x0000000082000000,0x00000000837adbc8,0x0000000087c80000)
 Metaspace       used 56171K, capacity 57388K, committed 57728K, reserved 1099776K
  class space    used 6586K, capacity 6947K, committed 7040K, reserved 1048576K
}
Event: 10.611 GC heap before
{Heap before GC invocations=16 (full 2):
 PSYoungGen      total 125440K, used 26962K [0x00000000d6000000, 0x00000000e1180000, 0x0000000100000000)
  eden space 112128K, 12% used [0x00000000d6000000,0x00000000d6d57c10,0x00000000dcd80000)
  from space 13312K, 99% used [0x00000000dcd80000,0x00000000dda7cf90,0x00000000dda80000)
  to   space 16896K, 0% used [0x00000000e0100000,0x00000000e0100000,0x00000000e1180000)
 ParOldGen       total 94720K, used 24246K [0x0000000082000000, 0x0000000087c80000, 0x00000000d6000000)
  object space 94720K, 25% used [0x0000000082000000,0x00000000837adbc8,0x0000000087c80000)
 Metaspace       used 58221K, capacity 59410K, committed 59716K, reserved 1101824K
  class space    used 6846K, capacity 7172K, committed 7296K, reserved 1048576K
Event: 10.625 GC heap after
Heap after GC invocations=16 (full 2):
 PSYoungGen      total 164864K, used 10484K [0x00000000d6000000, 0x00000000e1880000, 0x0000000100000000)
  eden space 147968K, 0% used [0x00000000d6000000,0x00000000d6000000,0x00000000df080000)
  from space 16896K, 62% used [0x00000000e0100000,0x00000000e0b3d350,0x00000000e1180000)
  to   space 16896K, 0% used [0x00000000df080000,0x00000000df080000,0x00000000e0100000)
 ParOldGen       total 94720K, used 28041K [0x0000000082000000, 0x0000000087c80000, 0x00000000d6000000)
  object space 94720K, 29% used [0x0000000082000000,0x0000000083b624f8,0x0000000087c80000)
 Metaspace       used 58221K, capacity 59410K, committed 59716K, reserved 1101824K
  class space    used 6846K, capacity 7172K, committed 7296K, reserved 1048576K
}
Event: 10.625 GC heap before
{Heap before GC invocations=17 (full 3):
 PSYoungGen      total 164864K, used 10484K [0x00000000d6000000, 0x00000000e1880000, 0x0000000100000000)
  eden space 147968K, 0% used [0x00000000d6000000,0x00000000d6000000,0x00000000df080000)
  from space 16896K, 62% used [0x00000000e0100000,0x00000000e0b3d350,0x00000000e1180000)
  to   space 16896K, 0% used [0x00000000df080000,0x00000000df080000,0x00000000e0100000)
 ParOldGen       total 94720K, used 28041K [0x0000000082000000, 0x0000000087c80000, 0x00000000d6000000)
  object space 94720K, 29% used [0x0000000082000000,0x0000000083b624f8,0x0000000087c80000)
 Metaspace       used 58221K, capacity 59410K, committed 59716K, reserved 1101824K
  class space    used 6846K, capacity 7172K, committed 7296K, reserved 1048576K
Event: 10.830 GC heap after
Heap after GC invocations=17 (full 3):
 PSYoungGen      total 164864K, used 0K [0x00000000d6000000, 0x00000000e1880000, 0x0000000100000000)
  eden space 147968K, 0% used [0x00000000d6000000,0x00000000d6000000,0x00000000df080000)
  from space 16896K, 0% used [0x00000000e0100000,0x00000000e0100000,0x00000000e1180000)
  to   space 16896K, 0% used [0x00000000df080000,0x00000000df080000,0x00000000e0100000)
 ParOldGen       total 126976K, used 33303K [0x0000000082000000, 0x0000000089c00000, 0x00000000d6000000)
  object space 126976K, 26% used [0x0000000082000000,0x0000000084085e38,0x0000000089c00000)
 Metaspace       used 58221K, capacity 59410K, committed 59716K, reserved 1101824K
  class space    used 6846K, capacity 7172K, committed 7296K, reserved 1048576K
}
Event: 12.311 GC heap before
{Heap before GC invocations=18 (full 3):
 PSYoungGen      total 164864K, used 147968K [0x00000000d6000000, 0x00000000e1880000, 0x0000000100000000)
  eden space 147968K, 100% used [0x00000000d6000000,0x00000000df080000,0x00000000df080000)
  from space 16896K, 0% used [0x00000000e0100000,0x00000000e0100000,0x00000000e1180000)
  to   space 16896K, 0% used [0x00000000df080000,0x00000000df080000,0x00000000e0100000)
 ParOldGen       total 126976K, used 33303K [0x0000000082000000, 0x0000000089c00000, 0x00000000d6000000)
  object space 126976K, 26% used [0x0000000082000000,0x0000000084085e38,0x0000000089c00000)
 Metaspace       used 62153K, capacity 63450K, committed 63684K, reserved 1105920K
  class space    used 7274K, capacity 7616K, committed 7680K, reserved 1048576K
Event: 12.327 GC heap after
Heap after GC invocations=18 (full 3):
 PSYoungGen      total 164864K, used 7927K [0x00000000d6000000, 0x00000000e3e80000, 0x0000000100000000)
  eden space 147968K, 0% used [0x00000000d6000000,0x00000000d6000000,0x00000000df080000)
  from space 16896K, 46% used [0x00000000df080000,0x00000000df83dcc0,0x00000000e0100000)
  to   space 15872K, 0% used [0x00000000e2f00000,0x00000000e2f00000,0x00000000e3e80000)
 ParOldGen       total 126976K, used 33311K [0x0000000082000000, 0x0000000089c00000, 0x00000000d6000000)
  object space 126976K, 26% used [0x0000000082000000,0x0000000084087e38,0x0000000089c00000)
 Metaspace       used 62153K, capacity 63450K, committed 63684K, reserved 1105920K
  class space    used 7274K, capacity 7616K, committed 7680K, reserved 1048576K
}

Deoptimization events (10 events):
Event: 5687.693 Thread 0x000000001aad2800 Uncommon trap: reason=array_check action=maybe_recompile pc=0x00000000030222c4 method=com.zeroturnaround.jrebelbase.facade.a.a([Ljava/lang/Object;I[Ljava/lang/Object;II)V @ 98
Event: 5688.013 Thread 0x000000001aad2800 Uncommon trap: reason=array_check action=maybe_recompile pc=0x00000000030222c4 method=com.zeroturnaround.jrebelbase.facade.a.a([Ljava/lang/Object;I[Ljava/lang/Object;II)V @ 98
Event: 7689.990 Thread 0x000000001943d000 Uncommon trap: reason=unreached action=reinterpret pc=0x000000000332481c method=com.zeroturnaround.jrebelbase.facade.ac.getIdentityHashCode(Ljava/lang/Object;)I @ 25
Event: 7690.101 Thread 0x000000001b11f000 Uncommon trap: reason=unreached action=reinterpret pc=0x0000000004405980 method=com.zeroturnaround.javarebel.guz.keySet()Ljava/util/Set; @ 6
Event: 7690.108 Thread 0x000000001b11f000 Uncommon trap: reason=unloaded action=reinterpret pc=0x0000000003e43cbc method=com.zeroturnaround.javarebel.wj.a(Lcom/zeroturnaround/javarebel/vf;Ljava/lang/String;)Lcom/zeroturnaround/javarebel/wj; @ 153
Event: 7690.109 Thread 0x000000001b11f000 Uncommon trap: reason=null_check action=make_not_entrant pc=0x0000000003a2a264 method=com.zeroturnaround.jrebelbase.facade.h.convertArgument(Ljava/lang/Object;Ljava/lang/Class;)Ljava/lang/Object; @ 16
Event: 7690.174 Thread 0x000000001b11f000 Uncommon trap: reason=class_check action=maybe_recompile pc=0x000000000397c190 method=java.lang.reflect.Array.newInstance(Ljava/lang/Class;I)Ljava/lang/Object; @ 2
Event: 7690.174 Thread 0x000000001b11f000 Uncommon trap: reason=class_check action=maybe_recompile pc=0x000000000397c190 method=java.lang.reflect.Array.newInstance(Ljava/lang/Class;I)Ljava/lang/Object; @ 2
Event: 7690.174 Thread 0x000000001b11f000 Uncommon trap: reason=class_check action=maybe_recompile pc=0x000000000397c190 method=java.lang.reflect.Array.newInstance(Ljava/lang/Class;I)Ljava/lang/Object; @ 2
Event: 7690.174 Thread 0x000000001b11f000 Uncommon trap: reason=class_check action=maybe_recompile pc=0x000000000397c190 method=java.lang.reflect.Array.newInstance(Ljava/lang/Class;I)Ljava/lang/Object; @ 2

Internal exceptions (10 events):
Event: 7690.104 Thread 0x000000001b11f000 Exception <a 'java/lang/ClassNotFoundException': com/ibm/rmi/io/ObjectStreamClass$ObjectStreamClassCache$ClassToOSCCache> (0x00000000de97e468) thrown at [D:\re\workspace\8-2-build-windows-amd64-cygwin\jdk8u20\1074\hotspot\src\share\vm\classfile\systemDictiê»«½
¾@
Event: 7690.108 Thread 0x000000001b11f000 Exception <a 'java/security/PrivilegedActionException'> (0x00000000de982d80) thrown at [D:\re\workspace\8-2-build-windows-amd64-cygwin\jdk8u20\1074\hotspot\src\share\vm\prims\jvm.cpp, line 1275]
Event: 7690.139 Thread 0x000000001b11f000 Exception <a 'java/security/PrivilegedActionException'> (0x00000000deb79450) thrown at [D:\re\workspace\8-2-build-windows-amd64-cygwin\jdk8u20\1074\hotspot\src\share\vm\prims\jvm.cpp, line 1275]
Event: 7690.140 Thread 0x000000001b11f000 Exception <a 'java/security/PrivilegedActionException'> (0x00000000deb7e910) thrown at [D:\re\workspace\8-2-build-windows-amd64-cygwin\jdk8u20\1074\hotspot\src\share\vm\prims\jvm.cpp, line 1275]
Event: 7690.140 Thread 0x000000001b11f000 Exception <a 'java/security/PrivilegedActionException'> (0x00000000deb7f2f0) thrown at [D:\re\workspace\8-2-build-windows-amd64-cygwin\jdk8u20\1074\hotspot\src\share\vm\prims\jvm.cpp, line 1275]
Event: 7690.140 Thread 0x000000001b11f000 Exception <a 'java/security/PrivilegedActionException'> (0x00000000deb84888) thrown at [D:\re\workspace\8-2-build-windows-amd64-cygwin\jdk8u20\1074\hotspot\src\share\vm\prims\jvm.cpp, line 1275]
Event: 7690.194 Thread 0x000000001b11f000 Exception <a 'java/security/PrivilegedActionException'> (0x00000000ded49310) thrown at [D:\re\workspace\8-2-build-windows-amd64-cygwin\jdk8u20\1074\hotspot\src\share\vm\prims\jvm.cpp, line 1275]
Event: 7690.195 Thread 0x000000001b11f000 Exception <a 'java/security/PrivilegedActionException'> (0x00000000ded4e7c8) thrown at [D:\re\workspace\8-2-build-windows-amd64-cygwin\jdk8u20\1074\hotspot\src\share\vm\prims\jvm.cpp, line 1275]
Event: 7690.195 Thread 0x000000001b11f000 Exception <a 'java/security/PrivilegedActionException'> (0x00000000ded4f1a8) thrown at [D:\re\workspace\8-2-build-windows-amd64-cygwin\jdk8u20\1074\hotspot\src\share\vm\prims\jvm.cpp, line 1275]
Event: 7690.195 Thread 0x000000001b11f000 Exception <a 'java/security/PrivilegedActionException'> (0x00000000ded54778) thrown at [D:\re\workspace\8-2-build-windows-amd64-cygwin\jdk8u20\1074\hotspot\src\share\vm\prims\jvm.cpp, line 1275]

Events (10 events):
Event: 7690.202 loading class com/zeroturnaround/javarebel/gzf done
Event: 7690.251 Thread 0x000000001b11f000 DEOPT PACKING pc=0x000000000315c2a1 sp=0x000000001c34dc10
Event: 7690.251 Thread 0x000000001b11f000 DEOPT UNPACKING pc=0x0000000002e875bf sp=0x000000001c34d950 mode 0
Event: 7690.393 loading class com/zeroturnaround/javarebel/gzg
Event: 7690.441 Thread 0x000000001b12c000 flushing nmethod 0x00000000030aabd0
Event: 7690.470 loading class com/zeroturnaround/javarebel/gzg done
Event: 7690.473 Executing VM operation: Deoptimize
Event: 7690.474 Executing VM operation: Deoptimize done
Event: 7690.475 loading class com/zeroturnaround/javarebel/gwf
Event: 7690.489 Thread 0x000000001b138800 flushing nmethod 0x00000000032bbb10


Dynamic libraries:
0x00007ff7434d0000 - 0x00007ff743504000 	C:\Program Files\Java\jdk1.8.0_20\jre\bin\javaw.exe
0x00007fff04530000 - 0x00007fff04711000 	C:\WINDOWS\SYSTEM32\ntdll.dll
0x00007fff04440000 - 0x00007fff044f2000 	C:\WINDOWS\System32\KERNEL32.DLL
0x00007fff00dc0000 - 0x00007fff01033000 	C:\WINDOWS\System32\KERNELBASE.dll
0x00007fff03e60000 - 0x00007fff03f01000 	C:\WINDOWS\System32\ADVAPI32.dll
0x00007fff037f0000 - 0x00007fff0388e000 	C:\WINDOWS\System32\msvcrt.dll
0x00007fff043e0000 - 0x00007fff0443b000 	C:\WINDOWS\System32\sechost.dll
0x00007fff019c0000 - 0x00007fff01ae4000 	C:\WINDOWS\System32\RPCRT4.dll
0x00007fff040f0000 - 0x00007fff04280000 	C:\WINDOWS\System32\USER32.dll
0x00007fff00900000 - 0x00007fff00920000 	C:\WINDOWS\System32\win32u.dll
0x00007fff04010000 - 0x00007fff04038000 	C:\WINDOWS\System32\GDI32.dll
0x00007fff00a80000 - 0x00007fff00c12000 	C:\WINDOWS\System32\gdi32full.dll
0x00007fff00c20000 - 0x00007fff00cbf000 	C:\WINDOWS\System32\msvcp_win.dll
0x00007fff00cc0000 - 0x00007fff00dba000 	C:\WINDOWS\System32\ucrtbase.dll
0x00007ffef4970000 - 0x00007ffef4bd9000 	C:\WINDOWS\WinSxS\amd64_microsoft.windows.common-controls_6595b64144ccf1df_6.0.17134.165_none_fb429645306569ac\COMCTL32.dll
0x00007fff03aa0000 - 0x00007fff03dc3000 	C:\WINDOWS\System32\combase.dll
0x00007fff01230000 - 0x00007fff012aa000 	C:\WINDOWS\System32\bcryptPrimitives.dll
0x00007fff03e30000 - 0x00007fff03e5d000 	C:\WINDOWS\System32\IMM32.DLL
0x000000006d760000 - 0x000000006d832000 	C:\Program Files\Java\jdk1.8.0_20\jre\bin\msvcr100.dll
0x000000006c000000 - 0x000000006c858000 	C:\Program Files\Java\jdk1.8.0_20\jre\bin\server\jvm.dll
0x00007fff01af0000 - 0x00007fff01af8000 	C:\WINDOWS\System32\PSAPI.DLL
0x00007ffefb7c0000 - 0x00007ffefb7c9000 	C:\WINDOWS\SYSTEM32\WSOCK32.dll
0x00007ffef8820000 - 0x00007ffef8843000 	C:\WINDOWS\SYSTEM32\WINMM.dll
0x00007fff03a30000 - 0x00007fff03a9c000 	C:\WINDOWS\System32\WS2_32.dll
0x00007ffef87f0000 - 0x00007ffef881a000 	C:\WINDOWS\SYSTEM32\winmmbase.dll
0x00007fff00980000 - 0x00007fff009c9000 	C:\WINDOWS\System32\cfgmgr32.dll
0x000000006d750000 - 0x000000006d75f000 	C:\Program Files\Java\jdk1.8.0_20\jre\bin\verify.dll
0x000000006d720000 - 0x000000006d748000 	C:\Program Files\Java\jdk1.8.0_20\jre\bin\java.dll
0x00007ffef9a20000 - 0x00007ffef9a59000 	C:\fframe\eclipse\plugins\org.zeroturnaround.eclipse.embedder_2018.1.2.RELEASE\jrebel\lib\jrebel64.dll
0x00007fff01dc0000 - 0x00007fff03200000 	C:\WINDOWS\System32\SHELL32.dll
0x00007fff04040000 - 0x00007fff040e9000 	C:\WINDOWS\System32\shcore.dll
0x00007fff012b0000 - 0x00007fff019bd000 	C:\WINDOWS\System32\windows.storage.dll
0x00007fff04280000 - 0x00007fff042d1000 	C:\WINDOWS\System32\shlwapi.dll
0x00007fff008e0000 - 0x00007fff008f1000 	C:\WINDOWS\System32\kernel.appcore.dll
0x00007fff008c0000 - 0x00007fff008df000 	C:\WINDOWS\System32\profapi.dll
0x00007fff00850000 - 0x00007fff0089c000 	C:\WINDOWS\System32\powrprof.dll
0x00007fff00840000 - 0x00007fff0084a000 	C:\WINDOWS\System32\FLTLIB.DLL
0x00007fff00270000 - 0x00007fff0027b000 	C:\WINDOWS\SYSTEM32\CRYPTBASE.DLL
0x000000006d700000 - 0x000000006d716000 	C:\Program Files\Java\jdk1.8.0_20\jre\bin\zip.dll
0x000000006d6f0000 - 0x000000006d6fd000 	C:\Program Files\Java\jdk1.8.0_20\jre\bin\management.dll
0x000000006d6d0000 - 0x000000006d6ea000 	C:\Program Files\Java\jdk1.8.0_20\jre\bin\net.dll
0x00007fff000c0000 - 0x00007fff00126000 	C:\WINDOWS\system32\mswsock.dll
0x000000006d6b0000 - 0x000000006d6c1000 	C:\Program Files\Java\jdk1.8.0_20\jre\bin\nio.dll
0x000000006d680000 - 0x000000006d6a4000 	C:\Program Files\Java\jdk1.8.0_20\jre\bin\sunec.dll
0x00007ffefcf40000 - 0x00007ffefcf5b000 	C:\Users\psh000\AppData\Local\Temp\jrebel-temp\ver-29d5df4e\IdeaWin64.dll
0x000000006d670000 - 0x000000006d67b000 	C:\Program Files\Java\jdk1.8.0_20\jre\bin\sunmscapi.dll
0x00007fff01040000 - 0x00007fff01222000 	C:\WINDOWS\System32\CRYPT32.dll
0x00007fff008a0000 - 0x00007fff008b2000 	C:\WINDOWS\System32\MSASN1.dll
0x00007fff00280000 - 0x00007fff00297000 	C:\WINDOWS\SYSTEM32\CRYPTSP.dll
0x00007ffeffca0000 - 0x00007ffeffcd3000 	C:\WINDOWS\system32\rsaenh.dll
0x00007fff003a0000 - 0x00007fff003c5000 	C:\WINDOWS\SYSTEM32\bcrypt.dll
0x00007fff00740000 - 0x00007fff00768000 	C:\WINDOWS\SYSTEM32\USERENV.dll
0x00007ffeffe40000 - 0x00007ffeffe78000 	C:\WINDOWS\SYSTEM32\IPHLPAPI.DLL
0x00007fff043d0000 - 0x00007fff043d8000 	C:\WINDOWS\System32\NSI.dll
0x00007ffefa610000 - 0x00007ffefa626000 	C:\WINDOWS\SYSTEM32\dhcpcsvc6.DLL
0x00007ffefa740000 - 0x00007ffefa75a000 	C:\WINDOWS\SYSTEM32\dhcpcsvc.DLL
0x00007ffef1de0000 - 0x00007ffef1df6000 	C:\WINDOWS\system32\napinsp.dll
0x00007ffef1dc0000 - 0x00007ffef1dda000 	C:\WINDOWS\system32\pnrpnsp.dll
0x00007ffefce00000 - 0x00007ffefce19000 	C:\WINDOWS\system32\NLAapi.dll
0x00007ffeffe80000 - 0x00007ffefff3e000 	C:\WINDOWS\SYSTEM32\DNSAPI.dll
0x00007ffef1db0000 - 0x00007ffef1dbe000 	C:\WINDOWS\System32\winrnr.dll
0x00007ffef9000000 - 0x00007ffef900a000 	C:\Windows\System32\rasadhlp.dll
0x00007ffef9170000 - 0x00007ffef91e2000 	C:\WINDOWS\System32\fwpuclnt.dll
0x00007ffeff050000 - 0x00007ffeff219000 	C:\WINDOWS\SYSTEM32\dbghelp.dll

VM Arguments:
jvm_args: -Dcom.sun.management.jmxremote -Dcom.sun.management.jmxremote.port=14779 -Dcom.sun.management.jmxremote.authenticate=false -Dcom.sun.management.jmxremote.ssl=false -Djava.rmi.server.hostname=localhost -Dspring.liveBeansView.mbeanDomain -Dspring.application.admin.enabled=true -Drebel.base=C:\Users\psh000\.jrebel -Drebel.env.ide.plugin.version=2018.1.2 -Drebel.env.ide.version=4.6.3 -Drebel.env.ide.product=Eclipse -Drebel.env.ide=eclipse -Drebel.notification.url=http://localhost:17434 -Drebel.workspace.path=C:\fframe\workspace -Drebel.properties=C:\Users\psh000\.jrebel\jrebel.properties -agentpath:C:\fframe\eclipse\plugins\org.zeroturnaround.eclipse.embedder_2018.1.2.RELEASE\jrebel\lib\jrebel64.dll -Dfile.encoding=UTF-8 
java_command: net.pmosoft.subtitle.SubtitlestudyApplication
java_class_path (initial): C:\fframe\workspace\subtitlestudy\target\classes;C:\fframe\maven\repository\org\springframework\boot\spring-boot-starter-web\1.5.4.RELEASE\spring-boot-starter-web-1.5.4.RELEASE.jar;C:\fframe\maven\repository\org\springframework\boot\spring-boot-starter\1.5.4.RELEASE\spring-boot-starter-1.5.4.RELEASE.jar;C:\fframe\maven\repository\org\springframework\boot\spring-boot\1.5.4.RELEASE\spring-boot-1.5.4.RELEASE.jar;C:\fframe\maven\repository\org\springframework\boot\spring-boot-autoconfigure\1.5.4.RELEASE\spring-boot-autoconfigure-1.5.4.RELEASE.jar;C:\fframe\maven\repository\org\springframework\boot\spring-boot-starter-logging\1.5.4.RELEASE\spring-boot-starter-logging-1.5.4.RELEASE.jar;C:\fframe\maven\repository\ch\qos\logback\logback-classic\1.1.11\logback-classic-1.1.11.jar;C:\fframe\maven\repository\ch\qos\logback\logback-core\1.1.11\logback-core-1.1.11.jar;C:\fframe\maven\repository\org\slf4j\jcl-over-slf4j\1.7.25\jcl-over-slf4j-1.7.25.jar;C:\fframe\maven\repository\org\slf4j\jul-to-slf4j\1.7.25\jul-to-slf4j-1.7.25.jar;C:\fframe\maven\repository\org\slf4j\log4j-over-slf4j\1.7.25\log4j-over-slf4j-1.7.25.jar;C:\fframe\maven\repository\org\yaml\snakeyaml\1.17\snakeyaml-1.17.jar;C:\fframe\maven\repository\org\springframework\boot\spring-boot-starter-tomcat\1.5.4.RELEASE\spring-boot-starter-tomcat-1.5.4.RELEASE.jar;C:\fframe\maven\repository\org\apache\tomcat\embed\tomcat-embed-core\8.5.15\tomcat-embed-core-8.5.15.jar;C:\fframe\maven\repository\org\apache\tomcat\embed\tomcat-embed-websocket\8.5.15\tomcat-embed-websocket-8.5.15.jar;C:\fframe\maven\repository\org\hibernate\hibernate-validator\5.3.5.Final\hibernate-validator-5.3.5.Final.jar;C:\fframe\maven\repository\javax\validation\validation-api\1.1.0.Final\validation-api-1.1.0.Final.jar;C:\fframe\maven\repository\org\jboss\logging\jboss-logging\3.3.1.Final\jboss-logging-3.3.1.Final.jar;C:\fframe\maven\repository\com\fasterxml\classmate\1.3.3\classmate-1.3.3.jar;C:\fframe\maven\repository\com\f
Launcher Type: SUN_STANDARD

Environment Variables:
PATH=C:/Program Files/Java/jre1.8.0_171/bin/server;C:/Program Files/Java/jre1.8.0_171/bin;C:/Program Files/Java/jre1.8.0_171/lib/amd64;C:\Program Files (x86)\Common Files\Oracle\Java\javapath;C:\ProgramData\Oracle\Java\javapath;C:\Windows\system32;C:\Windows;C:\Windows\System32\Wbem;C:\Windows\System32\WindowsPowerShell\v1.0\;C:\Program Files (x86)\NVIDIA Corporation\PhysX\Common;C:\WINDOWS\system32;C:\WINDOWS;C:\WINDOWS\System32\Wbem;C:\WINDOWS\System32\WindowsPowerShell\v1.0\;C:\Program Files (x86)\IDM Computer Solutions\UltraEdit-32;C:\fframe\Sencha\Cmd\;C:\Program Files\nodejs\;C:\WINDOWS\System32\OpenSSH\;C:\Program Files\Microsoft VS Code\bin;C:\Users\psh000\AppData\Local\Microsoft\WindowsApps;C:\Users\psh000\AppData\Roaming\npm;C:\Users\psh000\AppData\Local\Microsoft\WindowsApps;C:\Program Files\Microsoft VS Code\bin;c:\fframe\eclipse;
USERNAME=psh000
OS=Windows_NT
PROCESSOR_IDENTIFIER=Intel64 Family 6 Model 142 Stepping 9, GenuineIntel



---------------  S Y S T E M  ---------------

OS: Windows 8.1 , 64 bit Build 9600 

CPU:total 4 (2 cores per cpu, 2 threads per core) family 6 model 142 stepping 9, cmov, cx8, fxsr, mmx, sse, sse2, sse3, ssse3, sse4.1, sse4.2, popcnt, avx, avx2, aes, clmul, erms, lzcnt, ht, tsc, tscinvbit, bmi1, bmi2

Memory: 4k page, physical 8251788k(2867528k free), swap 21358988k(13733928k free)

vm_info: Java HotSpot(TM) 64-Bit Server VM (25.20-b23) for windows-amd64 JRE (1.8.0_20-b26), built on Jul 30 2014 13:51:23 by "java_re" with MS VC++ 10.0 (VS2010)

time: Sat Aug 11 11:11:29 2018
elapsed time: 7690 seconds (0d 2h 8m 10s)

