#
# A fatal error has been detected by the Java Runtime Environment:
#
#  EXCEPTION_ACCESS_VIOLATION (0xc0000005) at pc=0x000000006c322c16, pid=35576, tid=29924
#
# JRE version: Java(TM) SE Runtime Environment (8.0_20-b26) (build 1.8.0_20-b26)
# Java VM: Java HotSpot(TM) 64-Bit Server VM (25.20-b23 mixed mode windows-amd64 compressed oops)
# Problematic frame:
# V  [jvm.dll+0x4c2c16]
#
# Failed to write core dump. Minidumps are not enabled by default on client versions of Windows
#
# If you would like to submit a bug report, please visit:
#   http://bugreport.sun.com/bugreport/crash.jsp
#

---------------  T H R E A D  ---------------

Current thread (0x000000001ae4f000):  JavaThread "C2 CompilerThread1" daemon [_thread_in_native, id=29924, stack(0x000000001c410000,0x000000001c510000)]

siginfo: ExceptionCode=0xc0000005, reading address 0x0000000000000010

Registers:
RAX=0x0000000000000000, RBX=0x000000001d5d1fa0, RCX=0x000000001d5d1fa0, RDX=0x000000001fe9fb20
RSP=0x000000001c50d280, RBP=0x000000001d5d1fa0, RSI=0x000000001c50e6e0, RDI=0x000000006c496888
R8 =0x000000001d5d1fa0, R9 =0x0000000000000002, R10=0x000000001af1c9d0, R11=0x0000000000000000
R12=0x000000001c50dc90, R13=0x000000001fe9fb20, R14=0x000000001afbd320, R15=0x0000000000000000
RIP=0x000000006c322c16, EFLAGS=0x0000000000010246

Top of Stack: (sp=0x000000001c50d280)
0x000000001c50d280:   000000001d6427e0 000000001d5d1fa0
0x000000001c50d290:   000000001afbd610 000000001c50d540
0x000000001c50d2a0:   0000000000000018 000000001afbcfe0
0x000000001c50d2b0:   000000001c50d540 000000006c2bac1a
0x000000001c50d2c0:   000000001d5d1fa0 0000000000000003
0x000000001c50d2d0:   0000000000000003 000000006c496888
0x000000001c50d2e0:   000000001af1f5e0 0000000000000001
0x000000001c50d2f0:   0000000088ca6c00 000000006c29a0b4
0x000000001c50d300:   000000001afba4c0 000000006c3439db
0x000000001c50d310:   0000000000000000 000000001afbcfe0
0x000000001c50d320:   0000000000000029 000000006c2cfe69
0x000000001c50d330:   000000001afba4c0 0000000000000003
0x000000001c50d340:   0000000000000000 0000000020949fa0
0x000000001c50d350:   0000000200000001 0000000020949da0
0x000000001c50d360:   0000000000000029 000000006c29a0b4
0x000000001c50d370:   0000000000000003 000000006be60000 

Instructions: (pc=0x000000006c322c16)
0x000000006c322bf6:   8b e1 49 8b c8 49 8b e8 4c 8b ea ff 50 28 44 8b
0x000000006c322c06:   48 10 41 83 f9 0e 7c 06 41 83 f9 14 7e 02 33 c0
0x000000006c322c16:   8b 48 10 48 89 5c 24 40 83 f9 10 0f 8c 03 01 00
0x000000006c322c26:   00 83 f9 12 0f 8f fa 00 00 00 80 78 32 00 0f 84 


Register to memory mapping:

RAX=0x0000000000000000 is an unknown value
RBX=0x000000001d5d1fa0 is an unknown value
RCX=0x000000001d5d1fa0 is an unknown value
RDX=0x000000001fe9fb20 is an unknown value
RSP=0x000000001c50d280 is pointing into the stack for thread: 0x000000001ae4f000
RBP=0x000000001d5d1fa0 is an unknown value
RSI=0x000000001c50e6e0 is pointing into the stack for thread: 0x000000001ae4f000
RDI=0x000000006c496888 is an unknown value
R8 =0x000000001d5d1fa0 is an unknown value
R9 =0x0000000000000002 is an unknown value
R10=0x000000001af1c9d0 is an unknown value
R11=0x0000000000000000 is an unknown value
R12=0x000000001c50dc90 is pointing into the stack for thread: 0x000000001ae4f000
R13=0x000000001fe9fb20 is an unknown value
R14=0x000000001afbd320 is an unknown value
R15=0x0000000000000000 is an unknown value


Stack: [0x000000001c410000,0x000000001c510000],  sp=0x000000001c50d280,  free space=1012k
Native frames: (J=compiled Java code, j=interpreted, Vv=VM code, C=native code)
V  [jvm.dll+0x4c2c16]
V  [jvm.dll+0x45ac1a]
V  [jvm.dll+0x4d8fd1]
V  [jvm.dll+0x4d9aef]
V  [jvm.dll+0x4d9e69]
V  [jvm.dll+0x4da3d6]
V  [jvm.dll+0x436ec1]
V  [jvm.dll+0x45b2c4]
V  [jvm.dll+0x4e0fd8]
V  [jvm.dll+0x4d9ae7]
V  [jvm.dll+0x4d9e69]
V  [jvm.dll+0x4da3d6]
V  [jvm.dll+0x436ec1]
V  [jvm.dll+0x45243b]
V  [jvm.dll+0x435fc2]
V  [jvm.dll+0x97b62]
V  [jvm.dll+0x98353]
V  [jvm.dll+0x22aac4]
V  [jvm.dll+0x283f5a]
C  [msvcr100.dll+0x21d9f]
C  [msvcr100.dll+0x21e3b]
C  [KERNEL32.DLL+0x13034]
C  [ntdll.dll+0x71431]


Current CompileTask:
C2:  36061 8655   !   4       sun.misc.URLClassPath$JarLoader::getResource (95 bytes)


---------------  P R O C E S S  ---------------

Java Threads: ( => current thread )
  0x000000002099d000 JavaThread "DestroyJavaVM" [_thread_blocked, id=24884, stack(0x00000000028e0000,0x00000000029e0000)]
  0x00000000209a1800 JavaThread "http-nio-8085-AsyncTimeout" daemon [_thread_blocked, id=5732, stack(0x0000000025970000,0x0000000025a70000)]
  0x00000000209a4000 JavaThread "http-nio-8085-Acceptor-0" daemon [_thread_in_native, id=40388, stack(0x0000000025870000,0x0000000025970000)]
  0x00000000209a0800 JavaThread "http-nio-8085-ClientPoller-1" daemon [_thread_in_native, id=40384, stack(0x0000000025770000,0x0000000025870000)]
  0x00000000209a3000 JavaThread "http-nio-8085-ClientPoller-0" daemon [_thread_in_native, id=22512, stack(0x0000000025670000,0x0000000025770000)]
  0x000000002099d800 JavaThread "http-nio-8085-exec-10" daemon [_thread_blocked, id=31888, stack(0x0000000025570000,0x0000000025670000)]
  0x00000000209a0000 JavaThread "http-nio-8085-exec-9" daemon [_thread_blocked, id=19544, stack(0x0000000025470000,0x0000000025570000)]
  0x000000002099f000 JavaThread "http-nio-8085-exec-8" daemon [_thread_blocked, id=24940, stack(0x0000000025370000,0x0000000025470000)]
  0x0000000021745000 JavaThread "http-nio-8085-exec-7" daemon [_thread_blocked, id=16184, stack(0x0000000025270000,0x0000000025370000)]
  0x0000000021743800 JavaThread "http-nio-8085-exec-6" daemon [_thread_blocked, id=38448, stack(0x0000000025170000,0x0000000025270000)]
  0x0000000022302800 JavaThread "http-nio-8085-exec-5" daemon [_thread_blocked, id=4328, stack(0x0000000025070000,0x0000000025170000)]
  0x0000000022309000 JavaThread "http-nio-8085-exec-4" daemon [_thread_blocked, id=39240, stack(0x0000000024f70000,0x0000000025070000)]
  0x0000000022308800 JavaThread "http-nio-8085-exec-3" daemon [_thread_blocked, id=41464, stack(0x0000000024e70000,0x0000000024f70000)]
  0x0000000022307000 JavaThread "http-nio-8085-exec-2" daemon [_thread_blocked, id=24116, stack(0x0000000024d70000,0x0000000024e70000)]
  0x0000000022305800 JavaThread "http-nio-8085-exec-1" daemon [_thread_blocked, id=43580, stack(0x0000000024c70000,0x0000000024d70000)]
  0x00000000222fb000 JavaThread "NioBlockingSelector.BlockPoller-1" daemon [_thread_in_native, id=40664, stack(0x0000000024b70000,0x0000000024c70000)]
  0x0000000021742000 JavaThread "container-0" [_thread_blocked, id=42156, stack(0x0000000022eb0000,0x0000000022fb0000)]
  0x0000000021740000 JavaThread "ContainerBackgroundProcessor[StandardEngine[Tomcat]]" daemon [_thread_blocked, id=42904, stack(0x0000000022db0000,0x0000000022eb0000)]
  0x000000001ce1c000 JavaThread "RMI TCP Accept-0" daemon [_thread_in_native, id=12700, stack(0x000000001dae0000,0x000000001dbe0000)]
  0x000000001aa3b000 JavaThread "RMI TCP Accept-1735" daemon [_thread_in_native, id=17360, stack(0x000000001d9e0000,0x000000001dae0000)]
  0x000000001aa37000 JavaThread "RMI TCP Accept-0" daemon [_thread_in_native, id=34724, stack(0x000000001d8e0000,0x000000001d9e0000)]
  0x000000001aa3a000 JavaThread "Service Thread" daemon [_thread_blocked, id=41952, stack(0x000000001c610000,0x000000001c710000)]
  0x000000001aeeb000 JavaThread "C1 CompilerThread2" daemon [_thread_in_vm, id=36884, stack(0x000000001c510000,0x000000001c610000)]
=>0x000000001ae4f000 JavaThread "C2 CompilerThread1" daemon [_thread_in_native, id=29924, stack(0x000000001c410000,0x000000001c510000)]
  0x000000001ae4e000 JavaThread "C2 CompilerThread0" daemon [_thread_in_native, id=18540, stack(0x000000001c310000,0x000000001c410000)]
  0x000000001aa3c800 JavaThread "rebel-change-detector-thread" daemon [_thread_in_Java, id=200, stack(0x000000001c210000,0x000000001c310000)]
  0x000000001aa3b800 JavaThread "rebel-debugger-thread" daemon [_thread_blocked, id=30356, stack(0x000000001c110000,0x000000001c210000)]
  0x000000001aa38000 JavaThread "rebel-debugger-attach-notifier" daemon [_thread_blocked, id=29756, stack(0x000000001c010000,0x000000001c110000)]
  0x000000001aa39800 JavaThread "rebel-heartbeat-thread" daemon [_thread_blocked, id=35820, stack(0x000000001bf10000,0x000000001c010000)]
  0x000000001aa36800 JavaThread "rebel-redeploy-thread" daemon [_thread_blocked, id=20972, stack(0x000000001be10000,0x000000001bf10000)]
  0x000000001a7da800 JavaThread "rebel-weak-reaper" daemon [_thread_blocked, id=20648, stack(0x000000001b910000,0x000000001ba10000)]
  0x000000001a8b2800 JavaThread "rebel-messaging-executor-24" daemon [_thread_blocked, id=36288, stack(0x000000001b810000,0x000000001b910000)]
  0x0000000019170000 JavaThread "rebel-cache-writer" daemon [_thread_blocked, id=16288, stack(0x000000001b710000,0x000000001b810000)]
  0x000000001936e800 JavaThread "rebel-fsnotify-OutputReader" daemon [_thread_blocked, id=30332, stack(0x000000001b610000,0x000000001b710000)]
  0x0000000019364800 JavaThread "rebel-fsnotify-OutputReader" daemon [_thread_blocked, id=41184, stack(0x000000001b510000,0x000000001b610000)]
  0x0000000019371800 JavaThread "rebel-fsnotify-ShutdownOnTermination" daemon [_thread_in_native, id=32040, stack(0x000000001b410000,0x000000001b510000)]
  0x00000000191c8000 JavaThread "rebel-CacheKeepAlive" daemon [_thread_blocked, id=24028, stack(0x0000000019d40000,0x0000000019e40000)]
  0x000000001913c000 JavaThread "rebel-logger" daemon [_thread_blocked, id=36300, stack(0x0000000019840000,0x0000000019940000)]
  0x0000000018aa2800 JavaThread "Attach Listener" daemon [_thread_blocked, id=30776, stack(0x0000000018f40000,0x0000000019040000)]
  0x0000000002bde800 JavaThread "Signal Dispatcher" daemon [_thread_blocked, id=17040, stack(0x0000000018e40000,0x0000000018f40000)]
  0x00000000176d2800 JavaThread "Finalizer" daemon [_thread_blocked, id=39012, stack(0x0000000018940000,0x0000000018a40000)]
  0x00000000176cf800 JavaThread "Reference Handler" daemon [_thread_blocked, id=25056, stack(0x0000000018840000,0x0000000018940000)]

Other Threads:
  0x00000000176ca800 VMThread [stack: 0x0000000018740000,0x0000000018840000] [id=39260]
  0x000000001c9f6800 WatcherThread [stack: 0x000000001dbe0000,0x000000001dce0000] [id=42312]

VM state:not at safepoint (normal execution)

VM Mutex/Monitor currently owned by a thread: None

Heap:
 PSYoungGen      total 154624K, used 70536K [0x00000000d6000000, 0x00000000e2000000, 0x0000000100000000)
  eden space 137728K, 45% used [0x00000000d6000000,0x00000000d9da95a8,0x00000000de680000)
  from space 16896K, 43% used [0x00000000de680000,0x00000000dedb8c80,0x00000000df700000)
  to   space 16896K, 0% used [0x00000000e0f80000,0x00000000e0f80000,0x00000000e2000000)
 ParOldGen       total 166400K, used 35432K [0x0000000082000000, 0x000000008c280000, 0x00000000d6000000)
  object space 166400K, 21% used [0x0000000082000000,0x000000008429a110,0x000000008c280000)
 Metaspace       used 63727K, capacity 65020K, committed 65536K, reserved 1107968K
  class space    used 7449K, capacity 7815K, committed 7936K, reserved 1048576K

Card table byte_map: [0x0000000011fa0000,0x00000000123a0000] byte_map_base: 0x0000000011b90000

Marking Bits: (ParMarkBitMap*) 0x000000006c63b460
 Begin Bits: [0x0000000012a40000, 0x00000000149c0000)
 End Bits:   [0x00000000149c0000, 0x0000000016940000)

Polling page: 0x0000000002510000

CodeCache: size=245760Kb used=16275Kb max_used=23322Kb free=229484Kb
 bounds [0x0000000002be0000, 0x00000000042d0000, 0x0000000011be0000]
 total_blobs=7225 nmethods=6715 adapters=423
 compilation: enabled

Compilation events (10 events):
Event: 36.004 Thread 0x000000001aeeb000 nmethod 8720 0x0000000003f1a910 code [0x0000000003f1aac0, 0x0000000003f1adb8]
Event: 36.004 Thread 0x000000001aeeb000 8721       2       java.util.concurrent.ConcurrentHashMap::containsKey (18 bytes)
Event: 36.004 Thread 0x000000001aeeb000 nmethod 8721 0x0000000003c7c5d0 code [0x0000000003c7c740, 0x0000000003c7c8c8]
Event: 36.004 Thread 0x000000001aeeb000 8724       2       org.springframework.core.SimpleAliasRegistry::isAlias (15 bytes)
Event: 36.005 Thread 0x000000001aeeb000 nmethod 8724 0x0000000002e95390 code [0x0000000002e95500, 0x0000000002e95688]
Event: 36.005 Thread 0x000000001aeeb000 8730       2       org.springframework.beans.factory.support.AbstractBeanFactory::transformedBeanName (13 bytes)
Event: 36.005 Thread 0x000000001aeeb000 nmethod 8730 0x0000000003d94710 code [0x0000000003d948c0, 0x0000000003d94ce8]
Event: 36.005 Thread 0x000000001aeeb000 8732       2       org.springframework.beans.factory.support.AbstractAutowireCapableBeanFactory::predictBeanType (153 bytes)
Event: 36.007 Thread 0x000000001aeeb000 nmethod 8732 0x000000000340c1d0 code [0x000000000340c3e0, 0x000000000340ca48]
Event: 36.007 Thread 0x000000001aeeb000 8728       2       com.zeroturnaround.jrebelbase.facade.ad::isAssignableFrom (96 bytes)

GC Heap History (10 events):
Event: 10.174 GC heap before
{Heap before GC invocations=10 (full 2):
 PSYoungGen      total 99840K, used 96890K [0x00000000d6000000, 0x00000000dea80000, 0x0000000100000000)
  eden space 88064K, 100% used [0x00000000d6000000,0x00000000db600000,0x00000000db600000)
  from space 11776K, 74% used [0x00000000db600000,0x00000000dbe9eae8,0x00000000dc180000)
  to   space 11776K, 0% used [0x00000000ddf00000,0x00000000ddf00000,0x00000000dea80000)
 ParOldGen       total 115200K, used 20624K [0x0000000082000000, 0x0000000089080000, 0x00000000d6000000)
  object space 115200K, 17% used [0x0000000082000000,0x0000000083424278,0x0000000089080000)
 Metaspace       used 45884K, capacity 47090K, committed 47360K, reserved 1091584K
  class space    used 5516K, capacity 5876K, committed 5888K, reserved 1048576K
Event: 10.186 GC heap after
Heap after GC invocations=10 (full 2):
 PSYoungGen      total 128000K, used 10154K [0x00000000d6000000, 0x00000000dea00000, 0x0000000100000000)
  eden space 116736K, 0% used [0x00000000d6000000,0x00000000d6000000,0x00000000dd200000)
  from space 11264K, 90% used [0x00000000ddf00000,0x00000000de8ea860,0x00000000dea00000)
  to   space 12288K, 0% used [0x00000000dd200000,0x00000000dd200000,0x00000000dde00000)
 ParOldGen       total 115200K, used 20632K [0x0000000082000000, 0x0000000089080000, 0x00000000d6000000)
  object space 115200K, 17% used [0x0000000082000000,0x0000000083426278,0x0000000089080000)
 Metaspace       used 45884K, capacity 47090K, committed 47360K, reserved 1091584K
  class space    used 5516K, capacity 5876K, committed 5888K, reserved 1048576K
}
Event: 11.704 GC heap before
{Heap before GC invocations=11 (full 2):
 PSYoungGen      total 128000K, used 126890K [0x00000000d6000000, 0x00000000dea00000, 0x0000000100000000)
  eden space 116736K, 100% used [0x00000000d6000000,0x00000000dd200000,0x00000000dd200000)
  from space 11264K, 90% used [0x00000000ddf00000,0x00000000de8ea860,0x00000000dea00000)
  to   space 12288K, 0% used [0x00000000dd200000,0x00000000dd200000,0x00000000dde00000)
 ParOldGen       total 115200K, used 20632K [0x0000000082000000, 0x0000000089080000, 0x00000000d6000000)
  object space 115200K, 17% used [0x0000000082000000,0x0000000083426278,0x0000000089080000)
 Metaspace       used 51820K, capacity 53012K, committed 53376K, reserved 1095680K
  class space    used 6125K, capacity 6495K, committed 6528K, reserved 1048576K
Event: 11.722 GC heap after
Heap after GC invocations=11 (full 2):
 PSYoungGen      total 129024K, used 12282K [0x00000000d6000000, 0x00000000e0500000, 0x0000000100000000)
  eden space 116736K, 0% used [0x00000000d6000000,0x00000000d6000000,0x00000000dd200000)
  from space 12288K, 99% used [0x00000000dd200000,0x00000000dddfea20,0x00000000dde00000)
  to   space 14336K, 0% used [0x00000000df700000,0x00000000df700000,0x00000000e0500000)
 ParOldGen       total 115200K, used 22716K [0x0000000082000000, 0x0000000089080000, 0x00000000d6000000)
  object space 115200K, 19% used [0x0000000082000000,0x000000008362f318,0x0000000089080000)
 Metaspace       used 51820K, capacity 53012K, committed 53376K, reserved 1095680K
  class space    used 6125K, capacity 6495K, committed 6528K, reserved 1048576K
}
Event: 13.522 GC heap before
{Heap before GC invocations=12 (full 2):
 PSYoungGen      total 129024K, used 119244K [0x00000000d6000000, 0x00000000e0500000, 0x0000000100000000)
  eden space 116736K, 91% used [0x00000000d6000000,0x00000000dc874628,0x00000000dd200000)
  from space 12288K, 99% used [0x00000000dd200000,0x00000000dddfea20,0x00000000dde00000)
  to   space 14336K, 0% used [0x00000000df700000,0x00000000df700000,0x00000000e0500000)
 ParOldGen       total 115200K, used 22716K [0x0000000082000000, 0x0000000089080000, 0x00000000d6000000)
  object space 115200K, 19% used [0x0000000082000000,0x000000008362f318,0x0000000089080000)
 Metaspace       used 57780K, capacity 58930K, committed 59136K, reserved 1101824K
  class space    used 6805K, capacity 7140K, committed 7168K, reserved 1048576K
Event: 13.544 GC heap after
Heap after GC invocations=12 (full 2):
 PSYoungGen      total 152064K, used 14329K [0x00000000d6000000, 0x00000000e0a80000, 0x0000000100000000)
  eden space 137728K, 0% used [0x00000000d6000000,0x00000000d6000000,0x00000000de680000)
  from space 14336K, 99% used [0x00000000df700000,0x00000000e04fe670,0x00000000e0500000)
  to   space 16896K, 0% used [0x00000000de680000,0x00000000de680000,0x00000000df700000)
 ParOldGen       total 115200K, used 26672K [0x0000000082000000, 0x0000000089080000, 0x00000000d6000000)
  object space 115200K, 23% used [0x0000000082000000,0x0000000083a0c200,0x0000000089080000)
 Metaspace       used 57780K, capacity 58930K, committed 59136K, reserved 1101824K
  class space    used 6805K, capacity 7140K, committed 7168K, reserved 1048576K
}
Event: 13.544 GC heap before
{Heap before GC invocations=13 (full 3):
 PSYoungGen      total 152064K, used 14329K [0x00000000d6000000, 0x00000000e0a80000, 0x0000000100000000)
  eden space 137728K, 0% used [0x00000000d6000000,0x00000000d6000000,0x00000000de680000)
  from space 14336K, 99% used [0x00000000df700000,0x00000000e04fe670,0x00000000e0500000)
  to   space 16896K, 0% used [0x00000000de680000,0x00000000de680000,0x00000000df700000)
 ParOldGen       total 115200K, used 26672K [0x0000000082000000, 0x0000000089080000, 0x00000000d6000000)
  object space 115200K, 23% used [0x0000000082000000,0x0000000083a0c200,0x0000000089080000)
 Metaspace       used 57780K, capacity 58930K, committed 59136K, reserved 1101824K
  class space    used 6805K, capacity 7140K, committed 7168K, reserved 1048576K
Event: 13.741 GC heap after
Heap after GC invocations=13 (full 3):
 PSYoungGen      total 152064K, used 0K [0x00000000d6000000, 0x00000000e0a80000, 0x0000000100000000)
  eden space 137728K, 0% used [0x00000000d6000000,0x00000000d6000000,0x00000000de680000)
  from space 14336K, 0% used [0x00000000df700000,0x00000000df700000,0x00000000e0500000)
  to   space 16896K, 0% used [0x00000000de680000,0x00000000de680000,0x00000000df700000)
 ParOldGen       total 166400K, used 35424K [0x0000000082000000, 0x000000008c280000, 0x00000000d6000000)
  object space 166400K, 21% used [0x0000000082000000,0x0000000084298110,0x000000008c280000)
 Metaspace       used 57780K, capacity 58930K, committed 59136K, reserved 1101824K
  class space    used 6805K, capacity 7140K, committed 7168K, reserved 1048576K
}
Event: 15.278 GC heap before
{Heap before GC invocations=14 (full 3):
 PSYoungGen      total 152064K, used 137728K [0x00000000d6000000, 0x00000000e0a80000, 0x0000000100000000)
  eden space 137728K, 100% used [0x00000000d6000000,0x00000000de680000,0x00000000de680000)
  from space 14336K, 0% used [0x00000000df700000,0x00000000df700000,0x00000000e0500000)
  to   space 16896K, 0% used [0x00000000de680000,0x00000000de680000,0x00000000df700000)
 ParOldGen       total 166400K, used 35424K [0x0000000082000000, 0x000000008c280000, 0x00000000d6000000)
  object space 166400K, 21% used [0x0000000082000000,0x0000000084298110,0x000000008c280000)
 Metaspace       used 61763K, capacity 63080K, committed 63488K, reserved 1105920K
  class space    used 7237K, capacity 7581K, committed 7680K, reserved 1048576K
Event: 15.293 GC heap after
Heap after GC invocations=14 (full 3):
 PSYoungGen      total 154624K, used 7395K [0x00000000d6000000, 0x00000000e2000000, 0x0000000100000000)
  eden space 137728K, 0% used [0x00000000d6000000,0x00000000d6000000,0x00000000de680000)
  from space 16896K, 43% used [0x00000000de680000,0x00000000dedb8c80,0x00000000df700000)
  to   space 16896K, 0% used [0x00000000e0f80000,0x00000000e0f80000,0x00000000e2000000)
 ParOldGen       total 166400K, used 35432K [0x0000000082000000, 0x000000008c280000, 0x00000000d6000000)
  object space 166400K, 21% used [0x0000000082000000,0x000000008429a110,0x000000008c280000)
 Metaspace       used 61763K, capacity 63080K, committed 63488K, reserved 1105920K
  class space    used 7237K, capacity 7581K, committed 7680K, reserved 1048576K
}

Deoptimization events (10 events):
Event: 35.328 Thread 0x000000001aa3c800 Uncommon trap: reason=class_check action=maybe_recompile pc=0x0000000002d10f70 method=com.zeroturnaround.javarebel.aed.b(ILjava/lang/String;Ljava/lang/String;Ljava/lang/String;Z)V @ 18
Event: 35.328 Thread 0x000000001aa3c800 Uncommon trap: reason=class_check action=maybe_recompile pc=0x0000000002d10f70 method=com.zeroturnaround.javarebel.aed.b(ILjava/lang/String;Ljava/lang/String;Ljava/lang/String;Z)V @ 18
Event: 35.382 Thread 0x000000001aa3c800 Uncommon trap: reason=class_check action=maybe_recompile pc=0x0000000002d10f70 method=com.zeroturnaround.javarebel.aed.b(ILjava/lang/String;Ljava/lang/String;Ljava/lang/String;Z)V @ 18
Event: 35.383 Thread 0x000000001aa3c800 Uncommon trap: reason=class_check action=maybe_recompile pc=0x0000000002d10f70 method=com.zeroturnaround.javarebel.aed.b(ILjava/lang/String;Ljava/lang/String;Ljava/lang/String;Z)V @ 18
Event: 35.716 Thread 0x000000001aa3c800 Uncommon trap: reason=bimorphic action=maybe_recompile pc=0x0000000003af5828 method=java.util.regex.Matcher.search(I)Z @ 86
Event: 35.873 Thread 0x000000001aa3c800 Uncommon trap: reason=unloaded action=reinterpret pc=0x0000000003b75000 method=com.zeroturnaround.javarebel.wj.a(Lcom/zeroturnaround/javarebel/vf;Ljava/lang/String;)Lcom/zeroturnaround/javarebel/wj; @ 153
Event: 35.875 Thread 0x000000001aa3c800 Uncommon trap: reason=bimorphic action=maybe_recompile pc=0x0000000003af5828 method=java.util.regex.Matcher.search(I)Z @ 86
Event: 35.897 Thread 0x000000001aa3c800 Uncommon trap: reason=predicate action=maybe_recompile pc=0x00000000042691dc method=java.util.AbstractCollection.addAll(Ljava/util/Collection;)Z @ 22
Event: 35.898 Thread 0x000000001aa3c800 Uncommon trap: reason=bimorphic action=maybe_recompile pc=0x0000000003af5828 method=java.util.regex.Matcher.search(I)Z @ 86
Event: 35.905 Thread 0x000000001aa3c800 Uncommon trap: reason=bimorphic action=maybe_recompile pc=0x0000000003af5828 method=java.util.regex.Matcher.search(I)Z @ 86

Internal exceptions (10 events):
Event: 15.760 Thread 0x0000000002ae6000 Exception <a 'java/security/PrivilegedActionException'> (0x00000000d8efb808) thrown at [D:\re\workspace\8-2-build-windows-amd64-cygwin\jdk8u20\1074\hotspot\src\share\vm\prims\jvm.cpp, line 1275]
Event: 35.868 Thread 0x000000001aa3c800 Exception <a 'java/lang/ClassNotFoundException': com/ibm/rmi/io/ObjectStreamClass$ObjectStreamClassCache$ClassToOSCCache> (0x00000000d9852308) thrown at [D:\re\workspace\8-2-build-windows-amd64-cygwin\jdk8u20\1074\hotspot\src\share\vm\classfile\systemDicti'…≥	¡ÔA@
Event: 35.873 Thread 0x000000001aa3c800 Exception <a 'java/security/PrivilegedActionException'> (0x00000000d985aea0) thrown at [D:\re\workspace\8-2-build-windows-amd64-cygwin\jdk8u20\1074\hotspot\src\share\vm\prims\jvm.cpp, line 1275]
Event: 35.878 Thread 0x000000001aa3c800 Exception <a 'java/security/PrivilegedActionException'> (0x00000000d9868050) thrown at [D:\re\workspace\8-2-build-windows-amd64-cygwin\jdk8u20\1074\hotspot\src\share\vm\prims\jvm.cpp, line 1275]
Event: 35.886 Thread 0x000000001aa3c800 Exception <a 'java/security/PrivilegedActionException'> (0x00000000d9876308) thrown at [D:\re\workspace\8-2-build-windows-amd64-cygwin\jdk8u20\1074\hotspot\src\share\vm\prims\jvm.cpp, line 1275]
Event: 35.889 Thread 0x000000001aa3c800 Exception <a 'java/security/PrivilegedActionException'> (0x00000000d9898e08) thrown at [D:\re\workspace\8-2-build-windows-amd64-cygwin\jdk8u20\1074\hotspot\src\share\vm\prims\jvm.cpp, line 1275]
Event: 35.893 Thread 0x000000001aa3c800 Exception <a 'java/security/PrivilegedActionException'> (0x00000000d98b7568) thrown at [D:\re\workspace\8-2-build-windows-amd64-cygwin\jdk8u20\1074\hotspot\src\share\vm\prims\jvm.cpp, line 1275]
Event: 35.984 Thread 0x000000001aa3c800 Exception <a 'java/lang/ClassNotFoundException': com/sun/beans/WeakIdentityMap> (0x00000000d9ce0ad0) thrown at [D:\re\workspace\8-2-build-windows-amd64-cygwin\jdk8u20\1074\hotspot\src\share\vm\classfile\systemDictionary.cpp, line 202]
Event: 35.984 Thread 0x000000001aa3c800 Exception <a 'java/lang/ClassNotFoundException': com/sun/beans/WeakIdentityMap$Entry> (0x00000000d9ce0d68) thrown at [D:\re\workspace\8-2-build-windows-amd64-cygwin\jdk8u20\1074\hotspot\src\share\vm\classfile\systemDictionary.cpp, line 202]
Event: 35.984 Thread 0x000000001aa3c800 Exception <a 'java/lang/ClassNotFoundException': com/sun/beans/WeakIdentityMap$Entry> (0x00000000d9ce0f90) thrown at [D:\re\workspace\8-2-build-windows-amd64-cygwin\jdk8u20\1074\hotspot\src\share\vm\classfile\systemDictionary.cpp, line 202]

Events (10 events):
Event: 35.998 loading class com/zeroturnaround/javarebel/gsk
Event: 35.998 loading class com/zeroturnaround/javarebel/gsk done
Event: 35.999 loading class com/zeroturnaround/javarebel/gyn
Event: 35.999 loading class com/zeroturnaround/javarebel/gyn done
Event: 35.999 loading class com/zeroturnaround/javarebel/gxi
Event: 35.999 loading class com/zeroturnaround/javarebel/gym
Event: 35.999 loading class com/zeroturnaround/javarebel/gym done
Event: 35.999 loading class com/zeroturnaround/javarebel/gxi done
Event: 35.999 loading class com/zeroturnaround/javarebel/gxj
Event: 36.000 loading class com/zeroturnaround/javarebel/gxj done


Dynamic libraries:
0x00007ff687ec0000 - 0x00007ff687ef4000 	C:\Program Files\Java\jdk1.8.0_20\jre\bin\javaw.exe
0x00007fff04530000 - 0x00007fff04711000 	C:\WINDOWS\SYSTEM32\ntdll.dll
0x00007fff04440000 - 0x00007fff044f2000 	C:\WINDOWS\System32\KERNEL32.DLL
0x00007fff00dc0000 - 0x00007fff01033000 	C:\WINDOWS\System32\KERNELBASE.dll
0x00007fff03e60000 - 0x00007fff03f01000 	C:\WINDOWS\System32\ADVAPI32.dll
0x00007fff037f0000 - 0x00007fff0388e000 	C:\WINDOWS\System32\msvcrt.dll
0x00007fff043e0000 - 0x00007fff0443b000 	C:\WINDOWS\System32\sechost.dll
0x00007fff019c0000 - 0x00007fff01ae4000 	C:\WINDOWS\System32\RPCRT4.dll
0x00007fff040f0000 - 0x00007fff04280000 	C:\WINDOWS\System32\USER32.dll
0x00007fff00900000 - 0x00007fff00920000 	C:\WINDOWS\System32\win32u.dll
0x00007fff04010000 - 0x00007fff04038000 	C:\WINDOWS\System32\GDI32.dll
0x00007fff00a80000 - 0x00007fff00c12000 	C:\WINDOWS\System32\gdi32full.dll
0x00007fff00c20000 - 0x00007fff00cbf000 	C:\WINDOWS\System32\msvcp_win.dll
0x00007fff00cc0000 - 0x00007fff00dba000 	C:\WINDOWS\System32\ucrtbase.dll
0x00007ffef4970000 - 0x00007ffef4bd9000 	C:\WINDOWS\WinSxS\amd64_microsoft.windows.common-controls_6595b64144ccf1df_6.0.17134.165_none_fb429645306569ac\COMCTL32.dll
0x00007fff03aa0000 - 0x00007fff03dc3000 	C:\WINDOWS\System32\combase.dll
0x00007fff01230000 - 0x00007fff012aa000 	C:\WINDOWS\System32\bcryptPrimitives.dll
0x00007fff03e30000 - 0x00007fff03e5d000 	C:\WINDOWS\System32\IMM32.DLL
0x000000006d760000 - 0x000000006d832000 	C:\Program Files\Java\jdk1.8.0_20\jre\bin\msvcr100.dll
0x000000006be60000 - 0x000000006c6b8000 	C:\Program Files\Java\jdk1.8.0_20\jre\bin\server\jvm.dll
0x00007fff01af0000 - 0x00007fff01af8000 	C:\WINDOWS\System32\PSAPI.DLL
0x00007ffef8820000 - 0x00007ffef8843000 	C:\WINDOWS\SYSTEM32\WINMM.dll
0x00007ffef87f0000 - 0x00007ffef881a000 	C:\WINDOWS\SYSTEM32\winmmbase.dll
0x00007fff00980000 - 0x00007fff009c9000 	C:\WINDOWS\System32\cfgmgr32.dll
0x00007ffefced0000 - 0x00007ffefced9000 	C:\WINDOWS\SYSTEM32\WSOCK32.dll
0x00007fff03a30000 - 0x00007fff03a9c000 	C:\WINDOWS\System32\WS2_32.dll
0x000000006d750000 - 0x000000006d75f000 	C:\Program Files\Java\jdk1.8.0_20\jre\bin\verify.dll
0x000000006d720000 - 0x000000006d748000 	C:\Program Files\Java\jdk1.8.0_20\jre\bin\java.dll
0x00007ffef9b50000 - 0x00007ffef9b89000 	C:\fframe\eclipse\plugins\org.zeroturnaround.eclipse.embedder_2018.1.2.RELEASE\jrebel\lib\jrebel64.dll
0x00007fff01dc0000 - 0x00007fff03200000 	C:\WINDOWS\System32\SHELL32.dll
0x00007fff04040000 - 0x00007fff040e9000 	C:\WINDOWS\System32\shcore.dll
0x00007fff012b0000 - 0x00007fff019bd000 	C:\WINDOWS\System32\windows.storage.dll
0x00007fff04280000 - 0x00007fff042d1000 	C:\WINDOWS\System32\shlwapi.dll
0x00007fff008e0000 - 0x00007fff008f1000 	C:\WINDOWS\System32\kernel.appcore.dll
0x00007fff008c0000 - 0x00007fff008df000 	C:\WINDOWS\System32\profapi.dll
0x00007fff00850000 - 0x00007fff0089c000 	C:\WINDOWS\System32\powrprof.dll
0x00007fff00840000 - 0x00007fff0084a000 	C:\WINDOWS\System32\FLTLIB.DLL
0x00007fff00270000 - 0x00007fff0027b000 	C:\WINDOWS\SYSTEM32\CRYPTBASE.DLL
0x000000006d700000 - 0x000000006d716000 	C:\Program Files\Java\jdk1.8.0_20\jre\bin\zip.dll
0x000000006d6f0000 - 0x000000006d6fd000 	C:\Program Files\Java\jdk1.8.0_20\jre\bin\management.dll
0x000000006d6d0000 - 0x000000006d6ea000 	C:\Program Files\Java\jdk1.8.0_20\jre\bin\net.dll
0x00007fff000c0000 - 0x00007fff00126000 	C:\WINDOWS\system32\mswsock.dll
0x000000006d6b0000 - 0x000000006d6c1000 	C:\Program Files\Java\jdk1.8.0_20\jre\bin\nio.dll
0x000000006d680000 - 0x000000006d6a4000 	C:\Program Files\Java\jdk1.8.0_20\jre\bin\sunec.dll
0x00007ffef7f80000 - 0x00007ffef7f9b000 	C:\Users\psh000\AppData\Local\Temp\jrebel-temp\ver-29d5df4e\IdeaWin64.dll
0x000000006d670000 - 0x000000006d67b000 	C:\Program Files\Java\jdk1.8.0_20\jre\bin\sunmscapi.dll
0x00007fff01040000 - 0x00007fff01222000 	C:\WINDOWS\System32\CRYPT32.dll
0x00007fff008a0000 - 0x00007fff008b2000 	C:\WINDOWS\System32\MSASN1.dll
0x00007fff00280000 - 0x00007fff00297000 	C:\WINDOWS\SYSTEM32\CRYPTSP.dll
0x00007ffeffca0000 - 0x00007ffeffcd3000 	C:\WINDOWS\system32\rsaenh.dll
0x00007fff003a0000 - 0x00007fff003c5000 	C:\WINDOWS\SYSTEM32\bcrypt.dll
0x00007fff00740000 - 0x00007fff00768000 	C:\WINDOWS\SYSTEM32\USERENV.dll
0x00007ffeffe40000 - 0x00007ffeffe78000 	C:\WINDOWS\SYSTEM32\IPHLPAPI.DLL
0x00007fff043d0000 - 0x00007fff043d8000 	C:\WINDOWS\System32\NSI.dll
0x00007ffefa610000 - 0x00007ffefa626000 	C:\WINDOWS\SYSTEM32\dhcpcsvc6.DLL
0x00007ffefa740000 - 0x00007ffefa75a000 	C:\WINDOWS\SYSTEM32\dhcpcsvc.DLL
0x00007ffef1de0000 - 0x00007ffef1df6000 	C:\WINDOWS\system32\napinsp.dll
0x00007ffef1dc0000 - 0x00007ffef1dda000 	C:\WINDOWS\system32\pnrpnsp.dll
0x00007ffefce00000 - 0x00007ffefce19000 	C:\WINDOWS\system32\NLAapi.dll
0x00007ffeffe80000 - 0x00007ffefff3e000 	C:\WINDOWS\SYSTEM32\DNSAPI.dll
0x00007ffef1db0000 - 0x00007ffef1dbe000 	C:\WINDOWS\System32\winrnr.dll
0x00007ffef9000000 - 0x00007ffef900a000 	C:\Windows\System32\rasadhlp.dll
0x00007ffef9170000 - 0x00007ffef91e2000 	C:\WINDOWS\System32\fwpuclnt.dll
0x00007ffeff050000 - 0x00007ffeff219000 	C:\WINDOWS\SYSTEM32\dbghelp.dll

VM Arguments:
jvm_args: -Dcom.sun.management.jmxremote -Dcom.sun.management.jmxremote.port=1735 -Dcom.sun.management.jmxremote.authenticate=false -Dcom.sun.management.jmxremote.ssl=false -Djava.rmi.server.hostname=localhost -Dspring.liveBeansView.mbeanDomain -Dspring.application.admin.enabled=true -Drebel.base=C:\Users\psh000\.jrebel -Drebel.env.ide.plugin.version=2018.1.2 -Drebel.env.ide.version=4.6.3 -Drebel.env.ide.product=Eclipse -Drebel.env.ide=eclipse -Drebel.notification.url=http://localhost:17434 -Drebel.workspace.path=C:\fframe\workspace -Drebel.properties=C:\Users\psh000\.jrebel\jrebel.properties -agentpath:C:\fframe\eclipse\plugins\org.zeroturnaround.eclipse.embedder_2018.1.2.RELEASE\jrebel\lib\jrebel64.dll -Dfile.encoding=UTF-8 
java_command: net.pmosoft.subtitle.SubtitlestudyApplication
java_class_path (initial): C:\fframe\workspace\subtitlestudy\target\classes;C:\fframe\maven\repository\org\springframework\boot\spring-boot-starter-web\1.5.4.RELEASE\spring-boot-starter-web-1.5.4.RELEASE.jar;C:\fframe\maven\repository\org\springframework\boot\spring-boot-starter\1.5.4.RELEASE\spring-boot-starter-1.5.4.RELEASE.jar;C:\fframe\maven\repository\org\springframework\boot\spring-boot\1.5.4.RELEASE\spring-boot-1.5.4.RELEASE.jar;C:\fframe\maven\repository\org\springframework\boot\spring-boot-autoconfigure\1.5.4.RELEASE\spring-boot-autoconfigure-1.5.4.RELEASE.jar;C:\fframe\maven\repository\org\springframework\boot\spring-boot-starter-logging\1.5.4.RELEASE\spring-boot-starter-logging-1.5.4.RELEASE.jar;C:\fframe\maven\repository\ch\qos\logback\logback-classic\1.1.11\logback-classic-1.1.11.jar;C:\fframe\maven\repository\ch\qos\logback\logback-core\1.1.11\logback-core-1.1.11.jar;C:\fframe\maven\repository\org\slf4j\jcl-over-slf4j\1.7.25\jcl-over-slf4j-1.7.25.jar;C:\fframe\maven\repository\org\slf4j\jul-to-slf4j\1.7.25\jul-to-slf4j-1.7.25.jar;C:\fframe\maven\repository\org\slf4j\log4j-over-slf4j\1.7.25\log4j-over-slf4j-1.7.25.jar;C:\fframe\maven\repository\org\yaml\snakeyaml\1.17\snakeyaml-1.17.jar;C:\fframe\maven\repository\org\springframework\boot\spring-boot-starter-tomcat\1.5.4.RELEASE\spring-boot-starter-tomcat-1.5.4.RELEASE.jar;C:\fframe\maven\repository\org\apache\tomcat\embed\tomcat-embed-core\8.5.15\tomcat-embed-core-8.5.15.jar;C:\fframe\maven\repository\org\apache\tomcat\embed\tomcat-embed-websocket\8.5.15\tomcat-embed-websocket-8.5.15.jar;C:\fframe\maven\repository\org\hibernate\hibernate-validator\5.3.5.Final\hibernate-validator-5.3.5.Final.jar;C:\fframe\maven\repository\javax\validation\validation-api\1.1.0.Final\validation-api-1.1.0.Final.jar;C:\fframe\maven\repository\org\jboss\logging\jboss-logging\3.3.1.Final\jboss-logging-3.3.1.Final.jar;C:\fframe\maven\repository\com\fasterxml\classmate\1.3.3\classmate-1.3.3.jar;C:\fframe\maven\repository\com\f
Launcher Type: SUN_STANDARD

Environment Variables:
PATH=C:/Program Files/Java/jre1.8.0_171/bin/server;C:/Program Files/Java/jre1.8.0_171/bin;C:/Program Files/Java/jre1.8.0_171/lib/amd64;C:\Program Files (x86)\Common Files\Oracle\Java\javapath;C:\ProgramData\Oracle\Java\javapath;C:\Windows\system32;C:\Windows;C:\Windows\System32\Wbem;C:\Windows\System32\WindowsPowerShell\v1.0\;C:\Program Files (x86)\NVIDIA Corporation\PhysX\Common;C:\WINDOWS\system32;C:\WINDOWS;C:\WINDOWS\System32\Wbem;C:\WINDOWS\System32\WindowsPowerShell\v1.0\;C:\Program Files (x86)\IDM Computer Solutions\UltraEdit-32;C:\fframe\Sencha\Cmd\;C:\Program Files\nodejs\;C:\WINDOWS\System32\OpenSSH\;C:\Program Files\Microsoft VS Code\bin;C:\Users\psh000\AppData\Local\Microsoft\WindowsApps;C:\Users\psh000\AppData\Roaming\npm;C:\Users\psh000\AppData\Local\Microsoft\WindowsApps;C:\Program Files\Microsoft VS Code\bin;c:\fframe\eclipse;
USERNAME=psh000
OS=Windows_NT
PROCESSOR_IDENTIFIER=Intel64 Family 6 Model 142 Stepping 9, GenuineIntel



---------------  S Y S T E M  ---------------

OS: Windows 8.1 , 64 bit Build 9600 

CPU:total 4 (2 cores per cpu, 2 threads per core) family 6 model 142 stepping 9, cmov, cx8, fxsr, mmx, sse, sse2, sse3, ssse3, sse4.1, sse4.2, popcnt, avx, avx2, aes, clmul, erms, lzcnt, ht, tsc, tscinvbit, bmi1, bmi2

Memory: 4k page, physical 8251788k(2137720k free), swap 21358988k(12281812k free)

vm_info: Java HotSpot(TM) 64-Bit Server VM (25.20-b23) for windows-amd64 JRE (1.8.0_20-b26), built on Jul 30 2014 13:51:23 by "java_re" with MS VC++ 10.0 (VS2010)

time: Wed Aug 15 23:49:57 2018
elapsed time: 36 seconds (0d 0h 0m 36s)

