#
# A fatal error has been detected by the Java Runtime Environment:
#
#  EXCEPTION_ACCESS_VIOLATION (0xc0000005) at pc=0x000000006b1d2c16, pid=1472, tid=20356
#
# JRE version: Java(TM) SE Runtime Environment (8.0_20-b26) (build 1.8.0_20-b26)
# Java VM: Java HotSpot(TM) 64-Bit Server VM (25.20-b23 mixed mode windows-amd64 compressed oops)
# Problematic frame:
# V  [jvm.dll+0x4c2c16]
#
# Failed to write core dump. Minidumps are not enabled by default on client versions of Windows
#
# If you would like to submit a bug report, please visit:
#   http://bugreport.sun.com/bugreport/crash.jsp
#

---------------  T H R E A D  ---------------

Current thread (0x000000001b894000):  JavaThread "C2 CompilerThread1" daemon [_thread_in_native, id=20356, stack(0x000000001cca0000,0x000000001cda0000)]

siginfo: ExceptionCode=0xc0000005, reading address 0x0000000000000010

Registers:
RAX=0x0000000000000000, RBX=0x0000000021530690, RCX=0x0000000021530690, RDX=0x00000000214ebf30
RSP=0x000000001cd9cd30, RBP=0x0000000021530690, RSI=0x000000001cd9e670, RDI=0x000000006b346888
R8 =0x0000000021530690, R9 =0x0000000000000002, R10=0x000000001b8b29f0, R11=0x0000000000000000
R12=0x000000001cd9dc20, R13=0x00000000214ebf30, R14=0x0000000023f03018, R15=0x0000000000000000
RIP=0x000000006b1d2c16, EFLAGS=0x0000000000010246

Top of Stack: (sp=0x000000001cd9cd30)
0x000000001cd9cd30:   00000000214ed180 0000000021530690
0x000000001cd9cd40:   0000000023f03308 000000001cd9cff0
0x000000001cd9cd50:   0000000000000018 0000000023f02cd8
0x000000001cd9cd60:   000000001cd9cff0 000000006b16ac1a
0x000000001cd9cd70:   0000000021530690 0000000000000003
0x000000001cd9cd80:   0000000000000003 000000006b346888
0x000000001cd9cd90:   000000001b8b55a0 0000000000000001
0x000000001cd9cda0:   0000000088ca6c00 000000006b14a0b4
0x000000001cd9cdb0:   0000000023f000b8 000000006b1f39db
0x000000001cd9cdc0:   0000000000000000 0000000023f02cd8
0x000000001cd9cdd0:   0000000000000029 000000006b17fe69
0x000000001cd9cde0:   0000000023f000b8 0000000000000003
0x000000001cd9cdf0:   0000000000000000 0000000022e84020
0x000000001cd9ce00:   0000000200000001 0000000022e80190
0x000000001cd9ce10:   0000000000000029 000000006b14a0b4
0x000000001cd9ce20:   0000000000000003 000000006ad10000 

Instructions: (pc=0x000000006b1d2c16)
0x000000006b1d2bf6:   8b e1 49 8b c8 49 8b e8 4c 8b ea ff 50 28 44 8b
0x000000006b1d2c06:   48 10 41 83 f9 0e 7c 06 41 83 f9 14 7e 02 33 c0
0x000000006b1d2c16:   8b 48 10 48 89 5c 24 40 83 f9 10 0f 8c 03 01 00
0x000000006b1d2c26:   00 83 f9 12 0f 8f fa 00 00 00 80 78 32 00 0f 84 


Register to memory mapping:

RAX=0x0000000000000000 is an unknown value
RBX=0x0000000021530690 is an unknown value
RCX=0x0000000021530690 is an unknown value
RDX=0x00000000214ebf30 is an unknown value
RSP=0x000000001cd9cd30 is pointing into the stack for thread: 0x000000001b894000
RBP=0x0000000021530690 is an unknown value
RSI=0x000000001cd9e670 is pointing into the stack for thread: 0x000000001b894000
RDI=0x000000006b346888 is an unknown value
R8 =0x0000000021530690 is an unknown value
R9 =0x0000000000000002 is an unknown value
R10=0x000000001b8b29f0 is an unknown value
R11=0x0000000000000000 is an unknown value
R12=0x000000001cd9dc20 is pointing into the stack for thread: 0x000000001b894000
R13=0x00000000214ebf30 is an unknown value
R14=0x0000000023f03018 is an unknown value
R15=0x0000000000000000 is an unknown value


Stack: [0x000000001cca0000,0x000000001cda0000],  sp=0x000000001cd9cd30,  free space=1011k
Native frames: (J=compiled Java code, j=interpreted, Vv=VM code, C=native code)
V  [jvm.dll+0x4c2c16]
V  [jvm.dll+0x45ac1a]
V  [jvm.dll+0x4d8fd1]
V  [jvm.dll+0x4d9aef]
V  [jvm.dll+0x4d9e69]
V  [jvm.dll+0x4da3d6]
V  [jvm.dll+0x436ec1]
V  [jvm.dll+0x45b2c4]
V  [jvm.dll+0x4e0fd8]
V  [jvm.dll+0x4d9ae7]
V  [jvm.dll+0x4d9e69]
V  [jvm.dll+0x4da3d6]
V  [jvm.dll+0x436ec1]
V  [jvm.dll+0x4375d2]
V  [jvm.dll+0x45b2c4]
V  [jvm.dll+0x4e0fd8]
V  [jvm.dll+0x4d9ae7]
V  [jvm.dll+0x4d9e69]
V  [jvm.dll+0x4da3d6]
V  [jvm.dll+0x436ec1]
V  [jvm.dll+0x45243b]
V  [jvm.dll+0x435fc2]
V  [jvm.dll+0x97b62]
V  [jvm.dll+0x98353]
V  [jvm.dll+0x22aac4]
V  [jvm.dll+0x283f5a]
C  [msvcr100.dll+0x21d9f]
C  [msvcr100.dll+0x21e3b]
C  [KERNEL32.DLL+0x13034]
C  [ntdll.dll+0x71431]


Current CompileTask:
C2:93395834 12042 %     4       sun.misc.URLClassPath::getResource @ 43 (78 bytes)


---------------  P R O C E S S  ---------------

Java Threads: ( => current thread )
  0x000000001d61f800 JavaThread "Intermediate Collector" daemon [_thread_blocked, id=18244, stack(0x0000000028460000,0x0000000028560000)]
  0x000000001d622800 JavaThread "rebel-IDENotificationsImpl-PostCycle" daemon [_thread_blocked, id=22272, stack(0x0000000028160000,0x0000000028260000)]
  0x0000000023d4e800 JavaThread "MariaDb-timeout-1" daemon [_thread_blocked, id=11552, stack(0x0000000027d60000,0x0000000027e60000)]
  0x0000000023d4d800 JavaThread "Abandoned connection cleanup thread" daemon [_thread_blocked, id=2672, stack(0x0000000027c60000,0x0000000027d60000)]
  0x0000000023d4a800 JavaThread "Tomcat JDBC Pool Cleaner[1482968390:1533264305328]" daemon [_thread_blocked, id=20272, stack(0x00000000268b0000,0x00000000269b0000)]
  0x0000000023d47800 JavaThread "DestroyJavaVM" [_thread_blocked, id=8128, stack(0x0000000003280000,0x0000000003380000)]
  0x0000000023d44800 JavaThread "http-nio-8085-AsyncTimeout" daemon [_thread_blocked, id=7600, stack(0x00000000264b0000,0x00000000265b0000)]
  0x0000000023d44000 JavaThread "http-nio-8085-Acceptor-0" daemon [_thread_in_native, id=13780, stack(0x00000000263b0000,0x00000000264b0000)]
  0x0000000023d43000 JavaThread "http-nio-8085-ClientPoller-1" daemon [_thread_in_native, id=3228, stack(0x00000000262b0000,0x00000000263b0000)]
  0x0000000023d47000 JavaThread "http-nio-8085-ClientPoller-0" daemon [_thread_in_native, id=17840, stack(0x00000000261b0000,0x00000000262b0000)]
  0x0000000020ebe000 JavaThread "http-nio-8085-exec-10" daemon [_thread_blocked, id=22340, stack(0x0000000025f20000,0x0000000026020000)]
  0x0000000022f3a000 JavaThread "http-nio-8085-exec-9" daemon [_thread_in_Java, id=9772, stack(0x0000000025e20000,0x0000000025f20000)]
  0x0000000022f39800 JavaThread "http-nio-8085-exec-8" daemon [_thread_blocked, id=16228, stack(0x0000000025d20000,0x0000000025e20000)]
  0x0000000022f38800 JavaThread "http-nio-8085-exec-7" daemon [_thread_blocked, id=2016, stack(0x0000000025c20000,0x0000000025d20000)]
  0x0000000022f3b000 JavaThread "http-nio-8085-exec-6" daemon [_thread_blocked, id=16056, stack(0x0000000025b20000,0x0000000025c20000)]
  0x0000000022f38000 JavaThread "http-nio-8085-exec-5" daemon [_thread_blocked, id=12892, stack(0x0000000025a20000,0x0000000025b20000)]
  0x0000000022f37000 JavaThread "http-nio-8085-exec-4" daemon [_thread_blocked, id=21620, stack(0x0000000025920000,0x0000000025a20000)]
  0x0000000022f2f800 JavaThread "http-nio-8085-exec-3" daemon [_thread_blocked, id=2148, stack(0x0000000025820000,0x0000000025920000)]
  0x0000000022f36800 JavaThread "http-nio-8085-exec-2" daemon [_thread_blocked, id=22036, stack(0x0000000025720000,0x0000000025820000)]
  0x0000000022f33800 JavaThread "http-nio-8085-exec-1" daemon [_thread_blocked, id=1360, stack(0x0000000025620000,0x0000000025720000)]
  0x0000000022f35000 JavaThread "NioBlockingSelector.BlockPoller-1" daemon [_thread_in_native, id=16724, stack(0x0000000025520000,0x0000000025620000)]
  0x0000000020ec1000 JavaThread "container-0" [_thread_blocked, id=17772, stack(0x0000000023680000,0x0000000023780000)]
  0x0000000020ec0000 JavaThread "ContainerBackgroundProcessor[StandardEngine[Tomcat]]" daemon [_thread_blocked, id=21724, stack(0x0000000023580000,0x0000000023680000)]
  0x000000001d6f5000 JavaThread "RMI TCP Accept-0" daemon [_thread_in_native, id=9420, stack(0x000000001e370000,0x000000001e470000)]
  0x000000001b3dd800 JavaThread "RMI TCP Accept-9557" daemon [_thread_in_native, id=20572, stack(0x000000001e270000,0x000000001e370000)]
  0x000000001b3db000 JavaThread "RMI TCP Accept-0" daemon [_thread_in_native, id=18420, stack(0x000000001e170000,0x000000001e270000)]
  0x000000001b3df000 JavaThread "Service Thread" daemon [_thread_blocked, id=8120, stack(0x000000001cea0000,0x000000001cfa0000)]
  0x000000001b871800 JavaThread "C1 CompilerThread2" daemon [_thread_in_native, id=1952, stack(0x000000001cda0000,0x000000001cea0000)]
=>0x000000001b894000 JavaThread "C2 CompilerThread1" daemon [_thread_in_native, id=20356, stack(0x000000001cca0000,0x000000001cda0000)]
  0x000000001b888000 JavaThread "C2 CompilerThread0" daemon [_thread_in_native, id=18024, stack(0x000000001cba0000,0x000000001cca0000)]
  0x000000001b3dc000 JavaThread "rebel-change-detector-thread" daemon [_thread_blocked, id=19668, stack(0x000000001c9a0000,0x000000001caa0000)]
  0x000000001b3de000 JavaThread "rebel-debugger-thread" daemon [_thread_blocked, id=3080, stack(0x000000001c8a0000,0x000000001c9a0000)]
  0x000000001b3da800 JavaThread "rebel-debugger-attach-notifier" daemon [_thread_blocked, id=6636, stack(0x000000001c7a0000,0x000000001c8a0000)]
  0x000000001b3d9000 JavaThread "rebel-heartbeat-thread" daemon [_thread_blocked, id=7064, stack(0x000000001c6a0000,0x000000001c7a0000)]
  0x000000001b3d9800 JavaThread "rebel-redeploy-thread" daemon [_thread_blocked, id=22352, stack(0x000000001c5a0000,0x000000001c6a0000)]
  0x000000001b31b800 JavaThread "rebel-weak-reaper" daemon [_thread_blocked, id=22216, stack(0x000000001c2a0000,0x000000001c3a0000)]
  0x000000001b24a800 JavaThread "rebel-messaging-executor-24" daemon [_thread_blocked, id=17172, stack(0x000000001c1a0000,0x000000001c2a0000)]
  0x0000000019b0b000 JavaThread "rebel-cache-writer" daemon [_thread_blocked, id=18116, stack(0x000000001c0a0000,0x000000001c1a0000)]
  0x0000000019eb6000 JavaThread "rebel-fsnotify-OutputReader" daemon [_thread_blocked, id=8832, stack(0x000000001bfa0000,0x000000001c0a0000)]
  0x0000000019b1b000 JavaThread "rebel-fsnotify-OutputReader" daemon [_thread_blocked, id=17164, stack(0x000000001bea0000,0x000000001bfa0000)]
  0x0000000019b6a800 JavaThread "rebel-fsnotify-ShutdownOnTermination" daemon [_thread_in_native, id=18912, stack(0x000000001bda0000,0x000000001bea0000)]
  0x0000000019b19000 JavaThread "rebel-CacheKeepAlive" daemon [_thread_blocked, id=16848, stack(0x000000001a6d0000,0x000000001a7d0000)]
  0x0000000019a67000 JavaThread "rebel-logger" daemon [_thread_blocked, id=7268, stack(0x000000001a1d0000,0x000000001a2d0000)]
  0x00000000180c9800 JavaThread "Attach Listener" daemon [_thread_blocked, id=16872, stack(0x00000000198d0000,0x00000000199d0000)]
  0x00000000180c8800 JavaThread "Signal Dispatcher" daemon [_thread_blocked, id=17432, stack(0x00000000197d0000,0x00000000198d0000)]
  0x0000000018070000 JavaThread "Finalizer" daemon [_thread_blocked, id=18228, stack(0x00000000192d0000,0x00000000193d0000)]
  0x0000000018076800 JavaThread "Reference Handler" daemon [_thread_blocked, id=20536, stack(0x00000000191d0000,0x00000000192d0000)]

Other Threads:
  0x0000000018068000 VMThread [stack: 0x00000000190d0000,0x00000000191d0000] [id=8112]
  0x000000001d902000 WatcherThread [stack: 0x000000001e470000,0x000000001e570000] [id=22420]

VM state:not at safepoint (normal execution)

VM Mutex/Monitor currently owned by a thread:  ([mutex/lock_event])
[0x00000000034850c0] Compile_lock - owner thread: 0x000000001b871800

Heap:
 PSYoungGen      total 158720K, used 30971K [0x00000000d6000000, 0x00000000e0d80000, 0x0000000100000000)
  eden space 147968K, 14% used [0x00000000d6000000,0x00000000d759e110,0x00000000df080000)
  from space 10752K, 82% used [0x00000000e0300000,0x00000000e0ba0df8,0x00000000e0d80000)
  to   space 14848K, 0% used [0x00000000df080000,0x00000000df080000,0x00000000dff00000)
 ParOldGen       total 177664K, used 33891K [0x0000000082000000, 0x000000008cd80000, 0x00000000d6000000)
  object space 177664K, 19% used [0x0000000082000000,0x0000000084118d28,0x000000008cd80000)
 Metaspace       used 70740K, capacity 72128K, committed 72408K, reserved 1114112K
  class space    used 8049K, capacity 8423K, committed 8448K, reserved 1048576K

Card table byte_map: [0x0000000012940000,0x0000000012d40000] byte_map_base: 0x0000000012530000

Marking Bits: (ParMarkBitMap*) 0x000000006b4eb460
 Begin Bits: [0x00000000133e0000, 0x0000000015360000)
 End Bits:   [0x0000000015360000, 0x00000000172e0000)

Polling page: 0x0000000000e20000

CodeCache: size=245760Kb used=15621Kb max_used=28492Kb free=230138Kb
 bounds [0x0000000003580000, 0x00000000051a0000, 0x0000000012580000]
 total_blobs=8121 nmethods=7587 adapters=446
 compilation: enabled

Compilation events (10 events):
Event: 93364.836 Thread 0x000000001b871800 nmethod 12011 0x0000000003dfd090 code [0x0000000003dfd1e0, 0x0000000003dfd390]
Event: 93364.836 Thread 0x000000001b871800 12010       2       sun.reflect.annotation.AnnotationParser::toClass (42 bytes)
Event: 93364.836 Thread 0x000000001b871800 nmethod 12010 0x00000000048c7ed0 code [0x00000000048c8080, 0x00000000048c8458]
Event: 93364.836 Thread 0x000000001b871800 12008       2       sun.reflect.annotation.AnnotationParser::parseMemberValue (167 bytes)
Event: 93364.837 Thread 0x000000001b871800 nmethod 12008 0x0000000003c405d0 code [0x0000000003c40840, 0x0000000003c41118]
Event: 93364.837 Thread 0x000000001b871800 12070       2       sun.reflect.annotation.AnnotationInvocationHandler::hashCodeImpl (74 bytes)
Event: 93364.838 Thread 0x000000001b871800 nmethod 12070 0x0000000004c44b90 code [0x0000000004c44d80, 0x0000000004c45128]
Event: 93364.838 Thread 0x000000001b871800 12018       2       java.util.LinkedHashMap::<init> (16 bytes)
Event: 93364.838 Thread 0x000000001b871800 nmethod 12018 0x0000000003e92010 code [0x0000000003e92180, 0x0000000003e92308]
Event: 93364.838 Thread 0x000000001b871800 12072   !   2       org.springframework.util.ConcurrentReferenceHashMap$Segment::restructureIfNecessary (371 bytes)

GC Heap History (10 events):
Event: 43.013 GC heap before
{Heap before GC invocations=15 (full 3):
 PSYoungGen      total 140288K, used 130025K [0x00000000d6000000, 0x00000000e0f80000, 0x0000000100000000)
  eden space 123392K, 100% used [0x00000000d6000000,0x00000000dd880000,0x00000000dd880000)
  from space 16896K, 39% used [0x00000000dd880000,0x00000000ddefa4d0,0x00000000de900000)
  to   space 16896K, 0% used [0x00000000dff00000,0x00000000dff00000,0x00000000e0f80000)
 ParOldGen       total 177664K, used 33851K [0x0000000082000000, 0x000000008cd80000, 0x00000000d6000000)
  object space 177664K, 19% used [0x0000000082000000,0x000000008410ed28,0x000000008cd80000)
 Metaspace       used 64981K, capacity 66344K, committed 66648K, reserved 1107968K
  class space    used 7603K, capacity 7977K, committed 8064K, reserved 1048576K
Event: 43.026 GC heap after
Heap after GC invocations=15 (full 3):
 PSYoungGen      total 153600K, used 9801K [0x00000000d6000000, 0x00000000e0a80000, 0x0000000100000000)
  eden space 141824K, 0% used [0x00000000d6000000,0x00000000d6000000,0x00000000dea80000)
  from space 11776K, 83% used [0x00000000dff00000,0x00000000e08924d8,0x00000000e0a80000)
  to   space 16384K, 0% used [0x00000000dea80000,0x00000000dea80000,0x00000000dfa80000)
 ParOldGen       total 177664K, used 33859K [0x0000000082000000, 0x000000008cd80000, 0x00000000d6000000)
  object space 177664K, 19% used [0x0000000082000000,0x0000000084110d28,0x000000008cd80000)
 Metaspace       used 64981K, capacity 66344K, committed 66648K, reserved 1107968K
  class space    used 7603K, capacity 7977K, committed 8064K, reserved 1048576K
}
Event: 129.897 GC heap before
{Heap before GC invocations=16 (full 3):
 PSYoungGen      total 153600K, used 151625K [0x00000000d6000000, 0x00000000e0a80000, 0x0000000100000000)
  eden space 141824K, 100% used [0x00000000d6000000,0x00000000dea80000,0x00000000dea80000)
  from space 11776K, 83% used [0x00000000dff00000,0x00000000e08924d8,0x00000000e0a80000)
  to   space 16384K, 0% used [0x00000000dea80000,0x00000000dea80000,0x00000000dfa80000)
 ParOldGen       total 177664K, used 33859K [0x0000000082000000, 0x000000008cd80000, 0x00000000d6000000)
  object space 177664K, 19% used [0x0000000082000000,0x0000000084110d28,0x000000008cd80000)
 Metaspace       used 68693K, capacity 70090K, committed 70488K, reserved 1112064K
  class space    used 7860K, capacity 8222K, committed 8320K, reserved 1048576K
Event: 129.909 GC heap after
Heap after GC invocations=16 (full 3):
 PSYoungGen      total 158208K, used 11148K [0x00000000d6000000, 0x00000000e1b80000, 0x0000000100000000)
  eden space 141824K, 0% used [0x00000000d6000000,0x00000000d6000000,0x00000000dea80000)
  from space 16384K, 68% used [0x00000000dea80000,0x00000000df563028,0x00000000dfa80000)
  to   space 16384K, 0% used [0x00000000e0b80000,0x00000000e0b80000,0x00000000e1b80000)
 ParOldGen       total 177664K, used 33867K [0x0000000082000000, 0x000000008cd80000, 0x00000000d6000000)
  object space 177664K, 19% used [0x0000000082000000,0x0000000084112d28,0x000000008cd80000)
 Metaspace       used 68693K, capacity 70090K, committed 70488K, reserved 1112064K
  class space    used 7860K, capacity 8222K, committed 8320K, reserved 1048576K
}
Event: 208.589 GC heap before
{Heap before GC invocations=17 (full 3):
 PSYoungGen      total 158208K, used 152972K [0x00000000d6000000, 0x00000000e1b80000, 0x0000000100000000)
  eden space 141824K, 100% used [0x00000000d6000000,0x00000000dea80000,0x00000000dea80000)
  from space 16384K, 68% used [0x00000000dea80000,0x00000000df563028,0x00000000dfa80000)
  to   space 16384K, 0% used [0x00000000e0b80000,0x00000000e0b80000,0x00000000e1b80000)
 ParOldGen       total 177664K, used 33867K [0x0000000082000000, 0x000000008cd80000, 0x00000000d6000000)
  object space 177664K, 19% used [0x0000000082000000,0x0000000084112d28,0x000000008cd80000)
 Metaspace       used 68793K, capacity 70154K, committed 70488K, reserved 1112064K
  class space    used 7860K, capacity 8222K, committed 8320K, reserved 1048576K
Event: 208.600 GC heap after
Heap after GC invocations=17 (full 3):
 PSYoungGen      total 167424K, used 9446K [0x00000000d6000000, 0x00000000e1700000, 0x0000000100000000)
  eden space 155648K, 0% used [0x00000000d6000000,0x00000000d6000000,0x00000000df800000)
  from space 11776K, 80% used [0x00000000e0b80000,0x00000000e14b9a38,0x00000000e1700000)
  to   space 15872K, 0% used [0x00000000df800000,0x00000000df800000,0x00000000e0780000)
 ParOldGen       total 177664K, used 33875K [0x0000000082000000, 0x000000008cd80000, 0x00000000d6000000)
  object space 177664K, 19% used [0x0000000082000000,0x0000000084114d28,0x000000008cd80000)
 Metaspace       used 68793K, capacity 70154K, committed 70488K, reserved 1112064K
  class space    used 7860K, capacity 8222K, committed 8320K, reserved 1048576K
}
Event: 279.606 GC heap before
{Heap before GC invocations=18 (full 3):
 PSYoungGen      total 167424K, used 165094K [0x00000000d6000000, 0x00000000e1700000, 0x0000000100000000)
  eden space 155648K, 100% used [0x00000000d6000000,0x00000000df800000,0x00000000df800000)
  from space 11776K, 80% used [0x00000000e0b80000,0x00000000e14b9a38,0x00000000e1700000)
  to   space 15872K, 0% used [0x00000000df800000,0x00000000df800000,0x00000000e0780000)
 ParOldGen       total 177664K, used 33875K [0x0000000082000000, 0x000000008cd80000, 0x00000000d6000000)
  object space 177664K, 19% used [0x0000000082000000,0x0000000084114d28,0x000000008cd80000)
 Metaspace       used 68813K, capacity 70218K, committed 70488K, reserved 1112064K
  class space    used 7860K, capacity 8222K, committed 8320K, reserved 1048576K
Event: 279.622 GC heap after
Heap after GC invocations=18 (full 3):
 PSYoungGen      total 161280K, used 9444K [0x00000000d6000000, 0x00000000e1200000, 0x0000000100000000)
  eden space 151552K, 0% used [0x00000000d6000000,0x00000000d6000000,0x00000000df400000)
  from space 9728K, 97% used [0x00000000df800000,0x00000000e01392e8,0x00000000e0180000)
  to   space 15360K, 0% used [0x00000000e0300000,0x00000000e0300000,0x00000000e1200000)
 ParOldGen       total 177664K, used 33883K [0x0000000082000000, 0x000000008cd80000, 0x00000000d6000000)
  object space 177664K, 19% used [0x0000000082000000,0x0000000084116d28,0x000000008cd80000)
 Metaspace       used 68813K, capacity 70218K, committed 70488K, reserved 1112064K
  class space    used 7860K, capacity 8222K, committed 8320K, reserved 1048576K
}
Event: 93235.454 GC heap before
{Heap before GC invocations=19 (full 3):
 PSYoungGen      total 161280K, used 160996K [0x00000000d6000000, 0x00000000e1200000, 0x0000000100000000)
  eden space 151552K, 100% used [0x00000000d6000000,0x00000000df400000,0x00000000df400000)
  from space 9728K, 97% used [0x00000000df800000,0x00000000e01392e8,0x00000000e0180000)
  to   space 15360K, 0% used [0x00000000e0300000,0x00000000e0300000,0x00000000e1200000)
 ParOldGen       total 177664K, used 33883K [0x0000000082000000, 0x000000008cd80000, 0x00000000d6000000)
  object space 177664K, 19% used [0x0000000082000000,0x0000000084116d28,0x000000008cd80000)
 Metaspace       used 69914K, capacity 71306K, committed 71640K, reserved 1112064K
  class space    used 7968K, capacity 8350K, committed 8448K, reserved 1048576K
Event: 93235.573 GC heap after
Heap after GC invocations=19 (full 3):
 PSYoungGen      total 158720K, used 8835K [0x00000000d6000000, 0x00000000e0d80000, 0x0000000100000000)
  eden space 147968K, 0% used [0x00000000d6000000,0x00000000d6000000,0x00000000df080000)
  from space 10752K, 82% used [0x00000000e0300000,0x00000000e0ba0df8,0x00000000e0d80000)
  to   space 14848K, 0% used [0x00000000df080000,0x00000000df080000,0x00000000dff00000)
 ParOldGen       total 177664K, used 33891K [0x0000000082000000, 0x000000008cd80000, 0x00000000d6000000)
  object space 177664K, 19% used [0x0000000082000000,0x0000000084118d28,0x000000008cd80000)
 Metaspace       used 69914K, capacity 71306K, committed 71640K, reserved 1112064K
  class space    used 7968K, capacity 8350K, committed 8448K, reserved 1048576K
}

Deoptimization events (10 events):
Event: 93268.574 Thread 0x000000001b3dc000 Uncommon trap: reason=array_check action=maybe_recompile pc=0x00000000037ef978 method=com.zeroturnaround.jrebelbase.facade.a.a([Ljava/lang/Object;I[Ljava/lang/Object;II)V @ 98
Event: 93268.574 Thread 0x000000001b3dc000 Uncommon trap: reason=array_check action=maybe_recompile pc=0x00000000037ef978 method=com.zeroturnaround.jrebelbase.facade.a.a([Ljava/lang/Object;I[Ljava/lang/Object;II)V @ 98
Event: 93268.741 Thread 0x000000001b3dc000 Uncommon trap: reason=class_check action=maybe_recompile pc=0x0000000003ed55e4 method=com.zeroturnaround.jrebelbase.facade.g.compareObject(Lcom/zeroturnaround/jrebelbase/h;Lcom/zeroturnaround/jrebelbase/h;)Z @ 47
Event: 93268.741 Thread 0x000000001b3dc000 Uncommon trap: reason=class_check action=maybe_recompile pc=0x0000000003ed55e4 method=com.zeroturnaround.jrebelbase.facade.g.compareObject(Lcom/zeroturnaround/jrebelbase/h;Lcom/zeroturnaround/jrebelbase/h;)Z @ 47
Event: 93268.741 Thread 0x000000001b3dc000 Uncommon trap: reason=predicate action=maybe_recompile pc=0x0000000004f82120 method=java.util.LinkedList.remove(Ljava/lang/Object;)Z @ 52
Event: 93268.769 Thread 0x000000001b3dc000 Uncommon trap: reason=unreached action=reinterpret pc=0x0000000004cc3820 method=com.zeroturnaround.jrebelbase.facade.ad.isAssignableFrom(Ljava/lang/Class;Ljava/lang/Class;)Z @ 25
Event: 93362.931 Thread 0x0000000023d47000 Uncommon trap: reason=unreached action=reinterpret pc=0x0000000004e0df10 method=org.apache.tomcat.util.net.NioEndpoint$Poller.events()Z @ 26
Event: 93364.776 Thread 0x0000000022f3a000 Uncommon trap: reason=bimorphic action=maybe_recompile pc=0x0000000004dd3d2c method=com.zeroturnaround.javarebel.gtr.get(Ljava/lang/Object;)Ljava/lang/Object; @ 12
Event: 93364.808 Thread 0x0000000022f3a000 Uncommon trap: reason=class_check action=maybe_recompile pc=0x0000000003ed55e4 method=com.zeroturnaround.jrebelbase.facade.g.compareObject(Lcom/zeroturnaround/jrebelbase/h;Lcom/zeroturnaround/jrebelbase/h;)Z @ 47
Event: 93364.808 Thread 0x0000000022f3a000 Uncommon trap: reason=class_check action=maybe_recompile pc=0x0000000003ed55e4 method=com.zeroturnaround.jrebelbase.facade.g.compareObject(Lcom/zeroturnaround/jrebelbase/h;Lcom/zeroturnaround/jrebelbase/h;)Z @ 47

Internal exceptions (10 events):
Event: 93364.729 Thread 0x0000000022f3a000 Exception <a 'java/security/PrivilegedActionException'> (0x00000000d71adae8) thrown at [D:\re\workspace\8-2-build-windows-amd64-cygwin\jdk8u20\1074\hotspot\src\share\vm\prims\jvm.cpp, line 1275]
Event: 93364.730 Thread 0x0000000022f3a000 Exception <a 'java/security/PrivilegedActionException'> (0x00000000d71b30a0) thrown at [D:\re\workspace\8-2-build-windows-amd64-cygwin\jdk8u20\1074\hotspot\src\share\vm\prims\jvm.cpp, line 1275]
Event: 93364.730 Thread 0x0000000022f3a000 Exception <a 'java/security/PrivilegedActionException'> (0x00000000d71b3a68) thrown at [D:\re\workspace\8-2-build-windows-amd64-cygwin\jdk8u20\1074\hotspot\src\share\vm\prims\jvm.cpp, line 1275]
Event: 93364.731 Thread 0x0000000022f3a000 Exception <a 'java/security/PrivilegedActionException'> (0x00000000d71b90c0) thrown at [D:\re\workspace\8-2-build-windows-amd64-cygwin\jdk8u20\1074\hotspot\src\share\vm\prims\jvm.cpp, line 1275]
Event: 93364.758 Thread 0x0000000022f3a000 Exception <a 'java/security/PrivilegedActionException'> (0x00000000d7251a00) thrown at [D:\re\workspace\8-2-build-windows-amd64-cygwin\jdk8u20\1074\hotspot\src\share\vm\prims\jvm.cpp, line 1275]
Event: 93364.765 Thread 0x0000000022f3a000 Exception <a 'java/security/PrivilegedActionException'> (0x00000000d726d9d0) thrown at [D:\re\workspace\8-2-build-windows-amd64-cygwin\jdk8u20\1074\hotspot\src\share\vm\prims\jvm.cpp, line 1275]
Event: 93364.772 Thread 0x0000000022f3a000 Exception <a 'java/security/PrivilegedActionException'> (0x00000000d7290430) thrown at [D:\re\workspace\8-2-build-windows-amd64-cygwin\jdk8u20\1074\hotspot\src\share\vm\prims\jvm.cpp, line 1275]
Event: 93364.803 Thread 0x0000000022f3a000 Exception <a 'java/security/PrivilegedActionException'> (0x00000000d734f5c8) thrown at [D:\re\workspace\8-2-build-windows-amd64-cygwin\jdk8u20\1074\hotspot\src\share\vm\prims\jvm.cpp, line 1275]
Event: 93364.809 Thread 0x0000000022f3a000 Exception <a 'java/security/PrivilegedActionException'> (0x00000000d7364170) thrown at [D:\re\workspace\8-2-build-windows-amd64-cygwin\jdk8u20\1074\hotspot\src\share\vm\prims\jvm.cpp, line 1275]
Event: 93364.812 Thread 0x0000000022f3a000 Exception <a 'java/security/PrivilegedActionException'> (0x00000000d7380260) thrown at [D:\re\workspace\8-2-build-windows-amd64-cygwin\jdk8u20\1074\hotspot\src\share\vm\prims\jvm.cpp, line 1275]

Events (10 events):
Event: 93364.808 Thread 0x0000000022f3a000 DEOPT PACKING pc=0x0000000003ed55e4 sp=0x0000000025f1e460
Event: 93364.808 Thread 0x0000000022f3a000 DEOPT UNPACKING pc=0x00000000035c556a sp=0x0000000025f1e3c8 mode 2
Event: 93364.808 Executing VM operation: RevokeBias
Event: 93364.809 Executing VM operation: RevokeBias done
Event: 93364.809 loading class org/springframework/web/servlet/config/annotation/WebMvcConfigurationSupport$NoOpValidator
Event: 93364.809 loading class org/springframework/web/servlet/config/annotation/WebMvcConfigurationSupport$NoOpValidator done
Event: 93364.812 loading class org/zeroturnaround/javarebel/integration/spring/beans/ClassInspectionUtil
Event: 93364.812 loading class org/zeroturnaround/javarebel/integration/spring/beans/ClassInspectionUtil done
Event: 93364.812 Thread 0x0000000022f3a000 DEOPT PACKING pc=0x000000000372678e sp=0x0000000025f1c4c0
Event: 93364.812 Thread 0x0000000022f3a000 DEOPT UNPACKING pc=0x00000000035c75bf sp=0x0000000025f1c1e8 mode 0


Dynamic libraries:
0x00007ff7d4f30000 - 0x00007ff7d4f64000 	C:\Program Files\Java\jdk1.8.0_20\jre\bin\javaw.exe
0x00007fff502c0000 - 0x00007fff504a1000 	C:\WINDOWS\SYSTEM32\ntdll.dll
0x00007fff4fa20000 - 0x00007fff4fad2000 	C:\WINDOWS\System32\KERNEL32.DLL
0x00007fff4ca10000 - 0x00007fff4cc83000 	C:\WINDOWS\System32\KERNELBASE.dll
0x00007fff4fbf0000 - 0x00007fff4fc91000 	C:\WINDOWS\System32\ADVAPI32.dll
0x00007fff4fca0000 - 0x00007fff4fd3e000 	C:\WINDOWS\System32\msvcrt.dll
0x00007fff4f200000 - 0x00007fff4f25b000 	C:\WINDOWS\System32\sechost.dll
0x00007fff4dc60000 - 0x00007fff4dd84000 	C:\WINDOWS\System32\RPCRT4.dll
0x00007fff4d860000 - 0x00007fff4d9f0000 	C:\WINDOWS\System32\USER32.dll
0x00007fff4d590000 - 0x00007fff4d5b0000 	C:\WINDOWS\System32\win32u.dll
0x00007fff4d750000 - 0x00007fff4d778000 	C:\WINDOWS\System32\GDI32.dll
0x00007fff4d5b0000 - 0x00007fff4d742000 	C:\WINDOWS\System32\gdi32full.dll
0x00007fff4c6f0000 - 0x00007fff4c78f000 	C:\WINDOWS\System32\msvcp_win.dll
0x00007fff4c910000 - 0x00007fff4ca0a000 	C:\WINDOWS\System32\ucrtbase.dll
0x00007fff41570000 - 0x00007fff417d9000 	C:\WINDOWS\WinSxS\amd64_microsoft.windows.common-controls_6595b64144ccf1df_6.0.17134.165_none_fb429645306569ac\COMCTL32.dll
0x00007fff4fdc0000 - 0x00007fff500e3000 	C:\WINDOWS\System32\combase.dll
0x00007fff4c7e0000 - 0x00007fff4c85a000 	C:\WINDOWS\System32\bcryptPrimitives.dll
0x00007fff4dd90000 - 0x00007fff4ddbd000 	C:\WINDOWS\System32\IMM32.DLL
0x000000006b760000 - 0x000000006b832000 	C:\Program Files\Java\jdk1.8.0_20\jre\bin\msvcr100.dll
0x000000006ad10000 - 0x000000006b568000 	C:\Program Files\Java\jdk1.8.0_20\jre\bin\server\jvm.dll
0x00007fff4d850000 - 0x00007fff4d858000 	C:\WINDOWS\System32\PSAPI.DLL
0x00007fff43ab0000 - 0x00007fff43ad3000 	C:\WINDOWS\SYSTEM32\WINMM.dll
0x00007fff29330000 - 0x00007fff29339000 	C:\WINDOWS\SYSTEM32\WSOCK32.dll
0x00007fff4da90000 - 0x00007fff4dafc000 	C:\WINDOWS\System32\WS2_32.dll
0x00007fff438a0000 - 0x00007fff438ca000 	C:\WINDOWS\SYSTEM32\winmmbase.dll
0x00007fff4c790000 - 0x00007fff4c7d9000 	C:\WINDOWS\System32\cfgmgr32.dll
0x000000006b750000 - 0x000000006b75f000 	C:\Program Files\Java\jdk1.8.0_20\jre\bin\verify.dll
0x000000006b720000 - 0x000000006b748000 	C:\Program Files\Java\jdk1.8.0_20\jre\bin\java.dll
0x00007fff42e80000 - 0x00007fff42eb9000 	C:\fframe\eclipse\plugins\org.zeroturnaround.eclipse.embedder_2018.1.2.RELEASE\jrebel\lib\jrebel64.dll
0x00007fff4ddc0000 - 0x00007fff4f200000 	C:\WINDOWS\System32\SHELL32.dll
0x00007fff4fb40000 - 0x00007fff4fbe9000 	C:\WINDOWS\System32\shcore.dll
0x00007fff4cc90000 - 0x00007fff4d39d000 	C:\WINDOWS\System32\windows.storage.dll
0x00007fff4f840000 - 0x00007fff4f891000 	C:\WINDOWS\System32\shlwapi.dll
0x00007fff4c620000 - 0x00007fff4c631000 	C:\WINDOWS\System32\kernel.appcore.dll
0x00007fff4c670000 - 0x00007fff4c68f000 	C:\WINDOWS\System32\profapi.dll
0x00007fff4c5d0000 - 0x00007fff4c61c000 	C:\WINDOWS\System32\powrprof.dll
0x00007fff4c640000 - 0x00007fff4c64a000 	C:\WINDOWS\System32\FLTLIB.DLL
0x00007fff4c020000 - 0x00007fff4c02b000 	C:\WINDOWS\SYSTEM32\CRYPTBASE.DLL
0x000000006acf0000 - 0x000000006ad06000 	C:\Program Files\Java\jdk1.8.0_20\jre\bin\zip.dll
0x000000006b710000 - 0x000000006b71d000 	C:\Program Files\Java\jdk1.8.0_20\jre\bin\management.dll
0x000000006acd0000 - 0x000000006acea000 	C:\Program Files\Java\jdk1.8.0_20\jre\bin\net.dll
0x00007fff4be50000 - 0x00007fff4beb6000 	C:\WINDOWS\system32\mswsock.dll
0x000000006acb0000 - 0x000000006acc1000 	C:\Program Files\Java\jdk1.8.0_20\jre\bin\nio.dll
0x000000006ac80000 - 0x000000006aca4000 	C:\Program Files\Java\jdk1.8.0_20\jre\bin\sunec.dll
0x00007fff48bf0000 - 0x00007fff48c0b000 	C:\Users\psh000\AppData\Local\Temp\jrebel-temp\ver-29d5df4e\IdeaWin64.dll
0x000000006ac70000 - 0x000000006ac7b000 	C:\Program Files\Java\jdk1.8.0_20\jre\bin\sunmscapi.dll
0x00007fff4d3a0000 - 0x00007fff4d582000 	C:\WINDOWS\System32\CRYPT32.dll
0x00007fff4c650000 - 0x00007fff4c662000 	C:\WINDOWS\System32\MSASN1.dll
0x00007fff4c000000 - 0x00007fff4c017000 	C:\WINDOWS\SYSTEM32\CRYPTSP.dll
0x00007fff4ba30000 - 0x00007fff4ba63000 	C:\WINDOWS\system32\rsaenh.dll
0x00007fff4c130000 - 0x00007fff4c155000 	C:\WINDOWS\SYSTEM32\bcrypt.dll
0x00007fff4c500000 - 0x00007fff4c528000 	C:\WINDOWS\SYSTEM32\USERENV.dll
0x00007fff4bbd0000 - 0x00007fff4bc08000 	C:\WINDOWS\SYSTEM32\IPHLPAPI.DLL
0x00007fff4f3e0000 - 0x00007fff4f3e8000 	C:\WINDOWS\System32\NSI.dll
0x00007fff46380000 - 0x00007fff46396000 	C:\WINDOWS\SYSTEM32\dhcpcsvc6.DLL
0x00007fff46450000 - 0x00007fff4646a000 	C:\WINDOWS\SYSTEM32\dhcpcsvc.DLL
0x00007fff292c0000 - 0x00007fff292d6000 	C:\WINDOWS\system32\napinsp.dll
0x00007fff292a0000 - 0x00007fff292ba000 	C:\WINDOWS\system32\pnrpnsp.dll
0x00007fff48b90000 - 0x00007fff48ba9000 	C:\WINDOWS\system32\NLAapi.dll
0x00007fff4bc10000 - 0x00007fff4bcce000 	C:\WINDOWS\SYSTEM32\DNSAPI.dll
0x00007fff15920000 - 0x00007fff1592e000 	C:\WINDOWS\System32\winrnr.dll
0x00007fff44d90000 - 0x00007fff44d9a000 	C:\Windows\System32\rasadhlp.dll
0x00007fff45880000 - 0x00007fff458f2000 	C:\WINDOWS\System32\fwpuclnt.dll
0x00007fff4af10000 - 0x00007fff4b0d9000 	C:\WINDOWS\SYSTEM32\dbghelp.dll

VM Arguments:
jvm_args: -Dcom.sun.management.jmxremote -Dcom.sun.management.jmxremote.port=9557 -Dcom.sun.management.jmxremote.authenticate=false -Dcom.sun.management.jmxremote.ssl=false -Djava.rmi.server.hostname=localhost -Dspring.liveBeansView.mbeanDomain -Dspring.application.admin.enabled=true -Drebel.base=C:\Users\psh000\.jrebel -Drebel.env.ide.plugin.version=2018.1.2 -Drebel.env.ide.version=4.6.3 -Drebel.env.ide.product=Eclipse -Drebel.env.ide=eclipse -Drebel.notification.url=http://localhost:17434 -Drebel.workspace.path=C:\fframe\workspace -Drebel.properties=C:\Users\psh000\.jrebel\jrebel.properties -agentpath:C:\fframe\eclipse\plugins\org.zeroturnaround.eclipse.embedder_2018.1.2.RELEASE\jrebel\lib\jrebel64.dll -Dfile.encoding=UTF-8 
java_command: net.pmosoft.subtitle.SubtitlestudyApplication
java_class_path (initial): C:\fframe\workspace\subtitlestudy\target\classes;C:\fframe\maven\repository\org\springframework\boot\spring-boot-starter-web\1.5.4.RELEASE\spring-boot-starter-web-1.5.4.RELEASE.jar;C:\fframe\maven\repository\org\springframework\boot\spring-boot-starter\1.5.4.RELEASE\spring-boot-starter-1.5.4.RELEASE.jar;C:\fframe\maven\repository\org\springframework\boot\spring-boot\1.5.4.RELEASE\spring-boot-1.5.4.RELEASE.jar;C:\fframe\maven\repository\org\springframework\boot\spring-boot-autoconfigure\1.5.4.RELEASE\spring-boot-autoconfigure-1.5.4.RELEASE.jar;C:\fframe\maven\repository\org\springframework\boot\spring-boot-starter-logging\1.5.4.RELEASE\spring-boot-starter-logging-1.5.4.RELEASE.jar;C:\fframe\maven\repository\ch\qos\logback\logback-classic\1.1.11\logback-classic-1.1.11.jar;C:\fframe\maven\repository\ch\qos\logback\logback-core\1.1.11\logback-core-1.1.11.jar;C:\fframe\maven\repository\org\slf4j\jcl-over-slf4j\1.7.25\jcl-over-slf4j-1.7.25.jar;C:\fframe\maven\repository\org\slf4j\jul-to-slf4j\1.7.25\jul-to-slf4j-1.7.25.jar;C:\fframe\maven\repository\org\slf4j\log4j-over-slf4j\1.7.25\log4j-over-slf4j-1.7.25.jar;C:\fframe\maven\repository\org\yaml\snakeyaml\1.17\snakeyaml-1.17.jar;C:\fframe\maven\repository\org\springframework\boot\spring-boot-starter-tomcat\1.5.4.RELEASE\spring-boot-starter-tomcat-1.5.4.RELEASE.jar;C:\fframe\maven\repository\org\apache\tomcat\embed\tomcat-embed-core\8.5.15\tomcat-embed-core-8.5.15.jar;C:\fframe\maven\repository\org\apache\tomcat\embed\tomcat-embed-websocket\8.5.15\tomcat-embed-websocket-8.5.15.jar;C:\fframe\maven\repository\org\hibernate\hibernate-validator\5.3.5.Final\hibernate-validator-5.3.5.Final.jar;C:\fframe\maven\repository\javax\validation\validation-api\1.1.0.Final\validation-api-1.1.0.Final.jar;C:\fframe\maven\repository\org\jboss\logging\jboss-logging\3.3.1.Final\jboss-logging-3.3.1.Final.jar;C:\fframe\maven\repository\com\fasterxml\classmate\1.3.3\classmate-1.3.3.jar;C:\fframe\maven\repository\com\f
Launcher Type: SUN_STANDARD

Environment Variables:
PATH=C:/Program Files/Java/jre1.8.0_171/bin/server;C:/Program Files/Java/jre1.8.0_171/bin;C:/Program Files/Java/jre1.8.0_171/lib/amd64;C:\Program Files (x86)\Common Files\Oracle\Java\javapath;C:\ProgramData\Oracle\Java\javapath;C:\Windows\system32;C:\Windows;C:\Windows\System32\Wbem;C:\Windows\System32\WindowsPowerShell\v1.0\;C:\Program Files (x86)\NVIDIA Corporation\PhysX\Common;C:\WINDOWS\system32;C:\WINDOWS;C:\WINDOWS\System32\Wbem;C:\WINDOWS\System32\WindowsPowerShell\v1.0\;C:\Program Files (x86)\IDM Computer Solutions\UltraEdit-32;C:\fframe\Sencha\Cmd\;C:\Program Files\nodejs\;C:\WINDOWS\System32\OpenSSH\;C:\Program Files\Microsoft VS Code\bin;C:\Users\psh000\AppData\Local\Microsoft\WindowsApps;C:\Users\psh000\AppData\Roaming\npm;C:\Users\psh000\AppData\Local\Microsoft\WindowsApps;C:\Program Files\Microsoft VS Code\bin;c:\fframe\eclipse;
USERNAME=psh000
OS=Windows_NT
PROCESSOR_IDENTIFIER=Intel64 Family 6 Model 142 Stepping 9, GenuineIntel



---------------  S Y S T E M  ---------------

OS: Windows 8.1 , 64 bit Build 9600 

CPU:total 4 (2 cores per cpu, 2 threads per core) family 6 model 142 stepping 9, cmov, cx8, fxsr, mmx, sse, sse2, sse3, ssse3, sse4.1, sse4.2, popcnt, avx, avx2, aes, clmul, erms, lzcnt, ht, tsc, tscinvbit, bmi1, bmi2

Memory: 4k page, physical 8251788k(2160688k free), swap 22797068k(3787812k free)

vm_info: Java HotSpot(TM) 64-Bit Server VM (25.20-b23) for windows-amd64 JRE (1.8.0_20-b26), built on Jul 30 2014 13:51:23 by "java_re" with MS VC++ 10.0 (VS2010)

time: Sat Aug 04 13:40:26 2018
elapsed time: 93364 seconds (1d 1h 56m 4s)

