#
# A fatal error has been detected by the Java Runtime Environment:
#
#  EXCEPTION_ACCESS_VIOLATION (0xc0000005) at pc=0x000000006b1d2c16, pid=18508, tid=2824
#
# JRE version: Java(TM) SE Runtime Environment (8.0_20-b26) (build 1.8.0_20-b26)
# Java VM: Java HotSpot(TM) 64-Bit Server VM (25.20-b23 mixed mode windows-amd64 compressed oops)
# Problematic frame:
# V  [jvm.dll+0x4c2c16]
#
# Failed to write core dump. Minidumps are not enabled by default on client versions of Windows
#
# If you would like to submit a bug report, please visit:
#   http://bugreport.sun.com/bugreport/crash.jsp
#

---------------  T H R E A D  ---------------

Current thread (0x000000001ad24800):  JavaThread "C2 CompilerThread1" daemon [_thread_in_native, id=2824, stack(0x000000001c390000,0x000000001c490000)]

siginfo: ExceptionCode=0xc0000005, reading address 0x0000000000000010

Registers:
RAX=0x0000000000000000, RBX=0x0000000021e99a20, RCX=0x0000000021e99a20, RDX=0x000000001d466660
RSP=0x000000001c48da60, RBP=0x0000000021e99a20, RSI=0x000000001c48eec0, RDI=0x000000006b346888
R8 =0x0000000021e99a20, R9 =0x0000000000000002, R10=0x000000001ac31410, R11=0x0000000000000000
R12=0x000000001c48e470, R13=0x000000001d466660, R14=0x00000000204f6b30, R15=0x0000000000000000
RIP=0x000000006b1d2c16, EFLAGS=0x0000000000010246

Top of Stack: (sp=0x000000001c48da60)
0x000000001c48da60:   000000001cacaed0 0000000021e99a20
0x000000001c48da70:   000000002163d808 000000001c48dd20
0x000000001c48da80:   0000000000000018 00000000204f67f0
0x000000001c48da90:   000000001c48dd20 000000006b16ac1a
0x000000001c48daa0:   0000000021e99a20 0000000000000003
0x000000001c48dab0:   0000000000000003 000000006b346888
0x000000001c48dac0:   000000001ac34020 0000000000000001
0x000000001c48dad0:   0000000088ca6c00 000000006b14a0b4
0x000000001c48dae0:   00000000204f3b70 000000006b1f39db
0x000000001c48daf0:   0000000000000000 00000000204f67f0
0x000000001c48db00:   0000000000000029 000000006b17fe69
0x000000001c48db10:   00000000204f3b70 0000000000000003
0x000000001c48db20:   0000000000000000 00000000214c30a0
0x000000001c48db30:   0000000200000001 00000000214c2ea0
0x000000001c48db40:   0000000000000029 000000006b14a0b4
0x000000001c48db50:   0000000000000003 000000006ad10000 

Instructions: (pc=0x000000006b1d2c16)
0x000000006b1d2bf6:   8b e1 49 8b c8 49 8b e8 4c 8b ea ff 50 28 44 8b
0x000000006b1d2c06:   48 10 41 83 f9 0e 7c 06 41 83 f9 14 7e 02 33 c0
0x000000006b1d2c16:   8b 48 10 48 89 5c 24 40 83 f9 10 0f 8c 03 01 00
0x000000006b1d2c26:   00 83 f9 12 0f 8f fa 00 00 00 80 78 32 00 0f 84 


Register to memory mapping:

RAX=0x0000000000000000 is an unknown value
RBX=0x0000000021e99a20 is an unknown value
RCX=0x0000000021e99a20 is an unknown value
RDX=0x000000001d466660 is an unknown value
RSP=0x000000001c48da60 is pointing into the stack for thread: 0x000000001ad24800
RBP=0x0000000021e99a20 is an unknown value
RSI=0x000000001c48eec0 is pointing into the stack for thread: 0x000000001ad24800
RDI=0x000000006b346888 is an unknown value
R8 =0x0000000021e99a20 is an unknown value
R9 =0x0000000000000002 is an unknown value
R10=0x000000001ac31410 is an unknown value
R11=0x0000000000000000 is an unknown value
R12=0x000000001c48e470 is pointing into the stack for thread: 0x000000001ad24800
R13=0x000000001d466660 is an unknown value
R14=0x00000000204f6b30 is an unknown value
R15=0x0000000000000000 is an unknown value


Stack: [0x000000001c390000,0x000000001c490000],  sp=0x000000001c48da60,  free space=1014k
Native frames: (J=compiled Java code, j=interpreted, Vv=VM code, C=native code)
V  [jvm.dll+0x4c2c16]
V  [jvm.dll+0x45ac1a]
V  [jvm.dll+0x4d8fd1]
V  [jvm.dll+0x4d9aef]
V  [jvm.dll+0x4d9e69]
V  [jvm.dll+0x4da3d6]
V  [jvm.dll+0x436ec1]
V  [jvm.dll+0x45b2c4]
V  [jvm.dll+0x4e0fd8]
V  [jvm.dll+0x4d9ae7]
V  [jvm.dll+0x4d9e69]
V  [jvm.dll+0x4da3d6]
V  [jvm.dll+0x436ec1]
V  [jvm.dll+0x45243b]
V  [jvm.dll+0x435fc2]
V  [jvm.dll+0x97b62]
V  [jvm.dll+0x98353]
V  [jvm.dll+0x22aac4]
V  [jvm.dll+0x283f5a]
C  [msvcr100.dll+0x21d9f]
C  [msvcr100.dll+0x21e3b]
C  [KERNEL32.DLL+0x13034]
C  [ntdll.dll+0x71431]


Current CompileTask:
C2: 403256 10471   !   4       sun.misc.URLClassPath$JarLoader::getResource (95 bytes)


---------------  P R O C E S S  ---------------

Java Threads: ( => current thread )
  0x0000000023c81800 JavaThread "Intermediate Collector" daemon [_thread_in_native, id=5636, stack(0x0000000027220000,0x0000000027320000)]
  0x0000000023c7d000 JavaThread "rebel-IDENotificationsImpl-PostCycle" daemon [_thread_blocked, id=10076, stack(0x0000000026e20000,0x0000000026f20000)]
  0x0000000023c77800 JavaThread "DestroyJavaVM" [_thread_blocked, id=10288, stack(0x0000000002780000,0x0000000002880000)]
  0x0000000023c7b000 JavaThread "http-nio-8085-AsyncTimeout" daemon [_thread_blocked, id=21808, stack(0x0000000026b20000,0x0000000026c20000)]
  0x0000000023c76800 JavaThread "http-nio-8085-Acceptor-0" daemon [_thread_in_native, id=7732, stack(0x0000000026a20000,0x0000000026b20000)]
  0x0000000023c7a800 JavaThread "http-nio-8085-ClientPoller-1" daemon [_thread_in_native, id=5068, stack(0x0000000026920000,0x0000000026a20000)]
  0x0000000023c78000 JavaThread "http-nio-8085-ClientPoller-0" daemon [_thread_in_native, id=2820, stack(0x0000000026820000,0x0000000026920000)]
  0x0000000023c79800 JavaThread "http-nio-8085-exec-10" daemon [_thread_blocked, id=7500, stack(0x0000000026720000,0x0000000026820000)]
  0x0000000023c79000 JavaThread "http-nio-8085-exec-9" daemon [_thread_blocked, id=1380, stack(0x0000000026620000,0x0000000026720000)]
  0x000000001d5b4800 JavaThread "http-nio-8085-exec-8" daemon [_thread_blocked, id=9700, stack(0x0000000026520000,0x0000000026620000)]
  0x000000001d5ad000 JavaThread "http-nio-8085-exec-7" daemon [_thread_blocked, id=17104, stack(0x0000000026420000,0x0000000026520000)]
  0x0000000023eb2000 JavaThread "http-nio-8085-exec-6" daemon [_thread_blocked, id=20776, stack(0x0000000026320000,0x0000000026420000)]
  0x0000000023eb1000 JavaThread "http-nio-8085-exec-5" daemon [_thread_blocked, id=17176, stack(0x0000000026220000,0x0000000026320000)]
  0x0000000023eb0800 JavaThread "http-nio-8085-exec-4" daemon [_thread_blocked, id=21592, stack(0x0000000026120000,0x0000000026220000)]
  0x0000000023eaf800 JavaThread "http-nio-8085-exec-3" daemon [_thread_blocked, id=4020, stack(0x0000000026020000,0x0000000026120000)]
  0x0000000023eaf000 JavaThread "http-nio-8085-exec-2" daemon [_thread_blocked, id=9076, stack(0x0000000025f20000,0x0000000026020000)]
  0x0000000023ea6800 JavaThread "http-nio-8085-exec-1" daemon [_thread_blocked, id=22192, stack(0x0000000025b50000,0x0000000025c50000)]
  0x0000000023ea5000 JavaThread "NioBlockingSelector.BlockPoller-1" daemon [_thread_in_native, id=4184, stack(0x0000000024a10000,0x0000000024b10000)]
  0x000000001d5aa800 JavaThread "container-0" [_thread_blocked, id=7384, stack(0x0000000022ce0000,0x0000000022de0000)]
  0x000000001d5a9000 JavaThread "ContainerBackgroundProcessor[StandardEngine[Tomcat]]" daemon [_thread_blocked, id=18780, stack(0x0000000022be0000,0x0000000022ce0000)]
  0x000000001d007800 JavaThread "RMI TCP Accept-0" daemon [_thread_in_native, id=2244, stack(0x000000001ea30000,0x000000001eb30000)]
  0x000000001a89c000 JavaThread "RMI TCP Accept-9093" daemon [_thread_in_native, id=3128, stack(0x000000001d960000,0x000000001da60000)]
  0x000000001a89c800 JavaThread "RMI TCP Accept-0" daemon [_thread_in_native, id=3096, stack(0x000000001d860000,0x000000001d960000)]
  0x000000001a89b000 JavaThread "Service Thread" daemon [_thread_blocked, id=2552, stack(0x000000001c590000,0x000000001c690000)]
  0x000000001ad25000 JavaThread "C1 CompilerThread2" daemon [_thread_in_vm, id=22264, stack(0x000000001c490000,0x000000001c590000)]
=>0x000000001ad24800 JavaThread "C2 CompilerThread1" daemon [_thread_in_native, id=2824, stack(0x000000001c390000,0x000000001c490000)]
  0x000000001acfa000 JavaThread "C2 CompilerThread0" daemon [_thread_in_native, id=6308, stack(0x000000001c290000,0x000000001c390000)]
  0x000000001a89f000 JavaThread "rebel-change-detector-thread" daemon [_thread_blocked, id=15240, stack(0x000000001c190000,0x000000001c290000)]
  0x000000001a899000 JavaThread "rebel-debugger-thread" daemon [_thread_blocked, id=2940, stack(0x000000001c090000,0x000000001c190000)]
  0x000000001a89a800 JavaThread "rebel-debugger-attach-notifier" daemon [_thread_blocked, id=22024, stack(0x000000001bf90000,0x000000001c090000)]
  0x000000001a89e000 JavaThread "rebel-heartbeat-thread" daemon [_thread_blocked, id=7960, stack(0x000000001be90000,0x000000001bf90000)]
  0x000000001a89d800 JavaThread "rebel-redeploy-thread" daemon [_thread_blocked, id=20940, stack(0x000000001bd90000,0x000000001be90000)]
  0x000000001a764800 JavaThread "rebel-weak-reaper" daemon [_thread_blocked, id=20840, stack(0x000000001b790000,0x000000001b890000)]
  0x000000001a705000 JavaThread "rebel-messaging-executor-24" daemon [_thread_blocked, id=19476, stack(0x000000001b690000,0x000000001b790000)]
  0x0000000018ff1000 JavaThread "rebel-cache-writer" daemon [_thread_blocked, id=20576, stack(0x000000001b590000,0x000000001b690000)]
  0x000000001a570000 JavaThread "rebel-fsnotify-OutputReader" daemon [_thread_blocked, id=11720, stack(0x000000001b490000,0x000000001b590000)]
  0x000000001a550800 JavaThread "rebel-fsnotify-OutputReader" daemon [_thread_blocked, id=2960, stack(0x000000001b390000,0x000000001b490000)]
  0x0000000019172800 JavaThread "rebel-fsnotify-ShutdownOnTermination" daemon [_thread_in_native, id=20672, stack(0x000000001b290000,0x000000001b390000)]
  0x0000000019086800 JavaThread "rebel-CacheKeepAlive" daemon [_thread_blocked, id=22136, stack(0x0000000019bc0000,0x0000000019cc0000)]
  0x0000000018f66000 JavaThread "rebel-logger" daemon [_thread_blocked, id=7920, stack(0x00000000196c0000,0x00000000197c0000)]
  0x0000000002a7e800 JavaThread "Attach Listener" daemon [_thread_blocked, id=13200, stack(0x0000000018dc0000,0x0000000018ec0000)]
  0x0000000002a7d000 JavaThread "Signal Dispatcher" daemon [_thread_blocked, id=16844, stack(0x0000000018cc0000,0x0000000018dc0000)]
  0x0000000017572800 JavaThread "Finalizer" daemon [_thread_blocked, id=22188, stack(0x00000000187c0000,0x00000000188c0000)]
  0x000000001756f800 JavaThread "Reference Handler" daemon [_thread_blocked, id=17372, stack(0x00000000186c0000,0x00000000187c0000)]

Other Threads:
  0x000000001756a800 VMThread [stack: 0x00000000185c0000,0x00000000186c0000] [id=13628]
  0x000000001d5cd800 WatcherThread [stack: 0x000000001eb30000,0x000000001ec30000] [id=13584]

VM state:not at safepoint (normal execution)

VM Mutex/Monitor currently owned by a thread: None

Heap:
 PSYoungGen      total 158208K, used 132418K [0x00000000d6000000, 0x00000000e2200000, 0x0000000100000000)
  eden space 141824K, 88% used [0x00000000d6000000,0x00000000dd9ec530,0x00000000dea80000)
  from space 16384K, 46% used [0x00000000dea80000,0x00000000df1e4398,0x00000000dfa80000)
  to   space 16384K, 0% used [0x00000000e1200000,0x00000000e1200000,0x00000000e2200000)
 ParOldGen       total 169472K, used 35507K [0x0000000082000000, 0x000000008c580000, 0x00000000d6000000)
  object space 169472K, 20% used [0x0000000082000000,0x00000000842acef8,0x000000008c580000)
 Metaspace       used 64375K, capacity 65688K, committed 66048K, reserved 1107968K
  class space    used 7486K, capacity 7857K, committed 7936K, reserved 1048576K

Card table byte_map: [0x0000000011e40000,0x0000000012240000] byte_map_base: 0x0000000011a30000

Marking Bits: (ParMarkBitMap*) 0x000000006b4eb460
 Begin Bits: [0x00000000128e0000, 0x0000000014860000)
 End Bits:   [0x0000000014860000, 0x00000000167e0000)

Polling page: 0x00000000009a0000

CodeCache: size=245760Kb used=16220Kb max_used=23657Kb free=229539Kb
 bounds [0x0000000002a80000, 0x00000000041e0000, 0x0000000011a80000]
 total_blobs=7476 nmethods=6964 adapters=424
 compilation: enabled

Compilation events (10 events):
Event: 403.004 Thread 0x000000001ad25000 10451       1       com.zeroturnaround.javarebel.gav::b (5 bytes)
Event: 403.005 Thread 0x000000001ad25000 nmethod 10451 0x0000000002ce0550 code [0x0000000002ce06a0, 0x0000000002ce07b0]
Event: 403.005 Thread 0x000000001ad25000 10474       1       com.zeroturnaround.javarebel.ckb::b (5 bytes)
Event: 403.005 Thread 0x000000001ad25000 nmethod 10474 0x0000000002ce0290 code [0x0000000002ce03e0, 0x0000000002ce04f0]
Event: 403.077 Thread 0x000000001ad25000 10476       3       java.io.FileInputStream::read (12 bytes)
Event: 403.077 Thread 0x000000001ad25000 nmethod 10476 0x0000000002cdfbd0 code [0x0000000002cdfd40, 0x0000000002ce00e8]
Event: 403.083 Thread 0x000000001ad24800 nmethod 10442 0x0000000003d16150 code [0x0000000003d16420, 0x0000000003d18828]
Event: 403.083 Thread 0x000000001ad24800 10471   !   4       sun.misc.URLClassPath$JarLoader::getResource (95 bytes)
Event: 403.085 Thread 0x000000001ad25000 10477       3       com.zeroturnaround.javarebel.fyj::a (14 bytes)
Event: 403.086 Thread 0x000000001ad25000 nmethod 10477 0x0000000002cdf190 code [0x0000000002cdf340, 0x0000000002cdf8d8]

GC Heap History (10 events):
Event: 8.506 GC heap before
{Heap before GC invocations=10 (full 2):
 PSYoungGen      total 98304K, used 95574K [0x00000000d6000000, 0x00000000deb00000, 0x0000000100000000)
  eden space 87040K, 100% used [0x00000000d6000000,0x00000000db500000,0x00000000db500000)
  from space 11264K, 75% used [0x00000000db500000,0x00000000dbd55a58,0x00000000dc000000)
  to   space 11264K, 0% used [0x00000000de000000,0x00000000de000000,0x00000000deb00000)
 ParOldGen       total 116736K, used 20626K [0x0000000082000000, 0x0000000089200000, 0x00000000d6000000)
  object space 116736K, 17% used [0x0000000082000000,0x0000000083424a58,0x0000000089200000)
 Metaspace       used 45945K, capacity 47154K, committed 47360K, reserved 1091584K
  class space    used 5520K, capacity 5876K, committed 5888K, reserved 1048576K
Event: 8.517 GC heap after
Heap after GC invocations=10 (full 2):
 PSYoungGen      total 129024K, used 9935K [0x00000000d6000000, 0x00000000dea80000, 0x0000000100000000)
  eden space 118272K, 0% used [0x00000000d6000000,0x00000000d6000000,0x00000000dd380000)
  from space 10752K, 92% used [0x00000000de000000,0x00000000de9b3ef8,0x00000000dea80000)
  to   space 11776K, 0% used [0x00000000dd380000,0x00000000dd380000,0x00000000ddf00000)
 ParOldGen       total 116736K, used 20634K [0x0000000082000000, 0x0000000089200000, 0x00000000d6000000)
  object space 116736K, 17% used [0x0000000082000000,0x0000000083426a58,0x0000000089200000)
 Metaspace       used 45945K, capacity 47154K, committed 47360K, reserved 1091584K
  class space    used 5520K, capacity 5876K, committed 5888K, reserved 1048576K
}
Event: 10.085 GC heap before
{Heap before GC invocations=11 (full 2):
 PSYoungGen      total 129024K, used 128207K [0x00000000d6000000, 0x00000000dea80000, 0x0000000100000000)
  eden space 118272K, 100% used [0x00000000d6000000,0x00000000dd380000,0x00000000dd380000)
  from space 10752K, 92% used [0x00000000de000000,0x00000000de9b3ef8,0x00000000dea80000)
  to   space 11776K, 0% used [0x00000000dd380000,0x00000000dd380000,0x00000000ddf00000)
 ParOldGen       total 116736K, used 20634K [0x0000000082000000, 0x0000000089200000, 0x00000000d6000000)
  object space 116736K, 17% used [0x0000000082000000,0x0000000083426a58,0x0000000089200000)
 Metaspace       used 51006K, capacity 52206K, committed 52480K, reserved 1095680K
  class space    used 6053K, capacity 6398K, committed 6400K, reserved 1048576K
Event: 10.110 GC heap after
Heap after GC invocations=11 (full 2):
 PSYoungGen      total 130048K, used 11747K [0x00000000d6000000, 0x00000000e0780000, 0x0000000100000000)
  eden space 118272K, 0% used [0x00000000d6000000,0x00000000d6000000,0x00000000dd380000)
  from space 11776K, 99% used [0x00000000dd380000,0x00000000ddef8e20,0x00000000ddf00000)
  to   space 13312K, 0% used [0x00000000dfa80000,0x00000000dfa80000,0x00000000e0780000)
 ParOldGen       total 116736K, used 21841K [0x0000000082000000, 0x0000000089200000, 0x00000000d6000000)
  object space 116736K, 18% used [0x0000000082000000,0x00000000835546c8,0x0000000089200000)
 Metaspace       used 51006K, capacity 52206K, committed 52480K, reserved 1095680K
  class space    used 6053K, capacity 6398K, committed 6400K, reserved 1048576K
}
Event: 12.023 GC heap before
{Heap before GC invocations=12 (full 2):
 PSYoungGen      total 130048K, used 123579K [0x00000000d6000000, 0x00000000e0780000, 0x0000000100000000)
  eden space 118272K, 94% used [0x00000000d6000000,0x00000000dcd35e98,0x00000000dd380000)
  from space 11776K, 99% used [0x00000000dd380000,0x00000000ddef8e20,0x00000000ddf00000)
  to   space 13312K, 0% used [0x00000000dfa80000,0x00000000dfa80000,0x00000000e0780000)
 ParOldGen       total 116736K, used 21841K [0x0000000082000000, 0x0000000089200000, 0x00000000d6000000)
  object space 116736K, 18% used [0x0000000082000000,0x00000000835546c8,0x0000000089200000)
 Metaspace       used 57654K, capacity 58866K, committed 59136K, reserved 1101824K
  class space    used 6778K, capacity 7140K, committed 7168K, reserved 1048576K
Event: 12.045 GC heap after
Heap after GC invocations=12 (full 2):
 PSYoungGen      total 155136K, used 13289K [0x00000000d6000000, 0x00000000e0d00000, 0x0000000100000000)
  eden space 141824K, 0% used [0x00000000d6000000,0x00000000d6000000,0x00000000dea80000)
  from space 13312K, 99% used [0x00000000dfa80000,0x00000000e077a700,0x00000000e0780000)
  to   space 16384K, 0% used [0x00000000dea80000,0x00000000dea80000,0x00000000dfa80000)
 ParOldGen       total 116736K, used 27104K [0x0000000082000000, 0x0000000089200000, 0x00000000d6000000)
  object space 116736K, 23% used [0x0000000082000000,0x0000000083a78100,0x0000000089200000)
 Metaspace       used 57654K, capacity 58866K, committed 59136K, reserved 1101824K
  class space    used 6778K, capacity 7140K, committed 7168K, reserved 1048576K
}
Event: 12.045 GC heap before
{Heap before GC invocations=13 (full 3):
 PSYoungGen      total 155136K, used 13289K [0x00000000d6000000, 0x00000000e0d00000, 0x0000000100000000)
  eden space 141824K, 0% used [0x00000000d6000000,0x00000000d6000000,0x00000000dea80000)
  from space 13312K, 99% used [0x00000000dfa80000,0x00000000e077a700,0x00000000e0780000)
  to   space 16384K, 0% used [0x00000000dea80000,0x00000000dea80000,0x00000000dfa80000)
 ParOldGen       total 116736K, used 27104K [0x0000000082000000, 0x0000000089200000, 0x00000000d6000000)
  object space 116736K, 23% used [0x0000000082000000,0x0000000083a78100,0x0000000089200000)
 Metaspace       used 57654K, capacity 58866K, committed 59136K, reserved 1101824K
  class space    used 6778K, capacity 7140K, committed 7168K, reserved 1048576K
Event: 12.328 GC heap after
Heap after GC invocations=13 (full 3):
 PSYoungGen      total 155136K, used 0K [0x00000000d6000000, 0x00000000e0d00000, 0x0000000100000000)
  eden space 141824K, 0% used [0x00000000d6000000,0x00000000d6000000,0x00000000dea80000)
  from space 13312K, 0% used [0x00000000dfa80000,0x00000000dfa80000,0x00000000e0780000)
  to   space 16384K, 0% used [0x00000000dea80000,0x00000000dea80000,0x00000000dfa80000)
 ParOldGen       total 169472K, used 35499K [0x0000000082000000, 0x000000008c580000, 0x00000000d6000000)
  object space 169472K, 20% used [0x0000000082000000,0x00000000842aaef8,0x000000008c580000)
 Metaspace       used 57654K, capacity 58866K, committed 59136K, reserved 1101824K
  class space    used 6778K, capacity 7140K, committed 7168K, reserved 1048576K
}
Event: 13.963 GC heap before
{Heap before GC invocations=14 (full 3):
 PSYoungGen      total 155136K, used 141824K [0x00000000d6000000, 0x00000000e0d00000, 0x0000000100000000)
  eden space 141824K, 100% used [0x00000000d6000000,0x00000000dea80000,0x00000000dea80000)
  from space 13312K, 0% used [0x00000000dfa80000,0x00000000dfa80000,0x00000000e0780000)
  to   space 16384K, 0% used [0x00000000dea80000,0x00000000dea80000,0x00000000dfa80000)
 ParOldGen       total 169472K, used 35499K [0x0000000082000000, 0x000000008c580000, 0x00000000d6000000)
  object space 169472K, 20% used [0x0000000082000000,0x00000000842aaef8,0x000000008c580000)
 Metaspace       used 61803K, capacity 63144K, committed 63488K, reserved 1105920K
  class space    used 7231K, capacity 7581K, committed 7680K, reserved 1048576K
Event: 13.979 GC heap after
Heap after GC invocations=14 (full 3):
 PSYoungGen      total 158208K, used 7568K [0x00000000d6000000, 0x00000000e2200000, 0x0000000100000000)
  eden space 141824K, 0% used [0x00000000d6000000,0x00000000d6000000,0x00000000dea80000)
  from space 16384K, 46% used [0x00000000dea80000,0x00000000df1e4398,0x00000000dfa80000)
  to   space 16384K, 0% used [0x00000000e1200000,0x00000000e1200000,0x00000000e2200000)
 ParOldGen       total 169472K, used 35507K [0x0000000082000000, 0x000000008c580000, 0x00000000d6000000)
  object space 169472K, 20% used [0x0000000082000000,0x00000000842acef8,0x000000008c580000)
 Metaspace       used 61803K, capacity 63144K, committed 63488K, reserved 1105920K
  class space    used 7231K, capacity 7581K, committed 7680K, reserved 1048576K
}

Deoptimization events (10 events):
Event: 372.284 Thread 0x000000001a89f000 Uncommon trap: reason=array_check action=maybe_recompile pc=0x0000000003d24970 method=com.zeroturnaround.jrebelbase.facade.a.arrayOriginalStore([Ljava/lang/Object;ILjava/lang/Object;)V @ 41
Event: 372.636 Thread 0x000000001a89f000 Uncommon trap: reason=class_check action=maybe_recompile pc=0x00000000039f712c method=com.zeroturnaround.jrebelbase.facade.h.convertArgument(Ljava/lang/Object;Ljava/lang/Class;)Ljava/lang/Object; @ 54
Event: 372.643 Thread 0x000000001a89f000 Uncommon trap: reason=class_check action=maybe_recompile pc=0x00000000039f712c method=com.zeroturnaround.jrebelbase.facade.h.convertArgument(Ljava/lang/Object;Ljava/lang/Class;)Ljava/lang/Object; @ 54
Event: 372.646 Thread 0x000000001a89f000 Uncommon trap: reason=class_check action=maybe_recompile pc=0x00000000031a48c0 method=com.zeroturnaround.jrebelbase.facade.g.compareObject(Lcom/zeroturnaround/jrebelbase/h;Lcom/zeroturnaround/jrebelbase/h;)Z @ 47
Event: 374.298 Thread 0x000000001a705000 Uncommon trap: reason=unreached action=reinterpret pc=0x0000000003246fa8 method=com.zeroturnaround.jrebelbase.facade.g.compareObject(Lcom/zeroturnaround/jrebelbase/h;Lcom/zeroturnaround/jrebelbase/h;)Z @ 8
Event: 402.695 Thread 0x000000001a89f000 Uncommon trap: reason=unreached action=reinterpret pc=0x0000000003c34300 method=com.zeroturnaround.javarebel.guz.put(Ljava/lang/Object;Ljava/lang/Object;)Ljava/lang/Object; @ 1
Event: 402.929 Thread 0x000000001a89f000 Uncommon trap: reason=bimorphic action=maybe_recompile pc=0x0000000002fc2634 method=com.zeroturnaround.javarebel.guz.containsKey(Ljava/lang/Object;)Z @ 18
Event: 402.929 Thread 0x000000001a89f000 Uncommon trap: reason=bimorphic action=maybe_recompile pc=0x0000000002fc2634 method=com.zeroturnaround.javarebel.guz.containsKey(Ljava/lang/Object;)Z @ 18
Event: 402.967 Thread 0x000000001a89f000 Uncommon trap: reason=class_check action=maybe_recompile pc=0x00000000031a48c0 method=com.zeroturnaround.jrebelbase.facade.g.compareObject(Lcom/zeroturnaround/jrebelbase/h;Lcom/zeroturnaround/jrebelbase/h;)Z @ 47
Event: 402.967 Thread 0x000000001a89f000 Uncommon trap: reason=class_check action=maybe_recompile pc=0x00000000031a48c0 method=com.zeroturnaround.jrebelbase.facade.g.compareObject(Lcom/zeroturnaround/jrebelbase/h;Lcom/zeroturnaround/jrebelbase/h;)Z @ 47

Internal exceptions (10 events):
Event: 372.691 Thread 0x000000001a89f000 Exception <a 'java/security/PrivilegedActionException'> (0x00000000dcf4c938) thrown at [D:\re\workspace\8-2-build-windows-amd64-cygwin\jdk8u20\1074\hotspot\src\share\vm\prims\jvm.cpp, line 1275]
Event: 372.694 Thread 0x000000001a89f000 Exception <a 'java/security/PrivilegedActionException'> (0x00000000dcf68f28) thrown at [D:\re\workspace\8-2-build-windows-amd64-cygwin\jdk8u20\1074\hotspot\src\share\vm\prims\jvm.cpp, line 1275]
Event: 402.695 Thread 0x000000001a89f000 Implicit null exception at 0x0000000003c339b9 to 0x0000000003c342f1
Event: 402.930 Thread 0x000000001a89f000 Exception <a 'java/lang/ClassNotFoundException': com/ibm/rmi/io/ObjectStreamClass$ObjectStreamClassCache$ClassToOSCCache> (0x00000000dd42d948) thrown at [D:\re\workspace\8-2-build-windows-amd64-cygwin\jdk8u20\1074\hotspot\src\share\vm\classfile\systemDictio
ü<	/y@
Event: 402.940 Thread 0x000000001a89f000 Exception <a 'java/security/PrivilegedActionException'> (0x00000000dd434168) thrown at [D:\re\workspace\8-2-build-windows-amd64-cygwin\jdk8u20\1074\hotspot\src\share\vm\prims\jvm.cpp, line 1275]
Event: 402.954 Thread 0x000000001a89f000 Exception <a 'java/security/PrivilegedActionException'> (0x00000000dd4c4398) thrown at [D:\re\workspace\8-2-build-windows-amd64-cygwin\jdk8u20\1074\hotspot\src\share\vm\prims\jvm.cpp, line 1275]
Event: 402.970 Thread 0x000000001a89f000 Exception <a 'java/security/PrivilegedActionException'> (0x00000000dd6f2de0) thrown at [D:\re\workspace\8-2-build-windows-amd64-cygwin\jdk8u20\1074\hotspot\src\share\vm\prims\jvm.cpp, line 1275]
Event: 402.971 Thread 0x000000001a89f000 Exception <a 'java/security/PrivilegedActionException'> (0x00000000dd6fc170) thrown at [D:\re\workspace\8-2-build-windows-amd64-cygwin\jdk8u20\1074\hotspot\src\share\vm\prims\jvm.cpp, line 1275]
Event: 403.076 Thread 0x000000001a89f000 Exception <a 'java/security/PrivilegedActionException'> (0x00000000dd70aa68) thrown at [D:\re\workspace\8-2-build-windows-amd64-cygwin\jdk8u20\1074\hotspot\src\share\vm\prims\jvm.cpp, line 1275]
Event: 403.086 Thread 0x000000001a89f000 Exception <a 'java/security/PrivilegedActionException'> (0x00000000dd72cf10) thrown at [D:\re\workspace\8-2-build-windows-amd64-cygwin\jdk8u20\1074\hotspot\src\share\vm\prims\jvm.cpp, line 1275]

Events (10 events):
Event: 402.970 Executing VM operation: RevokeBias
Event: 402.970 Executing VM operation: RevokeBias done
Event: 402.970 loading class net/pmosoft/subtitle/subtitle/SubtitleSrv$$M$_jr_759EBB3D6EF7E4DB_2
Event: 402.970 loading class net/pmosoft/subtitle/subtitle/SubtitleSrv$$M$_jr_759EBB3D6EF7E4DB_2 done
Event: 402.971 loading class net/pmosoft/subtitle/file/FileSave
Event: 402.971 loading class net/pmosoft/subtitle/file/FileSave done
Event: 403.076 loading class net/pmosoft/subtitle/parse/ParseSubtitle
Event: 403.076 loading class net/pmosoft/subtitle/parse/ParseSubtitle done
Event: 403.086 loading class net/pmosoft/subtitle/parse/SmiVo
Event: 403.086 loading class net/pmosoft/subtitle/parse/SmiVo done


Dynamic libraries:
0x00007ff7d4f30000 - 0x00007ff7d4f64000 	C:\Program Files\Java\jdk1.8.0_20\jre\bin\javaw.exe
0x00007fff502c0000 - 0x00007fff504a1000 	C:\WINDOWS\SYSTEM32\ntdll.dll
0x00007fff4fa20000 - 0x00007fff4fad2000 	C:\WINDOWS\System32\KERNEL32.DLL
0x00007fff4ca10000 - 0x00007fff4cc83000 	C:\WINDOWS\System32\KERNELBASE.dll
0x00007fff4fbf0000 - 0x00007fff4fc91000 	C:\WINDOWS\System32\ADVAPI32.dll
0x00007fff4fca0000 - 0x00007fff4fd3e000 	C:\WINDOWS\System32\msvcrt.dll
0x00007fff4f200000 - 0x00007fff4f25b000 	C:\WINDOWS\System32\sechost.dll
0x00007fff4dc60000 - 0x00007fff4dd84000 	C:\WINDOWS\System32\RPCRT4.dll
0x00007fff4d860000 - 0x00007fff4d9f0000 	C:\WINDOWS\System32\USER32.dll
0x00007fff4d590000 - 0x00007fff4d5b0000 	C:\WINDOWS\System32\win32u.dll
0x00007fff4d750000 - 0x00007fff4d778000 	C:\WINDOWS\System32\GDI32.dll
0x00007fff4d5b0000 - 0x00007fff4d742000 	C:\WINDOWS\System32\gdi32full.dll
0x00007fff4c6f0000 - 0x00007fff4c78f000 	C:\WINDOWS\System32\msvcp_win.dll
0x00007fff4c910000 - 0x00007fff4ca0a000 	C:\WINDOWS\System32\ucrtbase.dll
0x00007fff41570000 - 0x00007fff417d9000 	C:\WINDOWS\WinSxS\amd64_microsoft.windows.common-controls_6595b64144ccf1df_6.0.17134.165_none_fb429645306569ac\COMCTL32.dll
0x00007fff4fdc0000 - 0x00007fff500e3000 	C:\WINDOWS\System32\combase.dll
0x00007fff4c7e0000 - 0x00007fff4c85a000 	C:\WINDOWS\System32\bcryptPrimitives.dll
0x00007fff4dd90000 - 0x00007fff4ddbd000 	C:\WINDOWS\System32\IMM32.DLL
0x000000006b760000 - 0x000000006b832000 	C:\Program Files\Java\jdk1.8.0_20\jre\bin\msvcr100.dll
0x000000006ad10000 - 0x000000006b568000 	C:\Program Files\Java\jdk1.8.0_20\jre\bin\server\jvm.dll
0x00007fff4d850000 - 0x00007fff4d858000 	C:\WINDOWS\System32\PSAPI.DLL
0x00007fff29330000 - 0x00007fff29339000 	C:\WINDOWS\SYSTEM32\WSOCK32.dll
0x00007fff4da90000 - 0x00007fff4dafc000 	C:\WINDOWS\System32\WS2_32.dll
0x00007fff43ab0000 - 0x00007fff43ad3000 	C:\WINDOWS\SYSTEM32\WINMM.dll
0x00007fff438a0000 - 0x00007fff438ca000 	C:\WINDOWS\SYSTEM32\WINMMBASE.dll
0x00007fff4c790000 - 0x00007fff4c7d9000 	C:\WINDOWS\System32\cfgmgr32.dll
0x000000006b750000 - 0x000000006b75f000 	C:\Program Files\Java\jdk1.8.0_20\jre\bin\verify.dll
0x000000006b720000 - 0x000000006b748000 	C:\Program Files\Java\jdk1.8.0_20\jre\bin\java.dll
0x00007fff42e80000 - 0x00007fff42eb9000 	C:\fframe\eclipse\plugins\org.zeroturnaround.eclipse.embedder_2018.1.2.RELEASE\jrebel\lib\jrebel64.dll
0x00007fff4ddc0000 - 0x00007fff4f200000 	C:\WINDOWS\System32\SHELL32.dll
0x00007fff4fb40000 - 0x00007fff4fbe9000 	C:\WINDOWS\System32\shcore.dll
0x00007fff4cc90000 - 0x00007fff4d39d000 	C:\WINDOWS\System32\windows.storage.dll
0x00007fff4f840000 - 0x00007fff4f891000 	C:\WINDOWS\System32\shlwapi.dll
0x00007fff4c620000 - 0x00007fff4c631000 	C:\WINDOWS\System32\kernel.appcore.dll
0x00007fff4c670000 - 0x00007fff4c68f000 	C:\WINDOWS\System32\profapi.dll
0x00007fff4c5d0000 - 0x00007fff4c61c000 	C:\WINDOWS\System32\powrprof.dll
0x00007fff4c640000 - 0x00007fff4c64a000 	C:\WINDOWS\System32\FLTLIB.DLL
0x00007fff4c020000 - 0x00007fff4c02b000 	C:\WINDOWS\SYSTEM32\CRYPTBASE.DLL
0x000000006acf0000 - 0x000000006ad06000 	C:\Program Files\Java\jdk1.8.0_20\jre\bin\zip.dll
0x000000006b710000 - 0x000000006b71d000 	C:\Program Files\Java\jdk1.8.0_20\jre\bin\management.dll
0x000000006acd0000 - 0x000000006acea000 	C:\Program Files\Java\jdk1.8.0_20\jre\bin\net.dll
0x00007fff4be50000 - 0x00007fff4beb6000 	C:\WINDOWS\system32\mswsock.dll
0x000000006acb0000 - 0x000000006acc1000 	C:\Program Files\Java\jdk1.8.0_20\jre\bin\nio.dll
0x000000006ac80000 - 0x000000006aca4000 	C:\Program Files\Java\jdk1.8.0_20\jre\bin\sunec.dll
0x00007fff48bf0000 - 0x00007fff48c0b000 	C:\Users\psh000\AppData\Local\Temp\jrebel-temp\ver-29d5df4e\IdeaWin64.dll
0x000000006ac70000 - 0x000000006ac7b000 	C:\Program Files\Java\jdk1.8.0_20\jre\bin\sunmscapi.dll
0x00007fff4d3a0000 - 0x00007fff4d582000 	C:\WINDOWS\System32\CRYPT32.dll
0x00007fff4c650000 - 0x00007fff4c662000 	C:\WINDOWS\System32\MSASN1.dll
0x00007fff4c000000 - 0x00007fff4c017000 	C:\WINDOWS\SYSTEM32\CRYPTSP.dll
0x00007fff4ba30000 - 0x00007fff4ba63000 	C:\WINDOWS\system32\rsaenh.dll
0x00007fff4c130000 - 0x00007fff4c155000 	C:\WINDOWS\SYSTEM32\bcrypt.dll
0x00007fff4c500000 - 0x00007fff4c528000 	C:\WINDOWS\SYSTEM32\USERENV.dll
0x00007fff4bbd0000 - 0x00007fff4bc08000 	C:\WINDOWS\SYSTEM32\IPHLPAPI.DLL
0x00007fff4f3e0000 - 0x00007fff4f3e8000 	C:\WINDOWS\System32\NSI.dll
0x00007fff46380000 - 0x00007fff46396000 	C:\WINDOWS\SYSTEM32\dhcpcsvc6.DLL
0x00007fff46450000 - 0x00007fff4646a000 	C:\WINDOWS\SYSTEM32\dhcpcsvc.DLL
0x00007fff292c0000 - 0x00007fff292d6000 	C:\WINDOWS\system32\napinsp.dll
0x00007fff292a0000 - 0x00007fff292ba000 	C:\WINDOWS\system32\pnrpnsp.dll
0x00007fff48b90000 - 0x00007fff48ba9000 	C:\WINDOWS\system32\NLAapi.dll
0x00007fff4bc10000 - 0x00007fff4bcce000 	C:\WINDOWS\SYSTEM32\DNSAPI.dll
0x00007fff15920000 - 0x00007fff1592e000 	C:\WINDOWS\System32\winrnr.dll
0x00007fff44d90000 - 0x00007fff44d9a000 	C:\Windows\System32\rasadhlp.dll
0x00007fff45880000 - 0x00007fff458f2000 	C:\WINDOWS\System32\fwpuclnt.dll
0x00007fff4af10000 - 0x00007fff4b0d9000 	C:\WINDOWS\SYSTEM32\dbghelp.dll

VM Arguments:
jvm_args: -Dcom.sun.management.jmxremote -Dcom.sun.management.jmxremote.port=9093 -Dcom.sun.management.jmxremote.authenticate=false -Dcom.sun.management.jmxremote.ssl=false -Djava.rmi.server.hostname=localhost -Dspring.liveBeansView.mbeanDomain -Dspring.application.admin.enabled=true -Drebel.base=C:\Users\psh000\.jrebel -Drebel.env.ide.plugin.version=2018.1.2 -Drebel.env.ide.version=4.6.3 -Drebel.env.ide.product=Eclipse -Drebel.env.ide=eclipse -Drebel.notification.url=http://localhost:17434 -Drebel.workspace.path=C:\fframe\workspace -Drebel.properties=C:\Users\psh000\.jrebel\jrebel.properties -agentpath:C:\fframe\eclipse\plugins\org.zeroturnaround.eclipse.embedder_2018.1.2.RELEASE\jrebel\lib\jrebel64.dll -Dfile.encoding=UTF-8 
java_command: net.pmosoft.subtitle.SubtitlestudyApplication
java_class_path (initial): C:\fframe\workspace\subtitlestudy\target\classes;C:\fframe\maven\repository\org\springframework\boot\spring-boot-starter-web\1.5.4.RELEASE\spring-boot-starter-web-1.5.4.RELEASE.jar;C:\fframe\maven\repository\org\springframework\boot\spring-boot-starter\1.5.4.RELEASE\spring-boot-starter-1.5.4.RELEASE.jar;C:\fframe\maven\repository\org\springframework\boot\spring-boot\1.5.4.RELEASE\spring-boot-1.5.4.RELEASE.jar;C:\fframe\maven\repository\org\springframework\boot\spring-boot-autoconfigure\1.5.4.RELEASE\spring-boot-autoconfigure-1.5.4.RELEASE.jar;C:\fframe\maven\repository\org\springframework\boot\spring-boot-starter-logging\1.5.4.RELEASE\spring-boot-starter-logging-1.5.4.RELEASE.jar;C:\fframe\maven\repository\ch\qos\logback\logback-classic\1.1.11\logback-classic-1.1.11.jar;C:\fframe\maven\repository\ch\qos\logback\logback-core\1.1.11\logback-core-1.1.11.jar;C:\fframe\maven\repository\org\slf4j\jcl-over-slf4j\1.7.25\jcl-over-slf4j-1.7.25.jar;C:\fframe\maven\repository\org\slf4j\jul-to-slf4j\1.7.25\jul-to-slf4j-1.7.25.jar;C:\fframe\maven\repository\org\slf4j\log4j-over-slf4j\1.7.25\log4j-over-slf4j-1.7.25.jar;C:\fframe\maven\repository\org\yaml\snakeyaml\1.17\snakeyaml-1.17.jar;C:\fframe\maven\repository\org\springframework\boot\spring-boot-starter-tomcat\1.5.4.RELEASE\spring-boot-starter-tomcat-1.5.4.RELEASE.jar;C:\fframe\maven\repository\org\apache\tomcat\embed\tomcat-embed-core\8.5.15\tomcat-embed-core-8.5.15.jar;C:\fframe\maven\repository\org\apache\tomcat\embed\tomcat-embed-websocket\8.5.15\tomcat-embed-websocket-8.5.15.jar;C:\fframe\maven\repository\org\hibernate\hibernate-validator\5.3.5.Final\hibernate-validator-5.3.5.Final.jar;C:\fframe\maven\repository\javax\validation\validation-api\1.1.0.Final\validation-api-1.1.0.Final.jar;C:\fframe\maven\repository\org\jboss\logging\jboss-logging\3.3.1.Final\jboss-logging-3.3.1.Final.jar;C:\fframe\maven\repository\com\fasterxml\classmate\1.3.3\classmate-1.3.3.jar;C:\fframe\maven\repository\com\f
Launcher Type: SUN_STANDARD

Environment Variables:
PATH=C:/Program Files/Java/jre1.8.0_171/bin/server;C:/Program Files/Java/jre1.8.0_171/bin;C:/Program Files/Java/jre1.8.0_171/lib/amd64;C:\Program Files (x86)\Common Files\Oracle\Java\javapath;C:\ProgramData\Oracle\Java\javapath;C:\Windows\system32;C:\Windows;C:\Windows\System32\Wbem;C:\Windows\System32\WindowsPowerShell\v1.0\;C:\Program Files (x86)\NVIDIA Corporation\PhysX\Common;C:\WINDOWS\system32;C:\WINDOWS;C:\WINDOWS\System32\Wbem;C:\WINDOWS\System32\WindowsPowerShell\v1.0\;C:\Program Files (x86)\IDM Computer Solutions\UltraEdit-32;C:\fframe\Sencha\Cmd\;C:\Program Files\nodejs\;C:\WINDOWS\System32\OpenSSH\;C:\Program Files\Microsoft VS Code\bin;C:\Users\psh000\AppData\Local\Microsoft\WindowsApps;C:\Users\psh000\AppData\Roaming\npm;C:\Users\psh000\AppData\Local\Microsoft\WindowsApps;C:\Program Files\Microsoft VS Code\bin;c:\fframe\eclipse;
USERNAME=psh000
OS=Windows_NT
PROCESSOR_IDENTIFIER=Intel64 Family 6 Model 142 Stepping 9, GenuineIntel



---------------  S Y S T E M  ---------------

OS: Windows 8.1 , 64 bit Build 9600 

CPU:total 4 (2 cores per cpu, 2 threads per core) family 6 model 142 stepping 9, cmov, cx8, fxsr, mmx, sse, sse2, sse3, ssse3, sse4.1, sse4.2, popcnt, avx, avx2, aes, clmul, erms, lzcnt, ht, tsc, tscinvbit, bmi1, bmi2

Memory: 4k page, physical 8251788k(2043404k free), swap 22423560k(3357756k free)

vm_info: Java HotSpot(TM) 64-Bit Server VM (25.20-b23) for windows-amd64 JRE (1.8.0_20-b26), built on Jul 30 2014 13:51:23 by "java_re" with MS VC++ 10.0 (VS2010)

time: Fri Aug 03 11:43:49 2018
elapsed time: 403 seconds (0d 0h 6m 43s)

