#
# A fatal error has been detected by the Java Runtime Environment:
#
#  EXCEPTION_ACCESS_VIOLATION (0xc0000005) at pc=0x000000006c322c16, pid=28592, tid=10860
#
# JRE version: Java(TM) SE Runtime Environment (8.0_20-b26) (build 1.8.0_20-b26)
# Java VM: Java HotSpot(TM) 64-Bit Server VM (25.20-b23 mixed mode windows-amd64 compressed oops)
# Problematic frame:
# V  [jvm.dll+0x4c2c16]
#
# Failed to write core dump. Minidumps are not enabled by default on client versions of Windows
#
# If you would like to submit a bug report, please visit:
#   http://bugreport.sun.com/bugreport/crash.jsp
#

---------------  T H R E A D  ---------------

Current thread (0x000000001bb86000):  JavaThread "C2 CompilerThread1" daemon [_thread_in_native, id=10860, stack(0x000000001cff0000,0x000000001d0f0000)]

siginfo: ExceptionCode=0xc0000005, reading address 0x0000000000000010

Registers:
RAX=0x0000000000000000, RBX=0x000000001bb9ae00, RCX=0x000000001bb9ae00, RDX=0x000000001ecce190
RSP=0x000000001d0ed180, RBP=0x000000001bb9ae00, RSI=0x000000001d0ee5e0, RDI=0x000000006c496888
R8 =0x000000001bb9ae00, R9 =0x0000000000000002, R10=0x000000001bbb59e0, R11=0x0000000000000000
R12=0x000000001d0edb90, R13=0x000000001ecce190, R14=0x000000002333f580, R15=0x0000000000000000
RIP=0x000000006c322c16, EFLAGS=0x0000000000010246

Top of Stack: (sp=0x000000001d0ed180)
0x000000001d0ed180:   000000001f67f880 000000001bb9ae00
0x000000001d0ed190:   000000002333f870 000000001d0ed440
0x000000001d0ed1a0:   0000000000000018 000000002333f240
0x000000001d0ed1b0:   000000001d0ed440 000000006c2bac1a
0x000000001d0ed1c0:   000000001bb9ae00 0000000000000003
0x000000001d0ed1d0:   0000000000000003 000000006c496888
0x000000001d0ed1e0:   000000001bbb8610 0000000000000001
0x000000001d0ed1f0:   0000000088ca6c00 000000006c29a0b4
0x000000001d0ed200:   000000002333c720 000000006c3439db
0x000000001d0ed210:   0000000000000000 000000002333f240
0x000000001d0ed220:   0000000000000029 000000006c2cfe69
0x000000001d0ed230:   000000002333c720 0000000000000003
0x000000001d0ed240:   0000000000000000 000000001d358f20
0x000000001d0ed250:   0000000200000001 000000001d358d20
0x000000001d0ed260:   0000000000000029 000000006c29a0b4
0x000000001d0ed270:   0000000000000003 000000006be60000 

Instructions: (pc=0x000000006c322c16)
0x000000006c322bf6:   8b e1 49 8b c8 49 8b e8 4c 8b ea ff 50 28 44 8b
0x000000006c322c06:   48 10 41 83 f9 0e 7c 06 41 83 f9 14 7e 02 33 c0
0x000000006c322c16:   8b 48 10 48 89 5c 24 40 83 f9 10 0f 8c 03 01 00
0x000000006c322c26:   00 83 f9 12 0f 8f fa 00 00 00 80 78 32 00 0f 84 


Register to memory mapping:

RAX=0x0000000000000000 is an unknown value
RBX=0x000000001bb9ae00 is an unknown value
RCX=0x000000001bb9ae00 is an unknown value
RDX=0x000000001ecce190 is an unknown value
RSP=0x000000001d0ed180 is pointing into the stack for thread: 0x000000001bb86000
RBP=0x000000001bb9ae00 is an unknown value
RSI=0x000000001d0ee5e0 is pointing into the stack for thread: 0x000000001bb86000
RDI=0x000000006c496888 is an unknown value
R8 =0x000000001bb9ae00 is an unknown value
R9 =0x0000000000000002 is an unknown value
R10=0x000000001bbb59e0 is an unknown value
R11=0x0000000000000000 is an unknown value
R12=0x000000001d0edb90 is pointing into the stack for thread: 0x000000001bb86000
R13=0x000000001ecce190 is an unknown value
R14=0x000000002333f580 is an unknown value
R15=0x0000000000000000 is an unknown value


Stack: [0x000000001cff0000,0x000000001d0f0000],  sp=0x000000001d0ed180,  free space=1012k
Native frames: (J=compiled Java code, j=interpreted, Vv=VM code, C=native code)
V  [jvm.dll+0x4c2c16]
V  [jvm.dll+0x45ac1a]
V  [jvm.dll+0x4d8fd1]
V  [jvm.dll+0x4d9aef]
V  [jvm.dll+0x4d9e69]
V  [jvm.dll+0x4da3d6]
V  [jvm.dll+0x436ec1]
V  [jvm.dll+0x45b2c4]
V  [jvm.dll+0x4e0fd8]
V  [jvm.dll+0x4d9ae7]
V  [jvm.dll+0x4d9e69]
V  [jvm.dll+0x4da3d6]
V  [jvm.dll+0x436ec1]
V  [jvm.dll+0x45243b]
V  [jvm.dll+0x435fc2]
V  [jvm.dll+0x97b62]
V  [jvm.dll+0x98353]
V  [jvm.dll+0x22aac4]
V  [jvm.dll+0x283f5a]
C  [msvcr100.dll+0x21d9f]
C  [msvcr100.dll+0x21e3b]
C  [KERNEL32.DLL+0x13034]
C  [ntdll.dll+0x71431]


Current CompileTask:
C2: 267958 10959   !   4       sun.misc.URLClassPath$JarLoader::getResource (95 bytes)


---------------  P R O C E S S  ---------------

Java Threads: ( => current thread )
  0x0000000024f21000 JavaThread "rebel-IDENotificationsImpl-PostCycle" daemon [_thread_blocked, id=28872, stack(0x0000000028480000,0x0000000028580000)]
  0x0000000022b4f800 JavaThread "MariaDb-timeout-1" daemon [_thread_blocked, id=23020, stack(0x0000000028080000,0x0000000028180000)]
  0x00000000216c0800 JavaThread "Abandoned connection cleanup thread" daemon [_thread_blocked, id=31316, stack(0x0000000027f80000,0x0000000028080000)]
  0x00000000216b8000 JavaThread "Tomcat JDBC Pool Cleaner[1482968390:1534340510017]" daemon [_thread_blocked, id=39240, stack(0x0000000027c80000,0x0000000027d80000)]
  0x00000000216b8800 JavaThread "DestroyJavaVM" [_thread_blocked, id=19436, stack(0x00000000035e0000,0x00000000036e0000)]
  0x00000000216be000 JavaThread "http-nio-8085-AsyncTimeout" daemon [_thread_blocked, id=38152, stack(0x00000000267d0000,0x00000000268d0000)]
  0x00000000216b6800 JavaThread "http-nio-8085-Acceptor-0" daemon [_thread_in_native, id=42776, stack(0x00000000266d0000,0x00000000267d0000)]
  0x00000000216bd800 JavaThread "http-nio-8085-ClientPoller-1" daemon [_thread_in_native, id=43584, stack(0x00000000265d0000,0x00000000266d0000)]
  0x00000000216b5800 JavaThread "http-nio-8085-ClientPoller-0" daemon [_thread_in_native, id=42324, stack(0x00000000264d0000,0x00000000265d0000)]
  0x00000000216bc000 JavaThread "http-nio-8085-exec-10" daemon [_thread_blocked, id=39620, stack(0x00000000263d0000,0x00000000264d0000)]
  0x00000000216bc800 JavaThread "http-nio-8085-exec-9" daemon [_thread_blocked, id=30024, stack(0x00000000262d0000,0x00000000263d0000)]
  0x00000000216b4000 JavaThread "http-nio-8085-exec-8" daemon [_thread_blocked, id=39764, stack(0x00000000261d0000,0x00000000262d0000)]
  0x00000000216bb000 JavaThread "http-nio-8085-exec-7" daemon [_thread_blocked, id=12744, stack(0x00000000260d0000,0x00000000261d0000)]
  0x00000000216b5000 JavaThread "http-nio-8085-exec-6" daemon [_thread_blocked, id=36868, stack(0x0000000025fd0000,0x00000000260d0000)]
  0x00000000216b2800 JavaThread "http-nio-8085-exec-5" daemon [_thread_blocked, id=42232, stack(0x0000000025ed0000,0x0000000025fd0000)]
  0x00000000216b3800 JavaThread "http-nio-8085-exec-4" daemon [_thread_blocked, id=41380, stack(0x0000000025dd0000,0x0000000025ed0000)]
  0x0000000022b52000 JavaThread "http-nio-8085-exec-3" daemon [_thread_blocked, id=25008, stack(0x0000000025cd0000,0x0000000025dd0000)]
  0x0000000022b4a800 JavaThread "http-nio-8085-exec-2" daemon [_thread_blocked, id=17180, stack(0x0000000025bd0000,0x0000000025cd0000)]
  0x00000000232a0000 JavaThread "http-nio-8085-exec-1" daemon [_thread_blocked, id=39728, stack(0x0000000025ad0000,0x0000000025bd0000)]
  0x00000000232a2800 JavaThread "NioBlockingSelector.BlockPoller-1" daemon [_thread_in_native, id=22928, stack(0x00000000259d0000,0x0000000025ad0000)]
  0x0000000022b49800 JavaThread "container-0" [_thread_blocked, id=31232, stack(0x0000000024140000,0x0000000024240000)]
  0x0000000022b49000 JavaThread "ContainerBackgroundProcessor[StandardEngine[Tomcat]]" daemon [_thread_blocked, id=39088, stack(0x0000000024040000,0x0000000024140000)]
  0x000000001d387800 JavaThread "RMI TCP Accept-0" daemon [_thread_in_native, id=26304, stack(0x000000001f690000,0x000000001f790000)]
  0x000000001b6f2800 JavaThread "RMI TCP Accept-9866" daemon [_thread_in_native, id=40980, stack(0x000000001e5c0000,0x000000001e6c0000)]
  0x000000001b6f2000 JavaThread "RMI TCP Accept-0" daemon [_thread_in_native, id=28468, stack(0x000000001e4c0000,0x000000001e5c0000)]
  0x000000001b6ef800 JavaThread "Service Thread" daemon [_thread_blocked, id=43468, stack(0x000000001d1f0000,0x000000001d2f0000)]
  0x000000001bb86800 JavaThread "C1 CompilerThread2" daemon [_thread_in_vm, id=39168, stack(0x000000001d0f0000,0x000000001d1f0000)]
=>0x000000001bb86000 JavaThread "C2 CompilerThread1" daemon [_thread_in_native, id=10860, stack(0x000000001cff0000,0x000000001d0f0000)]
  0x000000001bb7a000 JavaThread "C2 CompilerThread0" daemon [_thread_in_native, id=39568, stack(0x000000001cef0000,0x000000001cff0000)]
  0x000000001b6ef000 JavaThread "rebel-change-detector-thread" daemon [_thread_blocked, id=32128, stack(0x000000001ccf0000,0x000000001cdf0000)]
  0x000000001b6ed800 JavaThread "rebel-debugger-thread" daemon [_thread_blocked, id=3296, stack(0x000000001cbf0000,0x000000001ccf0000)]
  0x000000001b6f3800 JavaThread "rebel-debugger-attach-notifier" daemon [_thread_blocked, id=34536, stack(0x000000001caf0000,0x000000001cbf0000)]
  0x000000001b6f1000 JavaThread "rebel-heartbeat-thread" daemon [_thread_blocked, id=39300, stack(0x000000001c9f0000,0x000000001caf0000)]
  0x000000001b6ec800 JavaThread "rebel-redeploy-thread" daemon [_thread_blocked, id=21752, stack(0x000000001c8f0000,0x000000001c9f0000)]
  0x000000001b5d9000 JavaThread "rebel-weak-reaper" daemon [_thread_blocked, id=26240, stack(0x000000001c5f0000,0x000000001c6f0000)]
  0x000000001b567800 JavaThread "rebel-messaging-executor-24" daemon [_thread_blocked, id=13924, stack(0x000000001c4f0000,0x000000001c5f0000)]
  0x0000000019e65800 JavaThread "rebel-cache-writer" daemon [_thread_blocked, id=39368, stack(0x000000001c3f0000,0x000000001c4f0000)]
  0x0000000019ece800 JavaThread "rebel-fsnotify-OutputReader" daemon [_thread_blocked, id=28520, stack(0x000000001c2f0000,0x000000001c3f0000)]
  0x0000000019ecb000 JavaThread "rebel-fsnotify-OutputReader" daemon [_thread_blocked, id=33520, stack(0x000000001c1f0000,0x000000001c2f0000)]
  0x0000000019eca000 JavaThread "rebel-fsnotify-ShutdownOnTermination" daemon [_thread_in_native, id=27080, stack(0x000000001c0f0000,0x000000001c1f0000)]
  0x0000000019ebf000 JavaThread "rebel-CacheKeepAlive" daemon [_thread_blocked, id=41052, stack(0x000000001aa20000,0x000000001ab20000)]
  0x0000000019dcb000 JavaThread "rebel-logger" daemon [_thread_blocked, id=29256, stack(0x000000001a520000,0x000000001a620000)]
  0x0000000019774000 JavaThread "Attach Listener" daemon [_thread_blocked, id=32152, stack(0x0000000019c20000,0x0000000019d20000)]
  0x0000000019773000 JavaThread "Signal Dispatcher" daemon [_thread_blocked, id=25112, stack(0x0000000019b20000,0x0000000019c20000)]
  0x0000000018415000 JavaThread "Finalizer" daemon [_thread_blocked, id=34828, stack(0x0000000019620000,0x0000000019720000)]
  0x000000001840c800 JavaThread "Reference Handler" daemon [_thread_blocked, id=14064, stack(0x0000000019520000,0x0000000019620000)]

Other Threads:
  0x00000000183c8800 VMThread [stack: 0x0000000019420000,0x0000000019520000] [id=41184]
  0x000000001d6e0800 WatcherThread [stack: 0x000000001f790000,0x000000001f890000] [id=40844]

VM state:not at safepoint (normal execution)

VM Mutex/Monitor currently owned by a thread: None

Heap:
 PSYoungGen      total 195584K, used 168948K [0x00000000d6000000, 0x00000000e4a80000, 0x0000000100000000)
  eden space 180224K, 88% used [0x00000000d6000000,0x00000000dfb584b0,0x00000000e1000000)
  from space 15360K, 64% used [0x00000000e1000000,0x00000000e19a4cc8,0x00000000e1f00000)
  to   space 14848K, 0% used [0x00000000e3c00000,0x00000000e3c00000,0x00000000e4a80000)
 ParOldGen       total 168960K, used 35836K [0x0000000082000000, 0x000000008c500000, 0x00000000d6000000)
  object space 168960K, 21% used [0x0000000082000000,0x00000000842ff1a0,0x000000008c500000)
 Metaspace       used 70309K, capacity 71734K, committed 72192K, reserved 1114112K
  class space    used 8043K, capacity 8448K, committed 8448K, reserved 1048576K

Card table byte_map: [0x0000000012ca0000,0x00000000130a0000] byte_map_base: 0x0000000012890000

Marking Bits: (ParMarkBitMap*) 0x000000006c63b460
 Begin Bits: [0x0000000013740000, 0x00000000156c0000)
 End Bits:   [0x00000000156c0000, 0x0000000017640000)

Polling page: 0x0000000001300000

CodeCache: size=245760Kb used=12513Kb max_used=27143Kb free=233246Kb
 bounds [0x00000000038e0000, 0x00000000053b0000, 0x00000000128e0000]
 total_blobs=7333 nmethods=6800 adapters=445
 compilation: enabled

Compilation events (10 events):
Event: 267.825 Thread 0x000000001bb86800 nmethod 11004 0x0000000003c6c2d0 code [0x0000000003c6c440, 0x0000000003c6c7c8]
Event: 267.825 Thread 0x000000001bb86800 11002       2       org.springframework.core.annotation.AnnotationUtils::isSynthesizable (166 bytes)
Event: 267.826 Thread 0x000000001bb86800 nmethod 11002 0x0000000003be5490 code [0x0000000003be5700, 0x0000000003be5d48]
Event: 267.826 Thread 0x000000001bb86800 11008       2       org.springframework.asm.Type::getReturnType (49 bytes)
Event: 267.828 Thread 0x000000001bb86800 nmethod 11008 0x0000000003b28210 code [0x0000000003b283a0, 0x0000000003b286d8]
Event: 267.828 Thread 0x000000001bb86800 11007       2       org.springframework.asm.MethodVisitor::visitMethodInsn (78 bytes)
Event: 267.829 Thread 0x000000001bb86800 nmethod 11007 0x0000000003ca3450 code [0x0000000003ca35e0, 0x0000000003ca3898]
Event: 267.829 Thread 0x000000001bb86800 11006       2       org.springframework.asm.MethodVisitor::visitInsn (20 bytes)
Event: 267.829 Thread 0x000000001bb86800 nmethod 11006 0x00000000043f61d0 code [0x00000000043f6340, 0x00000000043f64c8]
Event: 267.829 Thread 0x000000001bb86800 11009       2       org.springframework.asm.ClassReader::readCode (3794 bytes)

GC Heap History (10 events):
Event: 12.438 GC heap before
{Heap before GC invocations=14 (full 3):
 PSYoungGen      total 151552K, used 137728K [0x00000000d6000000, 0x00000000e0b80000, 0x0000000100000000)
  eden space 137728K, 100% used [0x00000000d6000000,0x00000000de680000,0x00000000de680000)
  from space 13824K, 0% used [0x00000000df700000,0x00000000df700000,0x00000000e0480000)
  to   space 16896K, 0% used [0x00000000de680000,0x00000000de680000,0x00000000df700000)
 ParOldGen       total 168960K, used 35812K [0x0000000082000000, 0x000000008c500000, 0x00000000d6000000)
  object space 168960K, 21% used [0x0000000082000000,0x00000000842f91a0,0x000000008c500000)
 Metaspace       used 61605K, capacity 62920K, committed 63360K, reserved 1105920K
  class space    used 7209K, capacity 7549K, committed 7552K, reserved 1048576K
Event: 12.450 GC heap after
Heap after GC invocations=14 (full 3):
 PSYoungGen      total 154624K, used 7498K [0x00000000d6000000, 0x00000000e1d80000, 0x0000000100000000)
  eden space 137728K, 0% used [0x00000000d6000000,0x00000000d6000000,0x00000000de680000)
  from space 16896K, 44% used [0x00000000de680000,0x00000000dedd2948,0x00000000df700000)
  to   space 16384K, 0% used [0x00000000e0d80000,0x00000000e0d80000,0x00000000e1d80000)
 ParOldGen       total 168960K, used 35820K [0x0000000082000000, 0x000000008c500000, 0x00000000d6000000)
  object space 168960K, 21% used [0x0000000082000000,0x00000000842fb1a0,0x000000008c500000)
 Metaspace       used 61605K, capacity 62920K, committed 63360K, reserved 1105920K
  class space    used 7209K, capacity 7549K, committed 7552K, reserved 1048576K
}
Event: 18.679 GC heap before
{Heap before GC invocations=15 (full 3):
 PSYoungGen      total 154624K, used 145226K [0x00000000d6000000, 0x00000000e1d80000, 0x0000000100000000)
  eden space 137728K, 100% used [0x00000000d6000000,0x00000000de680000,0x00000000de680000)
  from space 16896K, 44% used [0x00000000de680000,0x00000000dedd2948,0x00000000df700000)
  to   space 16384K, 0% used [0x00000000e0d80000,0x00000000e0d80000,0x00000000e1d80000)
 ParOldGen       total 168960K, used 35820K [0x0000000082000000, 0x000000008c500000, 0x00000000d6000000)
  object space 168960K, 21% used [0x0000000082000000,0x00000000842fb1a0,0x000000008c500000)
 Metaspace       used 66613K, capacity 67952K, committed 68352K, reserved 1110016K
  class space    used 7742K, capacity 8133K, committed 8192K, reserved 1048576K
Event: 18.695 GC heap after
Heap after GC invocations=15 (full 3):
 PSYoungGen      total 170496K, used 11542K [0x00000000d6000000, 0x00000000e1a00000, 0x0000000100000000)
  eden space 157696K, 0% used [0x00000000d6000000,0x00000000d6000000,0x00000000dfa00000)
  from space 12800K, 90% used [0x00000000e0d80000,0x00000000e18c59a8,0x00000000e1a00000)
  to   space 16384K, 0% used [0x00000000dfa00000,0x00000000dfa00000,0x00000000e0a00000)
 ParOldGen       total 168960K, used 35820K [0x0000000082000000, 0x000000008c500000, 0x00000000d6000000)
  object space 168960K, 21% used [0x0000000082000000,0x00000000842fb1a0,0x000000008c500000)
 Metaspace       used 66613K, capacity 67952K, committed 68352K, reserved 1110016K
  class space    used 7742K, capacity 8133K, committed 8192K, reserved 1048576K
}
Event: 20.709 GC heap before
{Heap before GC invocations=16 (full 3):
 PSYoungGen      total 170496K, used 169238K [0x00000000d6000000, 0x00000000e1a00000, 0x0000000100000000)
  eden space 157696K, 100% used [0x00000000d6000000,0x00000000dfa00000,0x00000000dfa00000)
  from space 12800K, 90% used [0x00000000e0d80000,0x00000000e18c59a8,0x00000000e1a00000)
  to   space 16384K, 0% used [0x00000000dfa00000,0x00000000dfa00000,0x00000000e0a00000)
 ParOldGen       total 168960K, used 35820K [0x0000000082000000, 0x000000008c500000, 0x00000000d6000000)
  object space 168960K, 21% used [0x0000000082000000,0x00000000842fb1a0,0x000000008c500000)
 Metaspace       used 68313K, capacity 69720K, committed 70272K, reserved 1112064K
  class space    used 7864K, capacity 8251K, committed 8320K, reserved 1048576K
Event: 20.722 GC heap after
Heap after GC invocations=16 (full 3):
 PSYoungGen      total 174080K, used 10279K [0x00000000d6000000, 0x00000000e2e80000, 0x0000000100000000)
  eden space 157696K, 0% used [0x00000000d6000000,0x00000000d6000000,0x00000000dfa00000)
  from space 16384K, 62% used [0x00000000dfa00000,0x00000000e0409f38,0x00000000e0a00000)
  to   space 15872K, 0% used [0x00000000e1f00000,0x00000000e1f00000,0x00000000e2e80000)
 ParOldGen       total 168960K, used 35820K [0x0000000082000000, 0x000000008c500000, 0x00000000d6000000)
  object space 168960K, 21% used [0x0000000082000000,0x00000000842fb1a0,0x000000008c500000)
 Metaspace       used 68313K, capacity 69720K, committed 70272K, reserved 1112064K
  class space    used 7864K, capacity 8251K, committed 8320K, reserved 1048576K
}
Event: 21.575 GC heap before
{Heap before GC invocations=17 (full 3):
 PSYoungGen      total 174080K, used 167975K [0x00000000d6000000, 0x00000000e2e80000, 0x0000000100000000)
  eden space 157696K, 100% used [0x00000000d6000000,0x00000000dfa00000,0x00000000dfa00000)
  from space 16384K, 62% used [0x00000000dfa00000,0x00000000e0409f38,0x00000000e0a00000)
  to   space 15872K, 0% used [0x00000000e1f00000,0x00000000e1f00000,0x00000000e2e80000)
 ParOldGen       total 168960K, used 35820K [0x0000000082000000, 0x000000008c500000, 0x00000000d6000000)
  object space 168960K, 21% used [0x0000000082000000,0x00000000842fb1a0,0x000000008c500000)
 Metaspace       used 68461K, capacity 69848K, committed 70272K, reserved 1112064K
  class space    used 7878K, capacity 8251K, committed 8320K, reserved 1048576K
Event: 21.586 GC heap after
Heap after GC invocations=17 (full 3):
 PSYoungGen      total 196096K, used 9650K [0x00000000d6000000, 0x00000000e2f80000, 0x0000000100000000)
  eden space 180224K, 0% used [0x00000000d6000000,0x00000000d6000000,0x00000000e1000000)
  from space 15872K, 60% used [0x00000000e1f00000,0x00000000e286ca90,0x00000000e2e80000)
  to   space 15360K, 0% used [0x00000000e1000000,0x00000000e1000000,0x00000000e1f00000)
 ParOldGen       total 168960K, used 35828K [0x0000000082000000, 0x000000008c500000, 0x00000000d6000000)
  object space 168960K, 21% used [0x0000000082000000,0x00000000842fd1a0,0x000000008c500000)
 Metaspace       used 68461K, capacity 69848K, committed 70272K, reserved 1112064K
  class space    used 7878K, capacity 8251K, committed 8320K, reserved 1048576K
}
Event: 22.331 GC heap before
{Heap before GC invocations=18 (full 3):
 PSYoungGen      total 196096K, used 189874K [0x00000000d6000000, 0x00000000e2f80000, 0x0000000100000000)
  eden space 180224K, 100% used [0x00000000d6000000,0x00000000e1000000,0x00000000e1000000)
  from space 15872K, 60% used [0x00000000e1f00000,0x00000000e286ca90,0x00000000e2e80000)
  to   space 15360K, 0% used [0x00000000e1000000,0x00000000e1000000,0x00000000e1f00000)
 ParOldGen       total 168960K, used 35828K [0x0000000082000000, 0x000000008c500000, 0x00000000d6000000)
  object space 168960K, 21% used [0x0000000082000000,0x00000000842fd1a0,0x000000008c500000)
 Metaspace       used 68580K, capacity 69982K, committed 70528K, reserved 1112064K
  class space    used 7879K, capacity 8252K, committed 8320K, reserved 1048576K
Event: 22.342 GC heap after
Heap after GC invocations=18 (full 3):
 PSYoungGen      total 195584K, used 9875K [0x00000000d6000000, 0x00000000e4a80000, 0x0000000100000000)
  eden space 180224K, 0% used [0x00000000d6000000,0x00000000d6000000,0x00000000e1000000)
  from space 15360K, 64% used [0x00000000e1000000,0x00000000e19a4cc8,0x00000000e1f00000)
  to   space 14848K, 0% used [0x00000000e3c00000,0x00000000e3c00000,0x00000000e4a80000)
 ParOldGen       total 168960K, used 35836K [0x0000000082000000, 0x000000008c500000, 0x00000000d6000000)
  object space 168960K, 21% used [0x0000000082000000,0x00000000842ff1a0,0x000000008c500000)
 Metaspace       used 68580K, capacity 69982K, committed 70528K, reserved 1112064K
  class space    used 7879K, capacity 8252K, committed 8320K, reserved 1048576K
}

Deoptimization events (10 events):
Event: 263.954 Thread 0x000000001b6ef000 Uncommon trap: reason=class_check action=maybe_recompile pc=0x0000000003c726b0 method=com.zeroturnaround.javarebel.aed.b(ILjava/lang/String;Ljava/lang/String;Ljava/lang/String;Z)V @ 18
Event: 264.561 Thread 0x000000001b6ef000 Uncommon trap: reason=unloaded action=reinterpret pc=0x0000000004719a00 method=com.zeroturnaround.javarebel.wj.a(Lcom/zeroturnaround/javarebel/vf;Ljava/lang/String;)Lcom/zeroturnaround/javarebel/wj; @ 153
Event: 264.699 Thread 0x000000001b6ef000 Uncommon trap: reason=null_check action=make_not_entrant pc=0x0000000003bd7cc0 method=com.zeroturnaround.jrebelbase.facade.g.ifAcmpInternal(Ljava/lang/Object;Ljava/lang/Object;)Z @ 23
Event: 266.741 Thread 0x000000001b567800 Uncommon trap: reason=null_check action=make_not_entrant pc=0x0000000004030aac method=com.zeroturnaround.jrebelbase.facade.a.arrayOriginalStore([Ljava/lang/Object;ILjava/lang/Object;)V @ 13
Event: 266.904 Thread 0x000000001b567800 Uncommon trap: reason=array_check action=maybe_recompile pc=0x0000000003ba7e58 method=com.zeroturnaround.jrebelbase.facade.a.arrayOriginalStore([Ljava/lang/Object;ILjava/lang/Object;)V @ 41
Event: 266.904 Thread 0x000000001b567800 Uncommon trap: reason=array_check action=maybe_recompile pc=0x0000000003ba7e20 method=com.zeroturnaround.jrebelbase.facade.a.arrayOriginalStore([Ljava/lang/Object;ILjava/lang/Object;)V @ 22
Event: 266.904 Thread 0x000000001b567800 Uncommon trap: reason=array_check action=maybe_recompile pc=0x0000000003ba7e20 method=com.zeroturnaround.jrebelbase.facade.a.arrayOriginalStore([Ljava/lang/Object;ILjava/lang/Object;)V @ 22
Event: 266.904 Thread 0x000000001b567800 Uncommon trap: reason=array_check action=maybe_recompile pc=0x0000000003ba7e58 method=com.zeroturnaround.jrebelbase.facade.a.arrayOriginalStore([Ljava/lang/Object;ILjava/lang/Object;)V @ 41
Event: 267.726 Thread 0x0000000022b52000 Uncommon trap: reason=unreached action=reinterpret pc=0x0000000003cc495c method=com.zeroturnaround.jrebelbase.facade.ad.isAssignableFrom(Ljava/lang/Class;Ljava/lang/Class;)Z @ 25
Event: 267.730 Thread 0x0000000022b52000 Uncommon trap: reason=null_check action=make_not_entrant pc=0x0000000003b5140c method=com.zeroturnaround.jrebelbase.facade.h.convertArgument(Ljava/lang/Object;Ljava/lang/Class;)Ljava/lang/Object; @ 16

Internal exceptions (10 events):
Event: 264.576 Thread 0x000000001b6ef000 Exception <a 'java/security/PrivilegedActionException'> (0x00000000df3daed8) thrown at [D:\re\workspace\8-2-build-windows-amd64-cygwin\jdk8u20\1074\hotspot\src\share\vm\prims\jvm.cpp, line 1275]
Event: 264.699 Thread 0x000000001b6ef000 Implicit null exception at 0x0000000003bd7b55 to 0x0000000003bd7cb1
Event: 264.811 Thread 0x000000001b6ef000 Exception <a 'java/lang/ClassNotFoundException': com/sun/beans/WeakIdentityMap> (0x00000000df826f28) thrown at [D:\re\workspace\8-2-build-windows-amd64-cygwin\jdk8u20\1074\hotspot\src\share\vm\classfile\systemDictionary.cpp, line 202]
Event: 264.811 Thread 0x000000001b6ef000 Exception <a 'java/lang/ClassNotFoundException': com/sun/beans/WeakIdentityMap$Entry> (0x00000000df8271c0) thrown at [D:\re\workspace\8-2-build-windows-amd64-cygwin\jdk8u20\1074\hotspot\src\share\vm\classfile\systemDictionary.cpp, line 202]
Event: 264.811 Thread 0x000000001b6ef000 Exception <a 'java/lang/ClassNotFoundException': com/sun/beans/WeakIdentityMap$Entry> (0x00000000df8273e8) thrown at [D:\re\workspace\8-2-build-windows-amd64-cygwin\jdk8u20\1074\hotspot\src\share\vm\classfile\systemDictionary.cpp, line 202]
Event: 266.741 Thread 0x000000001b567800 Implicit null exception at 0x00000000040307ef to 0x0000000004030a95
Event: 267.770 Thread 0x0000000022b52000 Exception <a 'java/security/PrivilegedActionException'> (0x00000000dfa3c7b0) thrown at [D:\re\workspace\8-2-build-windows-amd64-cygwin\jdk8u20\1074\hotspot\src\share\vm\prims\jvm.cpp, line 1275]
Event: 267.771 Thread 0x0000000022b52000 Exception <a 'java/security/PrivilegedActionException'> (0x00000000dfa41c58) thrown at [D:\re\workspace\8-2-build-windows-amd64-cygwin\jdk8u20\1074\hotspot\src\share\vm\prims\jvm.cpp, line 1275]
Event: 267.771 Thread 0x0000000022b52000 Exception <a 'java/security/PrivilegedActionException'> (0x00000000dfa42638) thrown at [D:\re\workspace\8-2-build-windows-amd64-cygwin\jdk8u20\1074\hotspot\src\share\vm\prims\jvm.cpp, line 1275]
Event: 267.772 Thread 0x0000000022b52000 Exception <a 'java/security/PrivilegedActionException'> (0x00000000dfa47b80) thrown at [D:\re\workspace\8-2-build-windows-amd64-cygwin\jdk8u20\1074\hotspot\src\share\vm\prims\jvm.cpp, line 1275]

Events (10 events):
Event: 267.731 loading class com/zeroturnaround/javarebel/gxj
Event: 267.732 loading class com/zeroturnaround/javarebel/gxj done
Event: 267.733 Executing VM operation: RevokeBias
Event: 267.737 Executing VM operation: RevokeBias done
Event: 267.761 Executing VM operation: RevokeBias
Event: 267.766 Executing VM operation: RevokeBias done
Event: 267.770 loading class javax/inject/Named
Event: 267.770 loading class javax/inject/Named done
Event: 267.771 loading class javax/inject$Named
Event: 267.771 loading class javax/inject$Named done


Dynamic libraries:
0x00007ff687ec0000 - 0x00007ff687ef4000 	C:\Program Files\Java\jdk1.8.0_20\jre\bin\javaw.exe
0x00007fff04530000 - 0x00007fff04711000 	C:\WINDOWS\SYSTEM32\ntdll.dll
0x00007fff04440000 - 0x00007fff044f2000 	C:\WINDOWS\System32\KERNEL32.DLL
0x00007fff00dc0000 - 0x00007fff01033000 	C:\WINDOWS\System32\KERNELBASE.dll
0x00007fff03e60000 - 0x00007fff03f01000 	C:\WINDOWS\System32\ADVAPI32.dll
0x00007fff037f0000 - 0x00007fff0388e000 	C:\WINDOWS\System32\msvcrt.dll
0x00007fff043e0000 - 0x00007fff0443b000 	C:\WINDOWS\System32\sechost.dll
0x00007fff019c0000 - 0x00007fff01ae4000 	C:\WINDOWS\System32\RPCRT4.dll
0x00007fff040f0000 - 0x00007fff04280000 	C:\WINDOWS\System32\USER32.dll
0x00007fff00900000 - 0x00007fff00920000 	C:\WINDOWS\System32\win32u.dll
0x00007fff04010000 - 0x00007fff04038000 	C:\WINDOWS\System32\GDI32.dll
0x00007fff00a80000 - 0x00007fff00c12000 	C:\WINDOWS\System32\gdi32full.dll
0x00007fff00c20000 - 0x00007fff00cbf000 	C:\WINDOWS\System32\msvcp_win.dll
0x00007fff00cc0000 - 0x00007fff00dba000 	C:\WINDOWS\System32\ucrtbase.dll
0x00007ffef4970000 - 0x00007ffef4bd9000 	C:\WINDOWS\WinSxS\amd64_microsoft.windows.common-controls_6595b64144ccf1df_6.0.17134.165_none_fb429645306569ac\COMCTL32.dll
0x00007fff03aa0000 - 0x00007fff03dc3000 	C:\WINDOWS\System32\combase.dll
0x00007fff01230000 - 0x00007fff012aa000 	C:\WINDOWS\System32\bcryptPrimitives.dll
0x00007fff03e30000 - 0x00007fff03e5d000 	C:\WINDOWS\System32\IMM32.DLL
0x000000006d760000 - 0x000000006d832000 	C:\Program Files\Java\jdk1.8.0_20\jre\bin\msvcr100.dll
0x000000006be60000 - 0x000000006c6b8000 	C:\Program Files\Java\jdk1.8.0_20\jre\bin\server\jvm.dll
0x00007fff01af0000 - 0x00007fff01af8000 	C:\WINDOWS\System32\PSAPI.DLL
0x00007ffefced0000 - 0x00007ffefced9000 	C:\WINDOWS\SYSTEM32\WSOCK32.dll
0x00007ffef8820000 - 0x00007ffef8843000 	C:\WINDOWS\SYSTEM32\WINMM.dll
0x00007fff03a30000 - 0x00007fff03a9c000 	C:\WINDOWS\System32\WS2_32.dll
0x00007ffef87f0000 - 0x00007ffef881a000 	C:\WINDOWS\SYSTEM32\WINMMBASE.dll
0x00007fff00980000 - 0x00007fff009c9000 	C:\WINDOWS\System32\cfgmgr32.dll
0x000000006d750000 - 0x000000006d75f000 	C:\Program Files\Java\jdk1.8.0_20\jre\bin\verify.dll
0x000000006d720000 - 0x000000006d748000 	C:\Program Files\Java\jdk1.8.0_20\jre\bin\java.dll
0x00007ffef7470000 - 0x00007ffef74a9000 	C:\fframe\eclipse\plugins\org.zeroturnaround.eclipse.embedder_2018.1.2.RELEASE\jrebel\lib\jrebel64.dll
0x00007fff01dc0000 - 0x00007fff03200000 	C:\WINDOWS\System32\SHELL32.dll
0x00007fff04040000 - 0x00007fff040e9000 	C:\WINDOWS\System32\shcore.dll
0x00007fff012b0000 - 0x00007fff019bd000 	C:\WINDOWS\System32\windows.storage.dll
0x00007fff04280000 - 0x00007fff042d1000 	C:\WINDOWS\System32\shlwapi.dll
0x00007fff008e0000 - 0x00007fff008f1000 	C:\WINDOWS\System32\kernel.appcore.dll
0x00007fff008c0000 - 0x00007fff008df000 	C:\WINDOWS\System32\profapi.dll
0x00007fff00850000 - 0x00007fff0089c000 	C:\WINDOWS\System32\powrprof.dll
0x00007fff00840000 - 0x00007fff0084a000 	C:\WINDOWS\System32\FLTLIB.DLL
0x00007fff00270000 - 0x00007fff0027b000 	C:\WINDOWS\SYSTEM32\CRYPTBASE.DLL
0x000000006d700000 - 0x000000006d716000 	C:\Program Files\Java\jdk1.8.0_20\jre\bin\zip.dll
0x000000006d6f0000 - 0x000000006d6fd000 	C:\Program Files\Java\jdk1.8.0_20\jre\bin\management.dll
0x000000006d6d0000 - 0x000000006d6ea000 	C:\Program Files\Java\jdk1.8.0_20\jre\bin\net.dll
0x00007fff000c0000 - 0x00007fff00126000 	C:\WINDOWS\system32\mswsock.dll
0x000000006d6b0000 - 0x000000006d6c1000 	C:\Program Files\Java\jdk1.8.0_20\jre\bin\nio.dll
0x000000006d680000 - 0x000000006d6a4000 	C:\Program Files\Java\jdk1.8.0_20\jre\bin\sunec.dll
0x00007ffef9b40000 - 0x00007ffef9b5b000 	C:\Users\psh000\AppData\Local\Temp\jrebel-temp\ver-29d5df4e\IdeaWin64.dll
0x000000006d670000 - 0x000000006d67b000 	C:\Program Files\Java\jdk1.8.0_20\jre\bin\sunmscapi.dll
0x00007fff01040000 - 0x00007fff01222000 	C:\WINDOWS\System32\CRYPT32.dll
0x00007fff008a0000 - 0x00007fff008b2000 	C:\WINDOWS\System32\MSASN1.dll
0x00007fff00280000 - 0x00007fff00297000 	C:\WINDOWS\SYSTEM32\CRYPTSP.dll
0x00007ffeffca0000 - 0x00007ffeffcd3000 	C:\WINDOWS\system32\rsaenh.dll
0x00007fff003a0000 - 0x00007fff003c5000 	C:\WINDOWS\SYSTEM32\bcrypt.dll
0x00007fff00740000 - 0x00007fff00768000 	C:\WINDOWS\SYSTEM32\USERENV.dll
0x00007ffeffe40000 - 0x00007ffeffe78000 	C:\WINDOWS\SYSTEM32\IPHLPAPI.DLL
0x00007fff043d0000 - 0x00007fff043d8000 	C:\WINDOWS\System32\NSI.dll
0x00007ffefa610000 - 0x00007ffefa626000 	C:\WINDOWS\SYSTEM32\dhcpcsvc6.DLL
0x00007ffefa740000 - 0x00007ffefa75a000 	C:\WINDOWS\SYSTEM32\dhcpcsvc.DLL
0x00007ffef1de0000 - 0x00007ffef1df6000 	C:\WINDOWS\system32\napinsp.dll
0x00007ffef1dc0000 - 0x00007ffef1dda000 	C:\WINDOWS\system32\pnrpnsp.dll
0x00007ffefce00000 - 0x00007ffefce19000 	C:\WINDOWS\system32\NLAapi.dll
0x00007ffeffe80000 - 0x00007ffefff3e000 	C:\WINDOWS\SYSTEM32\DNSAPI.dll
0x00007ffef1db0000 - 0x00007ffef1dbe000 	C:\WINDOWS\System32\winrnr.dll
0x00007ffef9000000 - 0x00007ffef900a000 	C:\Windows\System32\rasadhlp.dll
0x00007ffef9170000 - 0x00007ffef91e2000 	C:\WINDOWS\System32\fwpuclnt.dll
0x00007ffeff050000 - 0x00007ffeff219000 	C:\WINDOWS\SYSTEM32\dbghelp.dll

VM Arguments:
jvm_args: -Dcom.sun.management.jmxremote -Dcom.sun.management.jmxremote.port=9866 -Dcom.sun.management.jmxremote.authenticate=false -Dcom.sun.management.jmxremote.ssl=false -Djava.rmi.server.hostname=localhost -Dspring.liveBeansView.mbeanDomain -Dspring.application.admin.enabled=true -Drebel.base=C:\Users\psh000\.jrebel -Drebel.env.ide.plugin.version=2018.1.2 -Drebel.env.ide.version=4.6.3 -Drebel.env.ide.product=Eclipse -Drebel.env.ide=eclipse -Drebel.notification.url=http://localhost:17434 -Drebel.workspace.path=C:\fframe\workspace -Drebel.properties=C:\Users\psh000\.jrebel\jrebel.properties -agentpath:C:\fframe\eclipse\plugins\org.zeroturnaround.eclipse.embedder_2018.1.2.RELEASE\jrebel\lib\jrebel64.dll -Dfile.encoding=UTF-8 
java_command: net.pmosoft.subtitle.SubtitlestudyApplication
java_class_path (initial): C:\fframe\workspace\subtitlestudy\target\classes;C:\fframe\maven\repository\org\springframework\boot\spring-boot-starter-web\1.5.4.RELEASE\spring-boot-starter-web-1.5.4.RELEASE.jar;C:\fframe\maven\repository\org\springframework\boot\spring-boot-starter\1.5.4.RELEASE\spring-boot-starter-1.5.4.RELEASE.jar;C:\fframe\maven\repository\org\springframework\boot\spring-boot\1.5.4.RELEASE\spring-boot-1.5.4.RELEASE.jar;C:\fframe\maven\repository\org\springframework\boot\spring-boot-autoconfigure\1.5.4.RELEASE\spring-boot-autoconfigure-1.5.4.RELEASE.jar;C:\fframe\maven\repository\org\springframework\boot\spring-boot-starter-logging\1.5.4.RELEASE\spring-boot-starter-logging-1.5.4.RELEASE.jar;C:\fframe\maven\repository\ch\qos\logback\logback-classic\1.1.11\logback-classic-1.1.11.jar;C:\fframe\maven\repository\ch\qos\logback\logback-core\1.1.11\logback-core-1.1.11.jar;C:\fframe\maven\repository\org\slf4j\jcl-over-slf4j\1.7.25\jcl-over-slf4j-1.7.25.jar;C:\fframe\maven\repository\org\slf4j\jul-to-slf4j\1.7.25\jul-to-slf4j-1.7.25.jar;C:\fframe\maven\repository\org\slf4j\log4j-over-slf4j\1.7.25\log4j-over-slf4j-1.7.25.jar;C:\fframe\maven\repository\org\yaml\snakeyaml\1.17\snakeyaml-1.17.jar;C:\fframe\maven\repository\org\springframework\boot\spring-boot-starter-tomcat\1.5.4.RELEASE\spring-boot-starter-tomcat-1.5.4.RELEASE.jar;C:\fframe\maven\repository\org\apache\tomcat\embed\tomcat-embed-core\8.5.15\tomcat-embed-core-8.5.15.jar;C:\fframe\maven\repository\org\apache\tomcat\embed\tomcat-embed-websocket\8.5.15\tomcat-embed-websocket-8.5.15.jar;C:\fframe\maven\repository\org\hibernate\hibernate-validator\5.3.5.Final\hibernate-validator-5.3.5.Final.jar;C:\fframe\maven\repository\javax\validation\validation-api\1.1.0.Final\validation-api-1.1.0.Final.jar;C:\fframe\maven\repository\org\jboss\logging\jboss-logging\3.3.1.Final\jboss-logging-3.3.1.Final.jar;C:\fframe\maven\repository\com\fasterxml\classmate\1.3.3\classmate-1.3.3.jar;C:\fframe\maven\repository\com\f
Launcher Type: SUN_STANDARD

Environment Variables:
PATH=C:/Program Files/Java/jre1.8.0_171/bin/server;C:/Program Files/Java/jre1.8.0_171/bin;C:/Program Files/Java/jre1.8.0_171/lib/amd64;C:\Program Files (x86)\Common Files\Oracle\Java\javapath;C:\ProgramData\Oracle\Java\javapath;C:\Windows\system32;C:\Windows;C:\Windows\System32\Wbem;C:\Windows\System32\WindowsPowerShell\v1.0\;C:\Program Files (x86)\NVIDIA Corporation\PhysX\Common;C:\WINDOWS\system32;C:\WINDOWS;C:\WINDOWS\System32\Wbem;C:\WINDOWS\System32\WindowsPowerShell\v1.0\;C:\Program Files (x86)\IDM Computer Solutions\UltraEdit-32;C:\fframe\Sencha\Cmd\;C:\Program Files\nodejs\;C:\WINDOWS\System32\OpenSSH\;C:\Program Files\Microsoft VS Code\bin;C:\Users\psh000\AppData\Local\Microsoft\WindowsApps;C:\Users\psh000\AppData\Roaming\npm;C:\Users\psh000\AppData\Local\Microsoft\WindowsApps;C:\Program Files\Microsoft VS Code\bin;c:\fframe\eclipse;
USERNAME=psh000
OS=Windows_NT
PROCESSOR_IDENTIFIER=Intel64 Family 6 Model 142 Stepping 9, GenuineIntel



---------------  S Y S T E M  ---------------

OS: Windows 8.1 , 64 bit Build 9600 

CPU:total 4 (2 cores per cpu, 2 threads per core) family 6 model 142 stepping 9, cmov, cx8, fxsr, mmx, sse, sse2, sse3, ssse3, sse4.1, sse4.2, popcnt, avx, avx2, aes, clmul, erms, lzcnt, ht, tsc, tscinvbit, bmi1, bmi2

Memory: 4k page, physical 8251788k(2439656k free), swap 21358988k(12814572k free)

vm_info: Java HotSpot(TM) 64-Bit Server VM (25.20-b23) for windows-amd64 JRE (1.8.0_20-b26), built on Jul 30 2014 13:51:23 by "java_re" with MS VC++ 10.0 (VS2010)

time: Wed Aug 15 22:45:59 2018
elapsed time: 267 seconds (0d 0h 4m 27s)

