#
# A fatal error has been detected by the Java Runtime Environment:
#
#  EXCEPTION_ACCESS_VIOLATION (0xc0000005) at pc=0x000000005e572c16, pid=11252, tid=20128
#
# JRE version: Java(TM) SE Runtime Environment (8.0_20-b26) (build 1.8.0_20-b26)
# Java VM: Java HotSpot(TM) 64-Bit Server VM (25.20-b23 mixed mode windows-amd64 compressed oops)
# Problematic frame:
# V  [jvm.dll+0x4c2c16]
#
# Failed to write core dump. Minidumps are not enabled by default on client versions of Windows
#
# If you would like to submit a bug report, please visit:
#   http://bugreport.sun.com/bugreport/crash.jsp
#

---------------  T H R E A D  ---------------

Current thread (0x000000001b662800):  JavaThread "C2 CompilerThread0" daemon [_thread_in_native, id=20128, stack(0x000000001c9e0000,0x000000001cae0000)]

siginfo: ExceptionCode=0xc0000005, reading address 0x0000000000000010

Registers:
RAX=0x0000000000000000, RBX=0x000000001dd421a0, RCX=0x000000001dd421a0, RDX=0x000000001d505b80
RSP=0x000000001cadd9f0, RBP=0x000000001dd421a0, RSI=0x000000001cadea50, RDI=0x000000005e6e6888
R8 =0x000000001dd421a0, R9 =0x0000000000000002, R10=0x000000001b6e0880, R11=0x0000000000000000
R12=0x000000001cade000, R13=0x000000001d505b80, R14=0x000000001bb7abf8, R15=0x0000000000000000
RIP=0x000000005e572c16, EFLAGS=0x0000000000010246

Top of Stack: (sp=0x000000001cadd9f0)
0x000000001cadd9f0:   000000002064a658 000000001dd421a0
0x000000001cadda00:   000000001bb7aee8 000000001caddcb0
0x000000001cadda10:   0000000000000018 000000001bb7a8f8
0x000000001cadda20:   000000001caddcb0 000000005e50ac1a
0x000000001cadda30:   000000001dd421a0 0000000000000003
0x000000001cadda40:   0000000000000003 000000005e6e6888
0x000000001cadda50:   000000001b6e3430 0000000000000001
0x000000001cadda60:   0000000088ca6c00 000000005e4ea0b4
0x000000001cadda70:   000000002079d728 000000005e5939db
0x000000001cadda80:   0000000000000000 000000001bb7a8f8
0x000000001cadda90:   00000000000000b3 000000005e51fe69
0x000000001caddaa0:   000000002079d728 000000000000000b
0x000000001caddab0:   0000000000000000 0000000023788960
0x000000001caddac0:   0000000500000004 000000001b5aea50
0x000000001caddad0:   00000000000000b3 000000005e4ea0b4
0x000000001caddae0:   000000000000000b 000000005e0b0000 

Instructions: (pc=0x000000005e572c16)
0x000000005e572bf6:   8b e1 49 8b c8 49 8b e8 4c 8b ea ff 50 28 44 8b
0x000000005e572c06:   48 10 41 83 f9 0e 7c 06 41 83 f9 14 7e 02 33 c0
0x000000005e572c16:   8b 48 10 48 89 5c 24 40 83 f9 10 0f 8c 03 01 00
0x000000005e572c26:   00 83 f9 12 0f 8f fa 00 00 00 80 78 32 00 0f 84 


Register to memory mapping:

RAX=0x0000000000000000 is an unknown value
RBX=0x000000001dd421a0 is an unknown value
RCX=0x000000001dd421a0 is an unknown value
RDX=0x000000001d505b80 is an unknown value
RSP=0x000000001cadd9f0 is pointing into the stack for thread: 0x000000001b662800
RBP=0x000000001dd421a0 is an unknown value
RSI=0x000000001cadea50 is pointing into the stack for thread: 0x000000001b662800
RDI=0x000000005e6e6888 is an unknown value
R8 =0x000000001dd421a0 is an unknown value
R9 =0x0000000000000002 is an unknown value
R10=0x000000001b6e0880 is an unknown value
R11=0x0000000000000000 is an unknown value
R12=0x000000001cade000 is pointing into the stack for thread: 0x000000001b662800
R13=0x000000001d505b80 is an unknown value
R14=0x000000001bb7abf8 is an unknown value
R15=0x0000000000000000 is an unknown value


Stack: [0x000000001c9e0000,0x000000001cae0000],  sp=0x000000001cadd9f0,  free space=1014k
Native frames: (J=compiled Java code, j=interpreted, Vv=VM code, C=native code)
V  [jvm.dll+0x4c2c16]
V  [jvm.dll+0x45ac1a]
V  [jvm.dll+0x4d8fd1]
V  [jvm.dll+0x4d9aef]
V  [jvm.dll+0x4d9e69]
V  [jvm.dll+0x4da3d6]
V  [jvm.dll+0x436ec1]
V  [jvm.dll+0x45243b]
V  [jvm.dll+0x435fc2]
V  [jvm.dll+0x97b62]
V  [jvm.dll+0x98353]
V  [jvm.dll+0x22aac4]
V  [jvm.dll+0x283f5a]
C  [msvcr100.dll+0x21d9f]
C  [msvcr100.dll+0x21e3b]
C  [KERNEL32.DLL+0x13034]
C  [ntdll.dll+0x71461]


Current CompileTask:
C2:1188902 13847   !   4       java.lang.reflect.Proxy::newProxyInstance (224 bytes)


---------------  P R O C E S S  ---------------

Java Threads: ( => current thread )
  0x0000000022200000 JavaThread "Intermediate Collector" daemon [_thread_blocked, id=21332, stack(0x0000000027d60000,0x0000000027e60000)]
  0x00000000221f5800 JavaThread "rebel-IDENotificationsImpl-PostCycle" daemon [_thread_blocked, id=7596, stack(0x0000000027b60000,0x0000000027c60000)]
  0x00000000221f5000 JavaThread "MariaDb-timeout-1" daemon [_thread_blocked, id=20572, stack(0x0000000027a60000,0x0000000027b60000)]
  0x00000000221f9800 JavaThread "Abandoned connection cleanup thread" daemon [_thread_blocked, id=10992, stack(0x0000000026890000,0x0000000026990000)]
  0x00000000221f4000 JavaThread "Tomcat JDBC Pool Cleaner[1482968390:1537107246523]" daemon [_thread_blocked, id=9124, stack(0x00000000263c0000,0x00000000264c0000)]
  0x0000000022935000 JavaThread "DestroyJavaVM" [_thread_blocked, id=1172, stack(0x00000000030d0000,0x00000000031d0000)]
  0x000000001d72e000 JavaThread "http-nio-8085-AsyncTimeout" daemon [_thread_blocked, id=18072, stack(0x00000000260c0000,0x00000000261c0000)]
  0x000000001d72d800 JavaThread "http-nio-8085-Acceptor-0" daemon [_thread_in_native, id=12504, stack(0x0000000025fc0000,0x00000000260c0000)]
  0x000000001d72c800 JavaThread "http-nio-8085-ClientPoller-1" daemon [_thread_in_native, id=7032, stack(0x0000000025ec0000,0x0000000025fc0000)]
  0x000000001d72b000 JavaThread "http-nio-8085-ClientPoller-0" daemon [_thread_in_native, id=2648, stack(0x0000000025dc0000,0x0000000025ec0000)]
  0x000000001d72c000 JavaThread "http-nio-8085-exec-10" daemon [_thread_blocked, id=3012, stack(0x0000000025cc0000,0x0000000025dc0000)]
  0x000000001d72a800 JavaThread "http-nio-8085-exec-9" daemon [_thread_blocked, id=19568, stack(0x0000000025bc0000,0x0000000025cc0000)]
  0x000000001d729800 JavaThread "http-nio-8085-exec-8" daemon [_thread_blocked, id=10300, stack(0x0000000025ac0000,0x0000000025bc0000)]
  0x000000001d729000 JavaThread "http-nio-8085-exec-7" daemon [_thread_blocked, id=20136, stack(0x00000000259c0000,0x0000000025ac0000)]
  0x000000001d72f000 JavaThread "http-nio-8085-exec-6" daemon [_thread_blocked, id=20852, stack(0x00000000258c0000,0x00000000259c0000)]
  0x000000001d721800 JavaThread "http-nio-8085-exec-5" daemon [_thread_blocked, id=13276, stack(0x00000000257c0000,0x00000000258c0000)]
  0x000000001d728000 JavaThread "http-nio-8085-exec-4" daemon [_thread_blocked, id=4512, stack(0x00000000256c0000,0x00000000257c0000)]
  0x000000001d720800 JavaThread "http-nio-8085-exec-3" daemon [_thread_blocked, id=7760, stack(0x00000000255c0000,0x00000000256c0000)]
  0x000000001d727800 JavaThread "http-nio-8085-exec-2" daemon [_thread_blocked, id=5688, stack(0x00000000254c0000,0x00000000255c0000)]
  0x000000001d720000 JavaThread "http-nio-8085-exec-1" daemon [_thread_blocked, id=12564, stack(0x00000000253c0000,0x00000000254c0000)]
  0x000000001d723000 JavaThread "NioBlockingSelector.BlockPoller-1" daemon [_thread_in_native, id=5664, stack(0x0000000025020000,0x0000000025120000)]
  0x000000002075b800 JavaThread "container-0" [_thread_blocked, id=13636, stack(0x0000000024720000,0x0000000024820000)]
  0x000000002075d000 JavaThread "ContainerBackgroundProcessor[StandardEngine[Tomcat]]" daemon [_thread_blocked, id=17652, stack(0x0000000024620000,0x0000000024720000)]
  0x000000001b21e000 JavaThread "RMI TCP Accept-0" daemon [_thread_in_native, id=9252, stack(0x000000001f180000,0x000000001f280000)]
  0x000000001b21f800 JavaThread "RMI TCP Accept-8729" daemon [_thread_in_native, id=20648, stack(0x000000001e0b0000,0x000000001e1b0000)]
  0x000000001b21d000 JavaThread "RMI TCP Accept-0" daemon [_thread_in_native, id=12412, stack(0x000000001dfb0000,0x000000001e0b0000)]
  0x000000001b21c800 JavaThread "Service Thread" daemon [_thread_blocked, id=19544, stack(0x000000001cce0000,0x000000001cde0000)]
  0x000000001b691000 JavaThread "C1 CompilerThread2" daemon [_thread_blocked, id=18468, stack(0x000000001cbe0000,0x000000001cce0000)]
  0x000000001b690000 JavaThread "C2 CompilerThread1" daemon [_thread_blocked, id=20268, stack(0x000000001cae0000,0x000000001cbe0000)]
=>0x000000001b662800 JavaThread "C2 CompilerThread0" daemon [_thread_in_native, id=20128, stack(0x000000001c9e0000,0x000000001cae0000)]
  0x000000001b213800 JavaThread "rebel-change-detector-thread" daemon [_thread_blocked, id=17704, stack(0x000000001c7e0000,0x000000001c8e0000)]
  0x000000001b218000 JavaThread "rebel-debugger-thread" daemon [_thread_blocked, id=11168, stack(0x000000001c6e0000,0x000000001c7e0000)]
  0x000000001b215800 JavaThread "rebel-debugger-attach-notifier" daemon [_thread_blocked, id=21032, stack(0x000000001c5e0000,0x000000001c6e0000)]
  0x000000001b216800 JavaThread "rebel-heartbeat-thread" daemon [_thread_blocked, id=1280, stack(0x000000001c4e0000,0x000000001c5e0000)]
  0x000000001b217000 JavaThread "rebel-redeploy-thread" daemon [_thread_blocked, id=7740, stack(0x000000001c3e0000,0x000000001c4e0000)]
  0x0000000019d2c000 JavaThread "rebel-weak-reaper" daemon [_thread_blocked, id=19900, stack(0x000000001c2e0000,0x000000001c3e0000)]
  0x0000000019d2d800 JavaThread "rebel-messaging-executor-24" daemon [_thread_blocked, id=13532, stack(0x000000001c1e0000,0x000000001c2e0000)]
  0x0000000019d32000 JavaThread "rebel-cache-writer" daemon [_thread_blocked, id=20528, stack(0x000000001c0e0000,0x000000001c1e0000)]
  0x0000000019d30000 JavaThread "rebel-fsnotify-OutputReader" daemon [_thread_blocked, id=4968, stack(0x000000001bfe0000,0x000000001c0e0000)]
  0x0000000019d30800 JavaThread "rebel-fsnotify-OutputReader" daemon [_thread_blocked, id=656, stack(0x000000001bee0000,0x000000001bfe0000)]
  0x0000000019d2f000 JavaThread "rebel-fsnotify-ShutdownOnTermination" daemon [_thread_in_native, id=18744, stack(0x000000001bde0000,0x000000001bee0000)]
  0x0000000019989000 JavaThread "rebel-CacheKeepAlive" daemon [_thread_blocked, id=17972, stack(0x000000001a510000,0x000000001a610000)]
  0x00000000198bb000 JavaThread "rebel-logger" daemon [_thread_blocked, id=13248, stack(0x000000001a010000,0x000000001a110000)]
  0x000000001925c000 JavaThread "Attach Listener" daemon [_thread_blocked, id=18952, stack(0x0000000019710000,0x0000000019810000)]
  0x000000001925b800 JavaThread "Signal Dispatcher" daemon [_thread_blocked, id=13316, stack(0x0000000019610000,0x0000000019710000)]
  0x0000000017ec2800 JavaThread "Finalizer" daemon [_thread_blocked, id=18892, stack(0x0000000019110000,0x0000000019210000)]
  0x0000000017ebf800 JavaThread "Reference Handler" daemon [_thread_blocked, id=20880, stack(0x0000000019010000,0x0000000019110000)]

Other Threads:
  0x0000000017ebb000 VMThread [stack: 0x0000000018f10000,0x0000000019010000] [id=19184]
  0x000000001ba68000 WatcherThread [stack: 0x000000001f280000,0x000000001f380000] [id=19020]

VM state:not at safepoint (normal execution)

VM Mutex/Monitor currently owned by a thread: None

Heap:
 PSYoungGen      total 167936K, used 62696K [0x00000000d6000000, 0x00000000e1a80000, 0x0000000100000000)
  eden space 156160K, 32% used [0x00000000d6000000,0x00000000d9237618,0x00000000df880000)
  from space 11776K, 95% used [0x00000000dfd00000,0x00000000e0802b70,0x00000000e0880000)
  to   space 17408K, 0% used [0x00000000e0980000,0x00000000e0980000,0x00000000e1a80000)
 ParOldGen       total 151040K, used 32943K [0x0000000082000000, 0x000000008b380000, 0x00000000d6000000)
  object space 151040K, 21% used [0x0000000082000000,0x000000008402bdc0,0x000000008b380000)
 Metaspace       used 71904K, capacity 73502K, committed 73600K, reserved 1114112K
  class space    used 8136K, capacity 8546K, committed 8576K, reserved 1048576K

Card table byte_map: [0x0000000012790000,0x0000000012b90000] byte_map_base: 0x0000000012380000

Marking Bits: (ParMarkBitMap*) 0x000000005e88b460
 Begin Bits: [0x0000000013230000, 0x00000000151b0000)
 End Bits:   [0x00000000151b0000, 0x0000000017130000)

Polling page: 0x0000000000e70000

CodeCache: size=245760Kb used=24974Kb max_used=25387Kb free=220785Kb
 bounds [0x00000000033d0000, 0x0000000004cc0000, 0x00000000123d0000]
 total_blobs=9948 nmethods=9416 adapters=444
 compilation: enabled

Compilation events (10 events):
Event: 1188.442 Thread 0x000000001b691000 13863       1       org.zeroturnaround.javarebel.preferences.PreferencesTransaction::_jr$ig$operationList (5 bytes)
Event: 1188.442 Thread 0x000000001b691000 nmethod 13863 0x00000000035b7ad0 code [0x00000000035b7c20, 0x00000000035b7d10]
Event: 1188.442 Thread 0x000000001b691000 13860       1       org.mariadb.jdbc.MariaDbResultSetMetaData::_jr$ig$datatypeMappingflags (5 bytes)
Event: 1188.442 Thread 0x000000001b691000 nmethod 13860 0x0000000003c640d0 code [0x0000000003c64220, 0x0000000003c64310]
Event: 1188.442 Thread 0x000000001b691000 13859       1       org.mariadb.jdbc.internal.packet.dao.ColumnInformation::_jr$ig$flags (5 bytes)
Event: 1188.442 Thread 0x000000001b691000 nmethod 13859 0x0000000004a67610 code [0x0000000004a67760, 0x0000000004a67850]
Event: 1188.442 Thread 0x000000001b691000 13856       1       org.apache.ibatis.mapping.MappedStatement::getId (5 bytes)
Event: 1188.442 Thread 0x000000001b691000 nmethod 13856 0x0000000004a67290 code [0x0000000004a673e0, 0x0000000004a674f0]
Event: 1188.442 Thread 0x000000001b691000 13857       1       org.apache.ibatis.mapping.MappedStatement::getConfiguration (5 bytes)
Event: 1188.448 Thread 0x000000001b691000 nmethod 13857 0x0000000004c28950 code [0x0000000004c28aa0, 0x0000000004c28bb0]

GC Heap History (10 events):
Event: 16.168 GC heap before
{Heap before GC invocations=18 (full 3):
 PSYoungGen      total 126976K, used 109568K [0x00000000d6000000, 0x00000000dfe00000, 0x0000000100000000)
  eden space 109568K, 100% used [0x00000000d6000000,0x00000000dcb00000,0x00000000dcb00000)
  from space 17408K, 0% used [0x00000000ddd80000,0x00000000ddd80000,0x00000000dee80000)
  to   space 18944K, 0% used [0x00000000dcb00000,0x00000000dcb00000,0x00000000ddd80000)
 ParOldGen       total 151040K, used 32903K [0x0000000082000000, 0x000000008b380000, 0x00000000d6000000)
  object space 151040K, 21% used [0x0000000082000000,0x0000000084021dc0,0x000000008b380000)
 Metaspace       used 61123K, capacity 62414K, committed 62848K, reserved 1103872K
  class space    used 7128K, capacity 7486K, committed 7552K, reserved 1048576K
Event: 16.177 GC heap after
Heap after GC invocations=18 (full 3):
 PSYoungGen      total 128512K, used 5947K [0x00000000d6000000, 0x00000000e1200000, 0x0000000100000000)
  eden space 109568K, 0% used [0x00000000d6000000,0x00000000d6000000,0x00000000dcb00000)
  from space 18944K, 31% used [0x00000000dcb00000,0x00000000dd0cee88,0x00000000ddd80000)
  to   space 18432K, 0% used [0x00000000e0000000,0x00000000e0000000,0x00000000e1200000)
 ParOldGen       total 151040K, used 32911K [0x0000000082000000, 0x000000008b380000, 0x00000000d6000000)
  object space 151040K, 21% used [0x0000000082000000,0x0000000084023dc0,0x000000008b380000)
 Metaspace       used 61123K, capacity 62414K, committed 62848K, reserved 1103872K
  class space    used 7128K, capacity 7486K, committed 7552K, reserved 1048576K
}
Event: 28.195 GC heap before
{Heap before GC invocations=19 (full 3):
 PSYoungGen      total 128512K, used 115515K [0x00000000d6000000, 0x00000000e1200000, 0x0000000100000000)
  eden space 109568K, 100% used [0x00000000d6000000,0x00000000dcb00000,0x00000000dcb00000)
  from space 18944K, 31% used [0x00000000dcb00000,0x00000000dd0cee88,0x00000000ddd80000)
  to   space 18432K, 0% used [0x00000000e0000000,0x00000000e0000000,0x00000000e1200000)
 ParOldGen       total 151040K, used 32911K [0x0000000082000000, 0x000000008b380000, 0x00000000d6000000)
  object space 151040K, 21% used [0x0000000082000000,0x0000000084023dc0,0x000000008b380000)
 Metaspace       used 64745K, capacity 66088K, committed 66304K, reserved 1107968K
  class space    used 7549K, capacity 7913K, committed 7936K, reserved 1048576K
Event: 28.210 GC heap after
Heap after GC invocations=19 (full 3):
 PSYoungGen      total 154624K, used 8517K [0x00000000d6000000, 0x00000000e0d00000, 0x0000000100000000)
  eden space 141312K, 0% used [0x00000000d6000000,0x00000000d6000000,0x00000000dea00000)
  from space 13312K, 63% used [0x00000000e0000000,0x00000000e08514d8,0x00000000e0d00000)
  to   space 17920K, 0% used [0x00000000dea00000,0x00000000dea00000,0x00000000dfb80000)
 ParOldGen       total 151040K, used 32919K [0x0000000082000000, 0x000000008b380000, 0x00000000d6000000)
  object space 151040K, 21% used [0x0000000082000000,0x0000000084025dc0,0x000000008b380000)
 Metaspace       used 64745K, capacity 66088K, committed 66304K, reserved 1107968K
  class space    used 7549K, capacity 7913K, committed 7936K, reserved 1048576K
}
Event: 345.749 GC heap before
{Heap before GC invocations=20 (full 3):
 PSYoungGen      total 154624K, used 149829K [0x00000000d6000000, 0x00000000e0d00000, 0x0000000100000000)
  eden space 141312K, 100% used [0x00000000d6000000,0x00000000dea00000,0x00000000dea00000)
  from space 13312K, 63% used [0x00000000e0000000,0x00000000e08514d8,0x00000000e0d00000)
  to   space 17920K, 0% used [0x00000000dea00000,0x00000000dea00000,0x00000000dfb80000)
 ParOldGen       total 151040K, used 32919K [0x0000000082000000, 0x000000008b380000, 0x00000000d6000000)
  object space 151040K, 21% used [0x0000000082000000,0x0000000084025dc0,0x000000008b380000)
 Metaspace       used 69333K, capacity 70672K, committed 71168K, reserved 1112064K
  class space    used 7951K, capacity 8341K, committed 8448K, reserved 1048576K
Event: 345.774 GC heap after
Heap after GC invocations=20 (full 3):
 PSYoungGen      total 159232K, used 11605K [0x00000000d6000000, 0x00000000e2380000, 0x0000000100000000)
  eden space 141312K, 0% used [0x00000000d6000000,0x00000000d6000000,0x00000000dea00000)
  from space 17920K, 64% used [0x00000000dea00000,0x00000000df555730,0x00000000dfb80000)
  to   space 17920K, 0% used [0x00000000e1200000,0x00000000e1200000,0x00000000e2380000)
 ParOldGen       total 151040K, used 32927K [0x0000000082000000, 0x000000008b380000, 0x00000000d6000000)
  object space 151040K, 21% used [0x0000000082000000,0x0000000084027dc0,0x000000008b380000)
 Metaspace       used 69333K, capacity 70672K, committed 71168K, reserved 1112064K
  class space    used 7951K, capacity 8341K, committed 8448K, reserved 1048576K
}
Event: 601.774 GC heap before
{Heap before GC invocations=21 (full 3):
 PSYoungGen      total 159232K, used 152917K [0x00000000d6000000, 0x00000000e2380000, 0x0000000100000000)
  eden space 141312K, 100% used [0x00000000d6000000,0x00000000dea00000,0x00000000dea00000)
  from space 17920K, 64% used [0x00000000dea00000,0x00000000df555730,0x00000000dfb80000)
  to   space 17920K, 0% used [0x00000000e1200000,0x00000000e1200000,0x00000000e2380000)
 ParOldGen       total 151040K, used 32927K [0x0000000082000000, 0x000000008b380000, 0x00000000d6000000)
  object space 151040K, 21% used [0x0000000082000000,0x0000000084027dc0,0x000000008b380000)
 Metaspace       used 70675K, capacity 72140K, committed 72576K, reserved 1114112K
  class space    used 8073K, capacity 8463K, committed 8576K, reserved 1048576K
Event: 601.785 GC heap after
Heap after GC invocations=21 (full 3):
 PSYoungGen      total 174080K, used 10429K [0x00000000d6000000, 0x00000000e1f00000, 0x0000000100000000)
  eden space 160768K, 0% used [0x00000000d6000000,0x00000000d6000000,0x00000000dfd00000)
  from space 13312K, 78% used [0x00000000e1200000,0x00000000e1c2f790,0x00000000e1f00000)
  to   space 17408K, 0% used [0x00000000dfd00000,0x00000000dfd00000,0x00000000e0e00000)
 ParOldGen       total 151040K, used 32935K [0x0000000082000000, 0x000000008b380000, 0x00000000d6000000)
  object space 151040K, 21% used [0x0000000082000000,0x0000000084029dc0,0x000000008b380000)
 Metaspace       used 70675K, capacity 72140K, committed 72576K, reserved 1114112K
  class space    used 8073K, capacity 8463K, committed 8576K, reserved 1048576K
}
Event: 894.766 GC heap before
{Heap before GC invocations=22 (full 3):
 PSYoungGen      total 174080K, used 171197K [0x00000000d6000000, 0x00000000e1f00000, 0x0000000100000000)
  eden space 160768K, 100% used [0x00000000d6000000,0x00000000dfd00000,0x00000000dfd00000)
  from space 13312K, 78% used [0x00000000e1200000,0x00000000e1c2f790,0x00000000e1f00000)
  to   space 17408K, 0% used [0x00000000dfd00000,0x00000000dfd00000,0x00000000e0e00000)
 ParOldGen       total 151040K, used 32935K [0x0000000082000000, 0x000000008b380000, 0x00000000d6000000)
  object space 151040K, 21% used [0x0000000082000000,0x0000000084029dc0,0x000000008b380000)
 Metaspace       used 71793K, capacity 73332K, committed 73600K, reserved 1114112K
  class space    used 8132K, capacity 8539K, committed 8576K, reserved 1048576K
Event: 894.777 GC heap after
Heap after GC invocations=22 (full 3):
 PSYoungGen      total 167936K, used 11274K [0x00000000d6000000, 0x00000000e1a80000, 0x0000000100000000)
  eden space 156160K, 0% used [0x00000000d6000000,0x00000000d6000000,0x00000000df880000)
  from space 11776K, 95% used [0x00000000dfd00000,0x00000000e0802b70,0x00000000e0880000)
  to   space 17408K, 0% used [0x00000000e0980000,0x00000000e0980000,0x00000000e1a80000)
 ParOldGen       total 151040K, used 32943K [0x0000000082000000, 0x000000008b380000, 0x00000000d6000000)
  object space 151040K, 21% used [0x0000000082000000,0x000000008402bdc0,0x000000008b380000)
 Metaspace       used 71793K, capacity 73332K, committed 73600K, reserved 1114112K
  class space    used 8132K, capacity 8539K, committed 8576K, reserved 1048576K
}

Deoptimization events (10 events):
Event: 529.256 Thread 0x000000001b213800 Uncommon trap: reason=null_check action=make_not_entrant pc=0x000000000466d37c method=com.zeroturnaround.jrebelbase.facade.h.convertArgument(Ljava/lang/Object;Ljava/lang/Class;)Ljava/lang/Object; @ 16
Event: 529.270 Thread 0x000000001b213800 Uncommon trap: reason=unreached action=reinterpret pc=0x000000000441e900 method=org.springframework.util.ConcurrentReferenceHashMap$Segment.restructureIfNecessary(Z)V @ 33
Event: 533.987 Thread 0x0000000022200000 Uncommon trap: reason=unreached action=reinterpret pc=0x00000000044dc16c method=com.zeroturnaround.javarebel.gwh.hasNext()Z @ 27
Event: 533.999 Thread 0x0000000022200000 Uncommon trap: reason=bimorphic action=maybe_recompile pc=0x000000000423dbe4 method=com.zeroturnaround.jrebelbase.facade.h.convertArgument(Ljava/lang/Object;Ljava/lang/Class;)Ljava/lang/Object; @ 79
Event: 533.999 Thread 0x0000000022200000 Uncommon trap: reason=bimorphic action=maybe_recompile pc=0x000000000423dbe4 method=com.zeroturnaround.jrebelbase.facade.h.convertArgument(Ljava/lang/Object;Ljava/lang/Class;)Ljava/lang/Object; @ 79
Event: 534.011 Thread 0x000000001d721800 Uncommon trap: reason=class_check action=maybe_recompile pc=0x00000000038bae20 method=com.zeroturnaround.jrebelbase.facade.g.compareObject(Lcom/zeroturnaround/jrebelbase/h;Lcom/zeroturnaround/jrebelbase/h;)Z @ 47
Event: 679.346 Thread 0x000000001d72a800 Uncommon trap: reason=unreached action=reinterpret pc=0x0000000003d967a0 method=com.zeroturnaround.javarebel.fxs.a(Ljava/lang/Object;)Lcom/zeroturnaround/javarebel/fxr; @ 145
Event: 812.464 Thread 0x000000001d72f000 Uncommon trap: reason=unreached action=reinterpret pc=0x0000000003d688d0 method=org.mariadb.jdbc.internal.queryresults.ColumnNameMap.getLabelIndex(Ljava/lang/String;)I @ 4
Event: 812.465 Thread 0x000000001d72f000 Uncommon trap: reason=unloaded action=reinterpret pc=0x0000000004243828 method=org.apache.ibatis.logging.jdbc.ResultSetLogger.invoke(Ljava/lang/Object;Ljava/lang/reflect/Method;[Ljava/lang/Object;)Ljava/lang/Object; @ 120
Event: 1036.082 Thread 0x000000001d720000 Uncommon trap: reason=null_check action=make_not_entrant pc=0x00000000049a940c method=org.apache.ibatis.executor.resultset.DefaultResultSetHandler.createAutomaticMappings(Lorg/apache/ibatis/executor/resultset/ResultSetWrapper;Lorg/apache/ibatis/mapping/Res£¤áàŠ€@

Internal exceptions (10 events):
Event: 676.996 Thread 0x000000001d729800 Exception <a 'java/security/PrivilegedActionException'> (0x00000000d8522840) thrown at [D:\re\workspace\8-2-build-windows-amd64-cygwin\jdk8u20\1074\hotspot\src\share\vm\prims\jvm.cpp, line 1275]
Event: 676.998 Thread 0x000000001d729800 Exception <a 'java/security/PrivilegedActionException'> (0x00000000d8541bf0) thrown at [D:\re\workspace\8-2-build-windows-amd64-cygwin\jdk8u20\1074\hotspot\src\share\vm\prims\jvm.cpp, line 1275]
Event: 677.169 Thread 0x000000001d729800 Exception <a 'java/security/PrivilegedActionException'> (0x00000000d8677b30) thrown at [D:\re\workspace\8-2-build-windows-amd64-cygwin\jdk8u20\1074\hotspot\src\share\vm\prims\jvm.cpp, line 1275]
Event: 677.224 Thread 0x000000001d729800 Exception <a 'java/security/PrivilegedActionException'> (0x00000000d8735f70) thrown at [D:\re\workspace\8-2-build-windows-amd64-cygwin\jdk8u20\1074\hotspot\src\share\vm\prims\jvm.cpp, line 1275]
Event: 679.343 Thread 0x000000001d72a800 Exception <a 'java/security/PrivilegedActionException'> (0x00000000d90e5e20) thrown at [D:\re\workspace\8-2-build-windows-amd64-cygwin\jdk8u20\1074\hotspot\src\share\vm\prims\jvm.cpp, line 1275]
Event: 812.464 Thread 0x000000001d72f000 Implicit null exception at 0x0000000003d67ef0 to 0x0000000003d688b9
Event: 815.547 Thread 0x000000001d729000 Exception <a 'java/security/PrivilegedActionException'> (0x00000000dd7dd398) thrown at [D:\re\workspace\8-2-build-windows-amd64-cygwin\jdk8u20\1074\hotspot\src\share\vm\prims\jvm.cpp, line 1275]
Event: 894.648 Thread 0x000000001d72a800 Exception <a 'java/security/PrivilegedActionException'> (0x00000000dfa56408) thrown at [D:\re\workspace\8-2-build-windows-amd64-cygwin\jdk8u20\1074\hotspot\src\share\vm\prims\jvm.cpp, line 1275]
Event: 1036.082 Thread 0x000000001d720000 Implicit null exception at 0x00000000049a8cb3 to 0x00000000049a9401
Event: 1036.491 Thread 0x000000001d720000 Exception <a 'java/security/PrivilegedActionException'> (0x00000000d81d7ea0) thrown at [D:\re\workspace\8-2-build-windows-amd64-cygwin\jdk8u20\1074\hotspot\src\share\vm\prims\jvm.cpp, line 1275]

Events (10 events):
Event: 1109.804 Thread 0x000000001b691000 flushing nmethod 0x0000000004961e10
Event: 1109.805 Thread 0x000000001b691000 flushing nmethod 0x00000000049d2710
Event: 1109.822 Thread 0x000000001b690000 flushing nmethod 0x0000000004b23910
Event: 1109.822 Thread 0x000000001b690000 flushing nmethod 0x0000000004b8bb90
Event: 1109.822 Thread 0x000000001b690000 flushing nmethod 0x0000000004b98190
Event: 1109.822 Thread 0x000000001b690000 flushing nmethod 0x0000000004bbc350
Event: 1109.823 Thread 0x000000001b690000 flushing nmethod 0x0000000004c61350
Event: 1109.823 Thread 0x000000001b690000 flushing nmethod 0x0000000004c642d0
Event: 1109.823 Thread 0x000000001b690000 flushing nmethod 0x0000000004c95710
Event: 1109.823 Thread 0x000000001b690000 flushing nmethod 0x0000000004c99050


Dynamic libraries:
0x00007ff6e2550000 - 0x00007ff6e2584000 	C:\Program Files\Java\jdk1.8.0_20\jre\bin\javaw.exe
0x00007ff8f9570000 - 0x00007ff8f9751000 	C:\WINDOWS\SYSTEM32\ntdll.dll
0x00007ff8f8de0000 - 0x00007ff8f8e92000 	C:\WINDOWS\System32\KERNEL32.DLL
0x00007ff8f5cf0000 - 0x00007ff8f5f63000 	C:\WINDOWS\System32\KERNELBASE.dll
0x00007ff8f6e40000 - 0x00007ff8f6ee1000 	C:\WINDOWS\System32\ADVAPI32.dll
0x00007ff8f6fc0000 - 0x00007ff8f705e000 	C:\WINDOWS\System32\msvcrt.dll
0x00007ff8f93d0000 - 0x00007ff8f942b000 	C:\WINDOWS\System32\sechost.dll
0x00007ff8f6a90000 - 0x00007ff8f6bb4000 	C:\WINDOWS\System32\RPCRT4.dll
0x00007ff8f89e0000 - 0x00007ff8f8b70000 	C:\WINDOWS\System32\USER32.dll
0x00007ff8f6680000 - 0x00007ff8f66a0000 	C:\WINDOWS\System32\win32u.dll
0x00007ff8f9430000 - 0x00007ff8f9458000 	C:\WINDOWS\System32\GDI32.dll
0x00007ff8f5b50000 - 0x00007ff8f5ce2000 	C:\WINDOWS\System32\gdi32full.dll
0x00007ff8f6720000 - 0x00007ff8f67bf000 	C:\WINDOWS\System32\msvcp_win.dll
0x00007ff8f59a0000 - 0x00007ff8f5a9a000 	C:\WINDOWS\System32\ucrtbase.dll
0x00007ff8ea050000 - 0x00007ff8ea2b9000 	C:\WINDOWS\WinSxS\amd64_microsoft.windows.common-controls_6595b64144ccf1df_6.0.17134.285_none_fb4297e330656775\COMCTL32.dll
0x00007ff8f8f40000 - 0x00007ff8f9263000 	C:\WINDOWS\System32\combase.dll
0x00007ff8f66a0000 - 0x00007ff8f671a000 	C:\WINDOWS\System32\bcryptPrimitives.dll
0x00007ff8f6a00000 - 0x00007ff8f6a2d000 	C:\WINDOWS\System32\IMM32.DLL
0x000000005f810000 - 0x000000005f8e2000 	C:\Program Files\Java\jdk1.8.0_20\jre\bin\msvcr100.dll
0x000000005e0b0000 - 0x000000005e908000 	C:\Program Files\Java\jdk1.8.0_20\jre\bin\server\jvm.dll
0x00007ff8f6bc0000 - 0x00007ff8f6bc8000 	C:\WINDOWS\System32\PSAPI.DLL
0x00007ff8eaad0000 - 0x00007ff8eaaf3000 	C:\WINDOWS\SYSTEM32\WINMM.dll
0x00007ff8eb140000 - 0x00007ff8eb149000 	C:\WINDOWS\SYSTEM32\WSOCK32.dll
0x00007ff8f8b70000 - 0x00007ff8f8bdc000 	C:\WINDOWS\System32\WS2_32.dll
0x00007ff8eaaa0000 - 0x00007ff8eaaca000 	C:\WINDOWS\SYSTEM32\winmmbase.dll
0x00007ff8f67c0000 - 0x00007ff8f6809000 	C:\WINDOWS\System32\cfgmgr32.dll
0x000000005f800000 - 0x000000005f80f000 	C:\Program Files\Java\jdk1.8.0_20\jre\bin\verify.dll
0x000000005f7d0000 - 0x000000005f7f8000 	C:\Program Files\Java\jdk1.8.0_20\jre\bin\java.dll
0x00007ff8edd50000 - 0x00007ff8edd89000 	C:\fframe\eclipse\plugins\org.zeroturnaround.eclipse.embedder_2018.1.2.RELEASE\jrebel\lib\jrebel64.dll
0x00007ff8f7150000 - 0x00007ff8f8590000 	C:\WINDOWS\System32\SHELL32.dll
0x00007ff8f6f10000 - 0x00007ff8f6fb9000 	C:\WINDOWS\System32\shcore.dll
0x00007ff8f5f70000 - 0x00007ff8f667d000 	C:\WINDOWS\System32\windows.storage.dll
0x00007ff8f6d50000 - 0x00007ff8f6da1000 	C:\WINDOWS\System32\shlwapi.dll
0x00007ff8f58e0000 - 0x00007ff8f58f1000 	C:\WINDOWS\System32\kernel.appcore.dll
0x00007ff8f5920000 - 0x00007ff8f593f000 	C:\WINDOWS\System32\profapi.dll
0x00007ff8f5890000 - 0x00007ff8f58dc000 	C:\WINDOWS\System32\powrprof.dll
0x00007ff8f5880000 - 0x00007ff8f588a000 	C:\WINDOWS\System32\FLTLIB.DLL
0x00007ff8f4f50000 - 0x00007ff8f4f5b000 	C:\WINDOWS\SYSTEM32\CRYPTBASE.DLL
0x000000005f7b0000 - 0x000000005f7c6000 	C:\Program Files\Java\jdk1.8.0_20\jre\bin\zip.dll
0x000000005f7a0000 - 0x000000005f7ad000 	C:\Program Files\Java\jdk1.8.0_20\jre\bin\management.dll
0x000000005f780000 - 0x000000005f79a000 	C:\Program Files\Java\jdk1.8.0_20\jre\bin\net.dll
0x00007ff8f4da0000 - 0x00007ff8f4e06000 	C:\WINDOWS\system32\mswsock.dll
0x000000005f760000 - 0x000000005f771000 	C:\Program Files\Java\jdk1.8.0_20\jre\bin\nio.dll
0x000000005f730000 - 0x000000005f754000 	C:\Program Files\Java\jdk1.8.0_20\jre\bin\sunec.dll
0x00007ff8f0140000 - 0x00007ff8f015b000 	C:\Users\psh000\AppData\Local\Temp\jrebel-temp\ver-29d5df4e\IdeaWin64.dll
0x000000005f720000 - 0x000000005f72b000 	C:\Program Files\Java\jdk1.8.0_20\jre\bin\sunmscapi.dll
0x00007ff8f6810000 - 0x00007ff8f69f2000 	C:\WINDOWS\System32\CRYPT32.dll
0x00007ff8f5900000 - 0x00007ff8f5912000 	C:\WINDOWS\System32\MSASN1.dll
0x00007ff8f55a0000 - 0x00007ff8f55b7000 	C:\WINDOWS\SYSTEM32\CRYPTSP.dll
0x00007ff8f4980000 - 0x00007ff8f49b3000 	C:\WINDOWS\system32\rsaenh.dll
0x00007ff8f5570000 - 0x00007ff8f5595000 	C:\WINDOWS\SYSTEM32\bcrypt.dll
0x00007ff8f57b0000 - 0x00007ff8f57d8000 	C:\WINDOWS\SYSTEM32\USERENV.dll
0x00007ff8f4b20000 - 0x00007ff8f4b58000 	C:\WINDOWS\SYSTEM32\IPHLPAPI.DLL
0x00007ff8f6db0000 - 0x00007ff8f6db8000 	C:\WINDOWS\System32\NSI.dll
0x00007ff8ef100000 - 0x00007ff8ef116000 	C:\WINDOWS\SYSTEM32\dhcpcsvc6.DLL
0x00007ff8ef350000 - 0x00007ff8ef36a000 	C:\WINDOWS\SYSTEM32\dhcpcsvc.DLL
0x00007ff8dfcb0000 - 0x00007ff8dfcc6000 	C:\WINDOWS\system32\napinsp.dll
0x00007ff8df5d0000 - 0x00007ff8df5ea000 	C:\WINDOWS\system32\pnrpnsp.dll
0x00007ff8f2470000 - 0x00007ff8f2489000 	C:\WINDOWS\system32\NLAapi.dll
0x00007ff8f4b60000 - 0x00007ff8f4c1e000 	C:\WINDOWS\SYSTEM32\DNSAPI.dll
0x00007ff8eac50000 - 0x00007ff8eac5e000 	C:\WINDOWS\System32\winrnr.dll
0x00007ff8eda10000 - 0x00007ff8eda1a000 	C:\Windows\System32\rasadhlp.dll
0x00007ff8edf00000 - 0x00007ff8edf72000 	C:\WINDOWS\System32\fwpuclnt.dll
0x00007ff8f53a0000 - 0x00007ff8f5569000 	C:\WINDOWS\SYSTEM32\dbghelp.dll

VM Arguments:
jvm_args: -Dcom.sun.management.jmxremote -Dcom.sun.management.jmxremote.port=8729 -Dcom.sun.management.jmxremote.authenticate=false -Dcom.sun.management.jmxremote.ssl=false -Djava.rmi.server.hostname=localhost -Dspring.liveBeansView.mbeanDomain -Dspring.application.admin.enabled=true -Drebel.base=C:\Users\psh000\.jrebel -Drebel.env.ide.plugin.version=2018.1.2 -Drebel.env.ide.version=4.6.3 -Drebel.env.ide.product=Eclipse -Drebel.env.ide=eclipse -Drebel.notification.url=http://localhost:17434 -Drebel.workspace.path=C:\fframe\workspace -Drebel.properties=C:\Users\psh000\.jrebel\jrebel.properties -agentpath:C:\fframe\eclipse\plugins\org.zeroturnaround.eclipse.embedder_2018.1.2.RELEASE\jrebel\lib\jrebel64.dll -Dfile.encoding=UTF-8 
java_command: net.pmosoft.subtitle.SubtitlestudyApplication
java_class_path (initial): C:\fframe\workspace\subtitlestudy\target\classes;C:\fframe\maven\repository\org\springframework\boot\spring-boot-starter-web\1.5.4.RELEASE\spring-boot-starter-web-1.5.4.RELEASE.jar;C:\fframe\maven\repository\org\springframework\boot\spring-boot-starter\1.5.4.RELEASE\spring-boot-starter-1.5.4.RELEASE.jar;C:\fframe\maven\repository\org\springframework\boot\spring-boot\1.5.4.RELEASE\spring-boot-1.5.4.RELEASE.jar;C:\fframe\maven\repository\org\springframework\boot\spring-boot-autoconfigure\1.5.4.RELEASE\spring-boot-autoconfigure-1.5.4.RELEASE.jar;C:\fframe\maven\repository\org\springframework\boot\spring-boot-starter-logging\1.5.4.RELEASE\spring-boot-starter-logging-1.5.4.RELEASE.jar;C:\fframe\maven\repository\ch\qos\logback\logback-classic\1.1.11\logback-classic-1.1.11.jar;C:\fframe\maven\repository\ch\qos\logback\logback-core\1.1.11\logback-core-1.1.11.jar;C:\fframe\maven\repository\org\slf4j\jcl-over-slf4j\1.7.25\jcl-over-slf4j-1.7.25.jar;C:\fframe\maven\repository\org\slf4j\jul-to-slf4j\1.7.25\jul-to-slf4j-1.7.25.jar;C:\fframe\maven\repository\org\slf4j\log4j-over-slf4j\1.7.25\log4j-over-slf4j-1.7.25.jar;C:\fframe\maven\repository\org\yaml\snakeyaml\1.17\snakeyaml-1.17.jar;C:\fframe\maven\repository\org\springframework\boot\spring-boot-starter-tomcat\1.5.4.RELEASE\spring-boot-starter-tomcat-1.5.4.RELEASE.jar;C:\fframe\maven\repository\org\apache\tomcat\embed\tomcat-embed-core\8.5.15\tomcat-embed-core-8.5.15.jar;C:\fframe\maven\repository\org\apache\tomcat\embed\tomcat-embed-websocket\8.5.15\tomcat-embed-websocket-8.5.15.jar;C:\fframe\maven\repository\org\hibernate\hibernate-validator\5.3.5.Final\hibernate-validator-5.3.5.Final.jar;C:\fframe\maven\repository\javax\validation\validation-api\1.1.0.Final\validation-api-1.1.0.Final.jar;C:\fframe\maven\repository\org\jboss\logging\jboss-logging\3.3.1.Final\jboss-logging-3.3.1.Final.jar;C:\fframe\maven\repository\com\fasterxml\classmate\1.3.3\classmate-1.3.3.jar;C:\fframe\maven\repository\com\f
Launcher Type: SUN_STANDARD

Environment Variables:
PATH=C:/Program Files/Java/jre1.8.0_171/bin/server;C:/Program Files/Java/jre1.8.0_171/bin;C:/Program Files/Java/jre1.8.0_171/lib/amd64;C:\Program Files (x86)\Common Files\Oracle\Java\javapath;C:\ProgramData\Oracle\Java\javapath;C:\Windows\system32;C:\Windows;C:\Windows\System32\Wbem;C:\Windows\System32\WindowsPowerShell\v1.0\;C:\Program Files (x86)\NVIDIA Corporation\PhysX\Common;C:\WINDOWS\system32;C:\WINDOWS;C:\WINDOWS\System32\Wbem;C:\WINDOWS\System32\WindowsPowerShell\v1.0\;C:\Program Files (x86)\IDM Computer Solutions\UltraEdit-32;C:\fframe\Sencha\Cmd\;C:\Program Files\nodejs\;C:\WINDOWS\System32\OpenSSH\;C:\Program Files\Microsoft VS Code\bin;C:\Users\psh000\AppData\Local\Microsoft\WindowsApps;C:\Users\psh000\AppData\Roaming\npm;C:\Users\psh000\AppData\Local\Microsoft\WindowsApps;C:\Program Files\Microsoft VS Code\bin;C:\Users\psh000\AppData\Local\Programs\Microsoft VS Code\bin;c:\fframe\eclipse;
USERNAME=psh000
OS=Windows_NT
PROCESSOR_IDENTIFIER=Intel64 Family 6 Model 142 Stepping 9, GenuineIntel



---------------  S Y S T E M  ---------------

OS: Windows 8.1 , 64 bit Build 9600 

CPU:total 4 (2 cores per cpu, 2 threads per core) family 6 model 142 stepping 9, cmov, cx8, fxsr, mmx, sse, sse2, sse3, ssse3, sse4.1, sse4.2, popcnt, avx, avx2, aes, clmul, erms, lzcnt, ht, tsc, tscinvbit, bmi1, bmi2

Memory: 4k page, physical 8251788k(1625012k free), swap 21358988k(11501064k free)

vm_info: Java HotSpot(TM) 64-Bit Server VM (25.20-b23) for windows-amd64 JRE (1.8.0_20-b26), built on Jul 30 2014 13:51:23 by "java_re" with MS VC++ 10.0 (VS2010)

time: Sun Sep 16 23:33:26 2018
elapsed time: 1188 seconds (0d 0h 19m 48s)

